0.1 0.5 0 0 0.0
··
··
··
··
··
··
··
··
··
··
··0.06997600304952063
0.15 0.5 0 0 0.0
··
··
··
··
··
··
··
··
··
··
··0.07594767061045982
0.2 0.5 0 0 0.0
··
··
··
··
··
··
··
··
··
··
··0.05117428551510415
0.1 0.5 0 0 0.0
··
··
··
··
··
··
··
··
··
··
··0.053261635121984015
0.15 0.5 0 0 0.0
··
··
··
··
··
··
··
··
··
··
··0.08941712064666835
0.2 0.5 0 0 0.0
··
··
··
··
··
··
··
··
··
··
··0.11359824892219986
0.1 0.5 0 0 0.0
··
··
··
··
··
··
··
··
··
··
··0.07077224231749076
0.15 0.5 0 0 0.0
··
··
··
··
··
··
··
··
··
··
··0.0705108387468473
0.2 0.5 0 0 0.0
··
··
··
··
··
··
··
··
··
··
··0.07942427240955573
0.1 0.5 0 0 0.0
··
··
··
··
··
··
··
··
··
··
··0.07311258125615375
0.15 0.5 0 0 0.0
··
··
··
··
··
··
··
··
··
··
··0.09330751917722303
0.2 0.5 0 0 0.0
··
··
··
··
··
··
··
··
··
··
··0.061348520068058
0.1 0.5 0 0 0.0
··
··
··
··
··
··
··
··
··
··
··0.072440980831047
0.15 0.5 0 0 0.0
··
··
··
··
··
··
··
··
··
··
··0.05322034155635319
0.2 0.5 0 0 0.0
··
··
··
··
··
··
··
··
··
··
··0.04195373698083592
0.1 0.5 0 0 0.0
··
··
··
··
··
··
··
··
··
··
··0.07480454158964868
0.15 0.5 0 0 0.0
··
··
··
··
··
··
··
··
··
··
··0.08078339636830349
0.2 0.5 0 0 0.0
··
··
··
··
··
··
··
··
··
··
··0.1299987376782912
0.1 0.5 0 0 0.0
··
··
··
··
··
··
··
··
··
··
··0.06338372696476856
0.15 0.5 0 0 0.0
··
··
··
··
··
··
··
··
··
··
··0.05466689215233682
0.2 0.5 0 0 0.0
··
··
··
··
··
··
··
··
··
··
··0.06821329715497194
0.1 0.5 0 0 0.0
··
··
··
··
··
··
··
··
··
··
··0.03196871997934532
0.15 0.5 0 0 0.0
··
··
··
··
··
··
··
··
··
··
··0.07722311810595295
0.2 0.5 0 0 0.0
··
··
··
··
··
··
··
··
··
··
··0.12273319614278055
0.1 0.5 0 0 0.0
··
··
··
··
··
··
··
··
··
··
··0.06102177930225456
0.15 0.5 0 0 0.0
··
··
··
··
··
··
··
··
··
··
··0.05000379418929774
0.2 0.5 0 0 0.0
··
··
··
··
··
··
··
··
··
··
··0.08027501989169264
0.1 0.5 0 0 0.0
··
··
··
··
··
··
··
··
··
··
··0.07597916073220629
0.15 0.5 0 0 0.0
··
··
··
··
··
··
··
··
··
··
··0.07103393502121073
0.2 0.5 0 0 0.0
··
··
··
··
··
··
··
··
··
··
··0.07242082709391091
0.1 0.5 0 0 0.0
··
··
··
··
··
··
··
··
··
··
··0.09376889736537361
0.1 0.75 0 0 0.0
··
··
··
··
··
··
··
··
··
··
··0.06354573358280079
0.1 1 0 0 0.0
··
··
··
··
··
··
··
··
··
··
··0.06639988821173293
0.1 0.5 0 0 0.0
··
··
··
··
··
··
··
··
··
··
··0.07035538244087312
0.1 0.75 0 0 0.0
··
··
··
··
··
··
··
··
··
··
··0.0903898255029592
0.1 1 0 0 0.0
··
··
··
··
··
··
··
··
··
··
··0.08701043047772293
0.1 0.5 0 0 0.0
··
··
··
··
··
··
··
··
··
··
··0.0828077518995882
0.1 0.75 0 0 0.0
··
··
··
··
··
··
··
··
··
··
··0.039628305618555626
0.1 1 0 0 0.0
··
··
··
··
··
··
··
··
··
··
··0.08333382713456042
0.1 0.5 0 0 0.0
··
··
··
··
··
··
··
··
··
··
··0.04646310439984836
0.1 0.75 0 0 0.0
··
··
··
··
··
··
··
··
··
··
··0.06270622450126968
0.1 1 0 0 0.0
··
··
··
··
··
··
··
··
··
··
··0.05938868193277169
0.1 0.5 0 0 0.0
··
··
··
··
··
··
··
··
··
··
··0.06540524726606231
0.1 0.75 0 0 0.0
··
··
··
··
··
··
··
··
··
··
··0.0656013901857494
0.1 1 0 0 0.0
··
··
··
··
··
··
··
··
··
··
··0.062041714177583966
0.1 0.5 0 0 0.0
··
··
··
··
··
··
··
··
··
··
··0.04368232309202253
0.1 0.75 0 0 0.0
··
··
··
··
··
··
··
··
··
··
··0.0658259705927915
0.1 1 0 0 0.0
··
··
··
··
··
··
··
··
··
··
··0.06183997653224949
0.1 0.5 0 0 0.0
··
··
··
··
··
··
··
··
··
··
··0.060594518567505105
0.1 0.75 0 0 0.0
··
··
··
··
··
··
··
··
··
··
··0.07046747401265264
0.1 1 0 0 0.0
··
··
··
··
··
··
··
··
··
··
··0.06168925999117039
0.1 0.5 0 0 0.0
··
··
··
··
··
··
··
··
··
··
··0.05980003334253509
0.1 0.75 0 0 0.0
··
··
··
··
··
··
··
··
··
··
··0.05346150991509715
0.1 1 0 0 0.0
··
··
··
··
··
··
··
··
··
··
··0.07696936040544321
0.1 0.5 0 0 0.0
··
··
··
··
··
··
··
··
··
··
··0.09216175352322005
0.1 0.75 0 0 0.0
··
··
··
··
··
··
··
··
··
··
··0.06251363260740249
0.1 1 0 0 0.0
··
··
··
··
··
··
··
··
··
··
··0.09277922582101343
0.1 0.5 0 0 0.0
··
··
··
··
··
··
··
··
··
··
··0.07538553182484636
0.1 0.75 0 0 0.0
··
··
··
··
··
··
··
··
··
··
··0.07647419074624981
0.1 1 0 0 0.0
··
··
··
··
··
··
··
··
··
··
··0.06113342069190527
0.1 0.5 0.1 0 0.0
··
··
··
··
··
··
··
··
··
··
··0.05935521537213526
0.1 0.5 1 0 0.0
··
··
··
··
··
··
··
··
··
··
··0.0753812235817456
0.1 0.5 2 0 0.0
··
··
··
··
··
··
··
··
··
··
··0.07930652329328439
0.1 0.5 0.1 0 0.0
··
··
··
··
··
··
··
··
··
··
··0.08501764359122335
0.1 0.5 1 0 0.0
··
··
··
··
··
··
··
··
··
··
··0.04238663602276948
0.1 0.5 2 0 0.0
··
··
··
··
··
··
··
··
··
··
··0.08633366938346505
0.1 0.5 0.1 0 0.0
··
··
··
··
··
··
··
··
··
··
··0.0659362700336417
0.1 0.5 1 0 0.0
··
··
··
··
··
··
··
··
··
··
··0.06175209529071347
0.1 0.5 2 0 0.0
··
··
··
··
··
··
··
··
··
··
··0.0958238141765042
0.1 0.5 0.1 0 0.0
··
··
··
··
··
··
··
··
··
··
··0.037345858521993375
0.1 0.5 1 0 0.0
··
··
··
··
··
··
··
··
··
··
··0.09568774927223926
0.1 0.5 2 0 0.0
··
··
··
··
··
··
··
··
··
··
··0.08953701215639924
0.1 0.5 0.1 0 0.0
··
··
··
··
··
··
··
··
··
··
··0.06937788195633393
0.1 0.5 1 0 0.0
··
··
··
··
··
··
··
··
··
··
··0.06518117113849486
0.1 0.5 2 0 0.0
··
··
··
··
··
··
··
··
··
··
··0.0749614562137296
0.1 0.5 0.1 0 0.0
··
··
··
··
··
··
··
··
··
··
··0.08255645594225416
0.1 0.5 1 0 0.0
··
··
··
··
··
··
··
··
··
··
··0.05309938508911898
0.1 0.5 2 0 0.0
··
··
··
··
··
··
··
··
··
··
··0.06681218926742175
0.1 0.5 0.1 0 0.0
··
··
··
··
··
··
··
··
··
··
··0.07303344145260497
0.1 0.5 1 0 0.0
··
··
··
··
··
··
··
··
··
··
··0.07432441243994481
0.1 0.5 2 0 0.0
··
··
··
··
··
··
··
··
··
··
··0.07241173071501901
0.1 0.5 0.1 0 0.0
··
··
··
··
··
··
··
··
··
··
··0.09778421788631517
0.1 0.5 1 0 0.0
··
··
··
··
··
··
··
··
··
··
··0.08999681070080591
0.1 0.5 2 0 0.0
··
··
··
··
··
··
··
··
··
··
··0.057061677385371885
0.1 0.5 0.1 0 0.0
··
··
··
··
··
··
··
··
··
··
··0.07394884924834225
0.1 0.5 1 0 0.0
··
··
··
··
··
··
··
··
··
··
··0.06815428881770813
0.1 0.5 2 0 0.0
··
··
··
··
··
··
··
··
··
··
··0.06959033715906268
0.1 0.5 0.1 0 0.0
··
··
··
··
··
··
··
··
··
··
··0.09511027210795449
0.1 0.5 1 0 0.0
··
··
··
··
··
··
··
··
··
··
··0.06807625839094085
0.1 0.5 2 0 0.0
··
··
··
··
··
··
··
··
··
··
··0.08483718600712802
0.1 0.5 0 0.001 0.0
··
··
··
··
··
··
··
··
··
··
··0.016974969599991882
0.1 0.5 0 0.01 0.0
··
··
··
··
··
··
··
··
··
··
··0.07929929412675539
0.1 0.5 0 0.025 0.0
··
··
··
··
··
··
··
··
··
··
··0.08484897819787095
0.1 0.5 0 0.001 0.0
··
··
··
··
··
··
··
··
··
··
··0.08280681720697362
0.1 0.5 0 0.01 0.0
··
··
··
··
··
··
··
··
··
··
··0.06253096861768034
0.1 0.5 0 0.025 0.0
··
··
··
··
··
··
··
··
··
··
··0.09317931192935841
0.1 0.5 0 0.001 0.0
··
··
··
··
··
··
··
··
··
··
··0.056802072523535634
0.1 0.5 0 0.01 0.0
··
··
··
··
··
··
··
··
··
··
··0.07033228491384699
0.1 0.5 0 0.025 0.0
··
··
··
··
··
··
··
··
··
··
··0.0884983875934624
0.1 0.5 0 0.001 0.0
··
··
··
··
··
··
··
··
··
··
··0.06986278647444574
0.1 0.5 0 0.01 0.0
··
··
··
··
··
··
··
··
··
··
··0.054503247781721956
0.1 0.5 0 0.025 0.0
··
··
··
··
··
··
··
··
··
··
··0.08167150507536153
0.1 0.5 0 0.001 0.0
··
··
··
··
··
··
··
··
··
··
··0.08343493487417829
0.1 0.5 0 0.01 0.0
··
··
··
··
··
··
··
··
··
··
··0.07192088280519733
0.1 0.5 0 0.025 0.0
··
··
··
··
··
··
··
··
··
··
··0.05229975107652213
0.1 0.5 0 0.001 0.0
··
··
··
··
··
··
··
··
··
··
··0.06885784515329066
0.1 0.5 0 0.01 0.0
··
··
··
··
··
··
··
··
··
··
··0.06612820610276267
0.1 0.5 0 0.025 0.0
··
··
··
··
··
··
··
··
··
··
··0.0704120903831369
0.1 0.5 0 0.001 0.0
··
··
··
··
··
··
··
··
··
··
··0.07052120448853712
0.1 0.5 0 0.01 0.0
··
··
··
··
··
··
··
··
··
··
··0.08993205789216842
0.1 0.5 0 0.025 0.0
··
··
··
··
··
··
··
··
··
··
··0.0779609125098616
0.1 0.5 0 0.001 0.0
··
··
··
··
··
··
··
··
··
··
··0.09509333993617501
0.1 0.5 0 0.01 0.0
··
··
··
··
··
··
··
··
··
··
··0.06442522506564542
0.1 0.5 0 0.025 0.0
··
··
··
··
··
··
··
··
··
··
··0.07951142128872449
0.1 0.5 0 0.001 0.0
··
··
··
··
··
··
··
··
··
··
··0.06902863601364416
0.1 0.5 0 0.01 0.0
··
··
··
··
··
··
··
··
··
··
··0.05406723510084191
0.1 0.5 0 0.025 0.0
··
··
··
··
··
··
··
··
··
··
··0.06910162291347012
0.1 0.5 0 0.001 0.0
··
··
··
··
··
··
··
··
··
··
··0.062152500915554694
0.1 0.5 0 0.01 0.0
··
··
··
··
··
··
··
··
··
··
··0.07400452156155077
0.1 0.5 0 0.025 0.0
··
··
··
··
··
··
··
··
··
··
··0.06848927547155906
0.1 0.5 0 0 0.01
