import_Z=(array([[0.        , 0.        , 0.        , 0.5       , 0.        ,
        0.        , 0.5       , 0.        , 0.5       , 0.5       ,
        0.        , 0.        , 0.33333333, 0.        , 0.33333333,
        0.33333333, 0.        , 0.33333333, 0.33333333, 0.        ,
        0.25      , 0.25      , 0.25      , 0.2       ]]), array([[0.        , 0.        , 0.        , 0.48907388, 0.        ,
        0.        , 0.30141287, 0.        , 0.95049553, 0.69232535,
        0.        , 0.        , 0.37716751, 0.        , 0.37438536,
        0.32086358, 0.        , 0.2897205 , 0.24235154, 0.        ,
        0.34390687, 0.31147425, 0.28410509, 0.36301607]]))
import_P=(array([[0.        , 0.5       , 0.        , 0.        , 0.5       ,
        0.        , 0.        , 0.        , 0.5       , 0.        ,
        0.33333333, 0.        , 0.        , 0.33333333, 0.33333333,
        0.        , 0.33333333, 0.33333333, 0.        , 0.25      ,
        0.25      , 0.        , 0.25      , 0.2       ],
       [0.5       , 0.5       , 0.5       , 0.5       , 0.        ,
        0.        , 0.        , 0.        , 0.        , 0.        ,
        0.33333333, 0.33333333, 0.33333333, 0.33333333, 0.33333333,
        0.33333333, 0.        , 0.        , 0.        , 0.25      ,
        0.25      , 0.25      , 0.        , 0.2       ],
       [0.5       , 0.        , 0.        , 0.        , 0.5       ,
        0.5       , 0.5       , 0.        , 0.        , 0.        ,
        0.33333333, 0.33333333, 0.33333333, 0.        , 0.        ,
        0.        , 0.33333333, 0.33333333, 0.33333333, 0.25      ,
        0.25      , 0.25      , 0.25      , 0.2       ],
       [0.        , 0.        , 0.5       , 0.        , 0.        ,
        0.5       , 0.        , 1.        , 0.        , 0.5       ,
        0.        , 0.33333333, 0.        , 0.33333333, 0.        ,
        0.33333333, 0.33333333, 0.        , 0.33333333, 0.25      ,
        0.        , 0.25      , 0.25      , 0.2       ]]), array([[0.        , 0.43280423, 0.        , 0.        , 0.16278473,
        0.        , 0.        , 0.        , 0.04950447, 0.        ,
        0.25732888, 0.        , 0.        , 0.09351391, 0.03899808,
        0.        , 0.03933415, 0.05885825, 0.        , 0.08642125,
        0.03493325, 0.        , 0.02815912, 0.03028962],
       [0.654406  , 0.56719577, 0.67865934, 0.51092612, 0.        ,
        0.        , 0.        , 0.        , 0.        , 0.        ,
        0.62589163, 0.67675352, 0.51571884, 0.76621451, 0.58661656,
        0.53303555, 0.        , 0.        , 0.        , 0.59184496,
        0.47847912, 0.42589336, 0.        , 0.33152998],
       [0.345594  , 0.        , 0.        , 0.        , 0.83721527,
        0.69366563, 0.69858713, 0.        , 0.        , 0.        ,
        0.11677949, 0.10090274, 0.10711365, 0.        , 0.        ,
        0.        , 0.80332683, 0.65142125, 0.6400382 , 0.23531386,
        0.14268076, 0.13268565, 0.57509759, 0.1237144 ],
       [0.        , 0.        , 0.32134066, 0.        , 0.        ,
        0.30633437, 0.        , 1.        , 0.        , 0.30767465,
        0.        , 0.22234374, 0.        , 0.14027158, 0.        ,
        0.14610087, 0.15733902, 0.        , 0.11761026, 0.08641993,
        0.        , 0.12994674, 0.1126382 , 0.15144993]]))
arrayZ=[[[0.         0.         0.         0.5        0.         0.
   0.5        0.         0.5        0.5        0.         0.
   0.33333333 0.         0.33333333 0.33333333 0.         0.33333333
   0.33333333 0.         0.25       0.25       0.25       0.2       ]]

 [[0.         0.         0.         0.48907388 0.         0.
   0.30141287 0.         0.95049553 0.69232535 0.         0.
   0.37716751 0.         0.37438536 0.32086358 0.         0.2897205
   0.24235154 0.         0.34390687 0.31147425 0.28410509 0.36301607]]]
arrayP=[[[0.         0.5        0.         0.         0.5        0.
   0.         0.         0.5        0.         0.33333333 0.
   0.         0.33333333 0.33333333 0.         0.33333333 0.33333333
   0.         0.25       0.25       0.         0.25       0.2       ]
  [0.5        0.5        0.5        0.5        0.         0.
   0.         0.         0.         0.         0.33333333 0.33333333
   0.33333333 0.33333333 0.33333333 0.33333333 0.         0.
   0.         0.25       0.25       0.25       0.         0.2       ]
  [0.5        0.         0.         0.         0.5        0.5
   0.5        0.         0.         0.         0.33333333 0.33333333
   0.33333333 0.         0.         0.         0.33333333 0.33333333
   0.33333333 0.25       0.25       0.25       0.25       0.2       ]
  [0.         0.         0.5        0.         0.         0.5
   0.         1.         0.         0.5        0.         0.33333333
   0.         0.33333333 0.         0.33333333 0.33333333 0.
   0.33333333 0.25       0.         0.25       0.25       0.2       ]]

 [[0.         0.43280423 0.         0.         0.16278473 0.
   0.         0.         0.04950447 0.         0.25732888 0.
   0.         0.09351391 0.03899808 0.         0.03933415 0.05885825
   0.         0.08642125 0.03493325 0.         0.02815912 0.03028962]
  [0.654406   0.56719577 0.67865934 0.51092612 0.         0.
   0.         0.         0.         0.         0.62589163 0.67675352
   0.51571884 0.76621451 0.58661656 0.53303555 0.         0.
   0.         0.59184496 0.47847912 0.42589336 0.         0.33152998]
  [0.345594   0.         0.         0.         0.83721527 0.69366563
   0.69858713 0.         0.         0.         0.11677949 0.10090274
   0.10711365 0.         0.         0.         0.80332683 0.65142125
   0.6400382  0.23531386 0.14268076 0.13268565 0.57509759 0.1237144 ]
  [0.         0.         0.32134066 0.         0.         0.30633437
   0.         1.         0.         0.30767465 0.         0.22234374
   0.         0.14027158 0.         0.14610087 0.15733902 0.
   0.11761026 0.08641993 0.         0.12994674 0.1126382  0.15144993]]]
Z=[[[0.         0.         0.         0.5        0.         0.
   0.5        0.         0.5        0.5        0.         0.
   0.33333333 0.         0.33333333 0.33333333 0.         0.33333333
   0.33333333 0.         0.25       0.25       0.25       0.2       ]]

 [[0.         0.         0.         0.48907388 0.         0.
   0.30141287 0.         0.95049553 0.69232535 0.         0.
   0.37716751 0.         0.37438536 0.32086358 0.         0.2897205
   0.24235154 0.         0.34390687 0.31147425 0.28410509 0.36301607]]]
P=[[[0.         0.5        0.         0.         0.5        0.
   0.         0.         0.5        0.         0.33333333 0.
   0.         0.33333333 0.33333333 0.         0.33333333 0.33333333
   0.         0.25       0.25       0.         0.25       0.2       ]
  [0.5        0.5        0.5        0.5        0.         0.
   0.         0.         0.         0.         0.33333333 0.33333333
   0.33333333 0.33333333 0.33333333 0.33333333 0.         0.
   0.         0.25       0.25       0.25       0.         0.2       ]
  [0.5        0.         0.         0.         0.5        0.5
   0.5        0.         0.         0.         0.33333333 0.33333333
   0.33333333 0.         0.         0.         0.33333333 0.33333333
   0.33333333 0.25       0.25       0.25       0.25       0.2       ]
  [0.         0.         0.5        0.         0.         0.5
   0.         1.         0.         0.5        0.         0.33333333
   0.         0.33333333 0.         0.33333333 0.33333333 0.
   0.33333333 0.25       0.         0.25       0.25       0.2       ]]

 [[0.         0.43280423 0.         0.         0.16278473 0.
   0.         0.         0.04950447 0.         0.25732888 0.
   0.         0.09351391 0.03899808 0.         0.03933415 0.05885825
   0.         0.08642125 0.03493325 0.         0.02815912 0.03028962]
  [0.654406   0.56719577 0.67865934 0.51092612 0.         0.
   0.         0.         0.         0.         0.62589163 0.67675352
   0.51571884 0.76621451 0.58661656 0.53303555 0.         0.
   0.         0.59184496 0.47847912 0.42589336 0.         0.33152998]
  [0.345594   0.         0.         0.         0.83721527 0.69366563
   0.69858713 0.         0.         0.         0.11677949 0.10090274
   0.10711365 0.         0.         0.         0.80332683 0.65142125
   0.6400382  0.23531386 0.14268076 0.13268565 0.57509759 0.1237144 ]
  [0.         0.         0.32134066 0.         0.         0.30633437
   0.         1.         0.         0.30767465 0.         0.22234374
   0.         0.14027158 0.         0.14610087 0.15733902 0.
   0.11761026 0.08641993 0.         0.12994674 0.1126382  0.15144993]]]
M=1;N=2
