debugge1
debugge2
进入2
权重更新前[Parameter containing:
tensor([[ 0.4982, -0.3392,  0.3063,  0.5331, -0.3744, -0.3659,  0.1990, -0.2527,
         -0.4728,  0.2903],
        [ 0.0505, -0.2103, -0.4535, -0.4051, -0.5316, -0.1825,  0.0304, -0.5083,
         -0.5214,  0.0445],
        [ 0.3079,  0.2432,  0.3970,  0.1393,  0.4380, -0.0239, -0.0616,  0.4759,
         -0.2814,  0.1511],
        [-0.3780,  0.5078,  0.0993,  0.0342, -0.1302,  0.5208, -0.3578,  0.2458,
         -0.0616,  0.2339],
        [-0.4756, -0.0084, -0.1203,  0.1444,  0.0180, -0.1650,  0.2607, -0.3741,
          0.3864,  0.1424],
        [-0.5243,  0.0918,  0.0217,  0.4944,  0.3912, -0.0420, -0.4881,  0.0532,
         -0.4115,  0.5363],
        [-0.0993, -0.2123, -0.4817, -0.2517, -0.1740, -0.2070,  0.0164, -0.3760,
         -0.4445,  0.1064],
        [ 0.4489, -0.0166, -0.5437, -0.1928,  0.4739, -0.4478, -0.5194, -0.2863,
          0.2267,  0.0640],
        [-0.1596,  0.3954,  0.0846, -0.2597,  0.5455, -0.0175,  0.5356,  0.1797,
          0.0637, -0.5191],
        [ 0.4262,  0.0575, -0.0748, -0.0777, -0.2622, -0.0413, -0.0180, -0.0960,
         -0.0407,  0.1978]], requires_grad=True)]
Epoch 1: 内层更新后权重 = [tensor([[ 0.9750, -0.3086,  0.7115,  0.9149,  0.0394,  0.0304,  0.4946,  0.1894,
         -0.0542,  0.0520],
        [ 0.6845,  0.6871,  0.1891,  0.2045,  0.1375,  0.5018,  0.7575,  0.1913,
          0.1726,  0.7423],
        [-0.2795, -0.3420, -0.2629, -0.4630, -0.1791, -0.6519, -0.6385, -0.0603,
         -0.8402, -0.4774],
        [-0.9207, -0.1240, -0.4756, -0.5484, -0.5857, -0.1816, -0.7729, -0.3431,
         -0.5624, -0.3661],
        [-0.9435, -0.6949, -0.2033,  0.1216, -0.2166, -0.3056, -0.1866, -0.6027,
          0.2023, -0.5066],
        [-1.1187, -0.5910, -0.4670, -0.0850, -0.0857, -0.6482, -0.9670, -0.3216,
         -0.9522, -0.1646],
        [-0.5954, -0.9023, -0.5716, -0.1789, -0.7406, -0.4066, -0.1416, -0.4852,
         -0.7333, -0.4940],
        [-0.2481, -0.7821, -0.7063, -0.4053,  0.0658, -0.7908, -0.9380, -0.6911,
         -0.1294, -0.6864],
        [-0.8069, -0.3132, -0.4956, -0.8883,  0.0324, -0.5558, -0.0753, -0.5068,
         -0.6818, -1.1952],
        [ 1.0913,  0.6922,  0.5847,  0.5895,  0.3625,  0.6384,  0.6415,  0.5836,
          0.6254,  1.0278]])]
Epoch 1: 外层更新后权重 = [tensor([[ 0.9750, -0.3086,  0.7115,  0.9149,  0.0394,  0.0304,  0.4946,  0.1894,
         -0.0542,  0.0520],
        [ 0.6845,  0.6871,  0.1891,  0.2045,  0.1375,  0.5018,  0.7575,  0.1913,
          0.1726,  0.7423],
        [-0.2795, -0.3420, -0.2629, -0.4630, -0.1791, -0.6519, -0.6385, -0.0603,
         -0.8402, -0.4774],
        [-0.9207, -0.1240, -0.4756, -0.5484, -0.5857, -0.1816, -0.7729, -0.3431,
         -0.5624, -0.3661],
        [-0.9435, -0.6949, -0.2033,  0.1216, -0.2166, -0.3056, -0.1866, -0.6027,
          0.2023, -0.5066],
        [-1.1187, -0.5910, -0.4670, -0.0850, -0.0857, -0.6482, -0.9670, -0.3216,
         -0.9522, -0.1646],
        [-0.5954, -0.9023, -0.5716, -0.1789, -0.7406, -0.4066, -0.1416, -0.4852,
         -0.7333, -0.4940],
        [-0.2481, -0.7821, -0.7063, -0.4053,  0.0658, -0.7908, -0.9380, -0.6911,
         -0.1294, -0.6864],
        [-0.8069, -0.3132, -0.4956, -0.8883,  0.0324, -0.5558, -0.0753, -0.5068,
         -0.6818, -1.1952],
        [ 1.0913,  0.6922,  0.5847,  0.5895,  0.3625,  0.6384,  0.6415,  0.5836,
          0.6254,  1.0278]])]
权重更新前[Parameter containing:
tensor([[ 0.9750, -0.3086,  0.7115,  0.9149,  0.0394,  0.0304,  0.4946,  0.1894,
         -0.0542,  0.0520],
        [ 0.6845,  0.6871,  0.1891,  0.2045,  0.1375,  0.5018,  0.7575,  0.1913,
          0.1726,  0.7423],
        [-0.2795, -0.3420, -0.2629, -0.4630, -0.1791, -0.6519, -0.6385, -0.0603,
         -0.8402, -0.4774],
        [-0.9207, -0.1240, -0.4756, -0.5484, -0.5857, -0.1816, -0.7729, -0.3431,
         -0.5624, -0.3661],
        [-0.9435, -0.6949, -0.2033,  0.1216, -0.2166, -0.3056, -0.1866, -0.6027,
          0.2023, -0.5066],
        [-1.1187, -0.5910, -0.4670, -0.0850, -0.0857, -0.6482, -0.9670, -0.3216,
         -0.9522, -0.1646],
        [-0.5954, -0.9023, -0.5716, -0.1789, -0.7406, -0.4066, -0.1416, -0.4852,
         -0.7333, -0.4940],
        [-0.2481, -0.7821, -0.7063, -0.4053,  0.0658, -0.7908, -0.9380, -0.6911,
         -0.1294, -0.6864],
        [-0.8069, -0.3132, -0.4956, -0.8883,  0.0324, -0.5558, -0.0753, -0.5068,
         -0.6818, -1.1952],
        [ 1.0913,  0.6922,  0.5847,  0.5895,  0.3625,  0.6384,  0.6415,  0.5836,
          0.6254,  1.0278]], requires_grad=True)]
Epoch 2: 内层更新后权重 = [tensor([[ 1.3947, -0.5209,  0.9910,  1.1591,  0.3257,  0.2501,  0.6864,  0.4982,
          0.2762, -0.2996],
        [ 1.1264,  1.5340,  0.6807,  0.7172,  0.7123,  1.0586,  1.3571,  0.7500,
          0.7657,  1.0973],
        [-0.8294, -0.9211, -0.8113, -1.0156, -0.6986, -1.1543, -1.1649, -0.6266,
         -1.3824, -1.0598],
        [-1.4306, -0.7764, -1.0091, -1.0462, -1.0719, -0.7545, -1.2554, -0.8105,
         -0.9645, -0.9747],
        [-1.3220, -1.4039, -0.2251,  0.1728, -0.2526, -0.2825, -0.3868, -0.6544,
          0.0257, -1.1088],
        [-1.6001, -1.2537, -0.7436, -0.5391, -0.4902, -1.0424, -1.3066, -0.6882,
         -1.4658, -0.7853],
        [-1.0421, -1.6212, -0.6108, -0.1512, -1.2007, -0.4974, -0.2370, -0.6153,
         -0.9477, -1.1107],
        [-0.8025, -1.4549, -0.7904, -0.5693, -0.2421, -1.0019, -1.2499, -0.9996,
         -0.4233, -1.3420],
        [-1.4250, -0.9976, -1.0367, -1.3731, -0.5056, -1.0509, -0.5927, -1.1192,
         -1.2634, -1.7382],
        [ 1.6156,  1.0379,  1.0844,  1.0829,  0.8650,  1.1984,  1.1534,  1.0473,
          1.0854,  1.7799]])]
Epoch 2: 外层更新后权重 = [tensor([[ 1.3947, -0.5209,  0.9910,  1.1591,  0.3257,  0.2501,  0.6864,  0.4982,
          0.2762, -0.2996],
        [ 1.1264,  1.5340,  0.6807,  0.7172,  0.7123,  1.0586,  1.3571,  0.7500,
          0.7657,  1.0973],
        [-0.8294, -0.9211, -0.8113, -1.0156, -0.6986, -1.1543, -1.1649, -0.6266,
         -1.3824, -1.0598],
        [-1.4306, -0.7764, -1.0091, -1.0462, -1.0719, -0.7545, -1.2554, -0.8105,
         -0.9645, -0.9747],
        [-1.3220, -1.4039, -0.2251,  0.1728, -0.2526, -0.2825, -0.3868, -0.6544,
          0.0257, -1.1088],
        [-1.6001, -1.2537, -0.7436, -0.5391, -0.4902, -1.0424, -1.3066, -0.6882,
         -1.4658, -0.7853],
        [-1.0421, -1.6212, -0.6108, -0.1512, -1.2007, -0.4974, -0.2370, -0.6153,
         -0.9477, -1.1107],
        [-0.8025, -1.4549, -0.7904, -0.5693, -0.2421, -1.0019, -1.2499, -0.9996,
         -0.4233, -1.3420],
        [-1.4250, -0.9976, -1.0367, -1.3731, -0.5056, -1.0509, -0.5927, -1.1192,
         -1.2634, -1.7382],
        [ 1.6156,  1.0379,  1.0844,  1.0829,  0.8650,  1.1984,  1.1534,  1.0473,
          1.0854,  1.7799]])]
1---train=0.26972782611846924,test=0.28057223558425903
权重更新前[Parameter containing:
tensor([[ 1.3947, -0.5209,  0.9910,  1.1591,  0.3257,  0.2501,  0.6864,  0.4982,
          0.2762, -0.2996],
        [ 1.1264,  1.5340,  0.6807,  0.7172,  0.7123,  1.0586,  1.3571,  0.7500,
          0.7657,  1.0973],
        [-0.8294, -0.9211, -0.8113, -1.0156, -0.6986, -1.1543, -1.1649, -0.6266,
         -1.3824, -1.0598],
        [-1.4306, -0.7764, -1.0091, -1.0462, -1.0719, -0.7545, -1.2554, -0.8105,
         -0.9645, -0.9747],
        [-1.3220, -1.4039, -0.2251,  0.1728, -0.2526, -0.2825, -0.3868, -0.6544,
          0.0257, -1.1088],
        [-1.6001, -1.2537, -0.7436, -0.5391, -0.4902, -1.0424, -1.3066, -0.6882,
         -1.4658, -0.7853],
        [-1.0421, -1.6212, -0.6108, -0.1512, -1.2007, -0.4974, -0.2370, -0.6153,
         -0.9477, -1.1107],
        [-0.8025, -1.4549, -0.7904, -0.5693, -0.2421, -1.0019, -1.2499, -0.9996,
         -0.4233, -1.3420],
        [-1.4250, -0.9976, -1.0367, -1.3731, -0.5056, -1.0509, -0.5927, -1.1192,
         -1.2634, -1.7382],
        [ 1.6156,  1.0379,  1.0844,  1.0829,  0.8650,  1.1984,  1.1534,  1.0473,
          1.0854,  1.7799]], requires_grad=True)]
Epoch 3: 内层更新后权重 = [tensor([[ 1.8399, -0.5541,  1.2223,  1.3090,  0.5999,  0.4476,  0.8261,  0.7480,
          0.4966, -0.4653],
        [ 1.3748,  2.1226,  0.9868,  1.0506,  1.0670,  1.3425,  1.7467,  1.0729,
          1.0951,  1.3009],
        [-1.2478, -1.4009, -1.1942, -1.4343, -1.1081, -1.4899, -1.5282, -1.0754,
         -1.7751, -1.4878],
        [-1.8597, -1.3212, -1.4086, -1.3958, -1.4648, -1.1564, -1.6403, -1.1844,
         -1.2488, -1.4272],
        [-1.6334, -1.8800, -0.1431,  0.3087, -0.0741, -0.1716, -0.4464, -0.5682,
          0.0462, -1.5261],
        [-2.0760, -1.7880, -0.9631, -0.8273, -0.8277, -1.3309, -1.6108, -0.8807,
         -1.7739, -1.2809],
        [-1.4390, -2.1944, -0.5740, -0.1183, -1.5573, -0.5759, -0.2178, -0.6677,
         -1.0397, -1.5305],
        [-1.2336, -1.9796, -0.8001, -0.5891, -0.4913, -1.1640, -1.4869, -1.0841,
         -0.5630, -1.8299],
        [-1.9016, -1.4917, -1.3923, -1.7020, -0.8944, -1.3996, -0.9396, -1.5392,
         -1.6362, -2.1272],
        [ 1.8867,  1.1961,  1.3179,  1.3722,  1.1193,  1.5632,  1.4524,  1.3073,
          1.3500,  2.2484]])]
Epoch 3: 外层更新后权重 = [tensor([[ 1.8399, -0.5541,  1.2223,  1.3090,  0.5999,  0.4476,  0.8261,  0.7480,
          0.4966, -0.4653],
        [ 1.3748,  2.1226,  0.9868,  1.0506,  1.0670,  1.3425,  1.7467,  1.0729,
          1.0951,  1.3009],
        [-1.2478, -1.4009, -1.1942, -1.4343, -1.1081, -1.4899, -1.5282, -1.0754,
         -1.7751, -1.4878],
        [-1.8597, -1.3212, -1.4086, -1.3958, -1.4648, -1.1564, -1.6403, -1.1844,
         -1.2488, -1.4272],
        [-1.6334, -1.8800, -0.1431,  0.3087, -0.0741, -0.1716, -0.4464, -0.5682,
          0.0462, -1.5261],
        [-2.0760, -1.7880, -0.9631, -0.8273, -0.8277, -1.3309, -1.6108, -0.8807,
         -1.7739, -1.2809],
        [-1.4390, -2.1944, -0.5740, -0.1183, -1.5573, -0.5759, -0.2178, -0.6677,
         -1.0397, -1.5305],
        [-1.2336, -1.9796, -0.8001, -0.5891, -0.4913, -1.1640, -1.4869, -1.0841,
         -0.5630, -1.8299],
        [-1.9016, -1.4917, -1.3923, -1.7020, -0.8944, -1.3996, -0.9396, -1.5392,
         -1.6362, -2.1272],
        [ 1.8867,  1.1961,  1.3179,  1.3722,  1.1193,  1.5632,  1.4524,  1.3073,
          1.3500,  2.2484]])]
2---train=0.19477765262126923,test=0.2127813845872879
权重更新前[Parameter containing:
tensor([[ 1.8399, -0.5541,  1.2223,  1.3090,  0.5999,  0.4476,  0.8261,  0.7480,
          0.4966, -0.4653],
        [ 1.3748,  2.1226,  0.9868,  1.0506,  1.0670,  1.3425,  1.7467,  1.0729,
          1.0951,  1.3009],
        [-1.2478, -1.4009, -1.1942, -1.4343, -1.1081, -1.4899, -1.5282, -1.0754,
         -1.7751, -1.4878],
        [-1.8597, -1.3212, -1.4086, -1.3958, -1.4648, -1.1564, -1.6403, -1.1844,
         -1.2488, -1.4272],
        [-1.6334, -1.8800, -0.1431,  0.3087, -0.0741, -0.1716, -0.4464, -0.5682,
          0.0462, -1.5261],
        [-2.0760, -1.7880, -0.9631, -0.8273, -0.8277, -1.3309, -1.6108, -0.8807,
         -1.7739, -1.2809],
        [-1.4390, -2.1944, -0.5740, -0.1183, -1.5573, -0.5759, -0.2178, -0.6677,
         -1.0397, -1.5305],
        [-1.2336, -1.9796, -0.8001, -0.5891, -0.4913, -1.1640, -1.4869, -1.0841,
         -0.5630, -1.8299],
        [-1.9016, -1.4917, -1.3923, -1.7020, -0.8944, -1.3996, -0.9396, -1.5392,
         -1.6362, -2.1272],
        [ 1.8867,  1.1961,  1.3179,  1.3722,  1.1193,  1.5632,  1.4524,  1.3073,
          1.3500,  2.2484]], requires_grad=True)]
Epoch 4: 内层更新后权重 = [tensor([[ 2.2155, -0.3950,  1.3507,  1.4104,  0.8022,  0.5931,  1.0207,  0.9458,
          0.7328, -0.5766],
        [ 1.3909,  2.4041,  1.1365,  1.2425,  1.2710,  1.4768,  1.9329,  1.2113,
          1.2423,  1.3862],
        [-1.5174, -1.7146, -1.4896, -1.7326, -1.4155, -1.8243, -1.8501, -1.4118,
         -2.0675, -1.8131],
        [-2.1604, -1.6832, -1.6775, -1.6333, -1.7847, -1.5028, -1.9359, -1.4852,
         -1.3941, -1.7746],
        [-1.8464, -2.1295,  0.0205,  0.4495,  0.1878, -0.0328, -0.3878, -0.4787,
          0.1034, -1.7714],
        [-2.4177, -2.1331, -1.0293, -0.9964, -1.0712, -1.4676, -1.9081, -1.0134,
         -2.0118, -1.6580],
        [-1.7488, -2.5297, -0.4862, -0.0213, -1.8546, -0.5436, -0.0685, -0.6069,
         -1.0520, -1.8123],
        [-1.5336, -2.3028, -0.7505, -0.6046, -0.6507, -1.2255, -1.6288, -1.0810,
         -0.6077, -2.1935],
        [-2.2703, -1.8276, -1.6614, -1.9492, -1.2156, -1.6867, -1.2794, -1.8541,
         -1.9366, -2.4043],
        [ 2.0818,  1.2305,  1.4470,  1.5444,  1.2483,  1.8196,  1.6299,  1.4901,
          1.5112,  2.5696]])]
Epoch 4: 外层更新后权重 = [tensor([[ 2.2155, -0.3950,  1.3507,  1.4104,  0.8022,  0.5931,  1.0207,  0.9458,
          0.7328, -0.5766],
        [ 1.3909,  2.4041,  1.1365,  1.2425,  1.2710,  1.4768,  1.9329,  1.2113,
          1.2423,  1.3862],
        [-1.5174, -1.7146, -1.4896, -1.7326, -1.4155, -1.8243, -1.8501, -1.4118,
         -2.0675, -1.8131],
        [-2.1604, -1.6832, -1.6775, -1.6333, -1.7847, -1.5028, -1.9359, -1.4852,
         -1.3941, -1.7746],
        [-1.8464, -2.1295,  0.0205,  0.4495,  0.1878, -0.0328, -0.3878, -0.4787,
          0.1034, -1.7714],
        [-2.4177, -2.1331, -1.0293, -0.9964, -1.0712, -1.4676, -1.9081, -1.0134,
         -2.0118, -1.6580],
        [-1.7488, -2.5297, -0.4862, -0.0213, -1.8546, -0.5436, -0.0685, -0.6069,
         -1.0520, -1.8123],
        [-1.5336, -2.3028, -0.7505, -0.6046, -0.6507, -1.2255, -1.6288, -1.0810,
         -0.6077, -2.1935],
        [-2.2703, -1.8276, -1.6614, -1.9492, -1.2156, -1.6867, -1.2794, -1.8541,
         -1.9366, -2.4043],
        [ 2.0818,  1.2305,  1.4470,  1.5444,  1.2483,  1.8196,  1.6299,  1.4901,
          1.5112,  2.5696]])]
3---train=0.1627587527036667,test=0.1814447045326233
权重更新前[Parameter containing:
tensor([[ 2.2155, -0.3950,  1.3507,  1.4104,  0.8022,  0.5931,  1.0207,  0.9458,
          0.7328, -0.5766],
        [ 1.3909,  2.4041,  1.1365,  1.2425,  1.2710,  1.4768,  1.9329,  1.2113,
          1.2423,  1.3862],
        [-1.5174, -1.7146, -1.4896, -1.7326, -1.4155, -1.8243, -1.8501, -1.4118,
         -2.0675, -1.8131],
        [-2.1604, -1.6832, -1.6775, -1.6333, -1.7847, -1.5028, -1.9359, -1.4852,
         -1.3941, -1.7746],
        [-1.8464, -2.1295,  0.0205,  0.4495,  0.1878, -0.0328, -0.3878, -0.4787,
          0.1034, -1.7714],
        [-2.4177, -2.1331, -1.0293, -0.9964, -1.0712, -1.4676, -1.9081, -1.0134,
         -2.0118, -1.6580],
        [-1.7488, -2.5297, -0.4862, -0.0213, -1.8546, -0.5436, -0.0685, -0.6069,
         -1.0520, -1.8123],
        [-1.5336, -2.3028, -0.7505, -0.6046, -0.6507, -1.2255, -1.6288, -1.0810,
         -0.6077, -2.1935],
        [-2.2703, -1.8276, -1.6614, -1.9492, -1.2156, -1.6867, -1.2794, -1.8541,
         -1.9366, -2.4043],
        [ 2.0818,  1.2305,  1.4470,  1.5444,  1.2483,  1.8196,  1.6299,  1.4901,
          1.5112,  2.5696]], requires_grad=True)]
Epoch 5: 内层更新后权重 = [tensor([[ 2.4112, -0.2829,  1.4913,  1.4509,  0.9132,  0.6236,  1.0106,  1.0414,
          0.8411, -0.5967],
        [ 1.4003,  2.5454,  1.1875,  1.3482,  1.4113,  1.5334,  2.1009,  1.3272,
          1.3349,  1.3885],
        [-1.7316, -1.9669, -1.7103, -1.9751, -1.6978, -2.0702, -2.0889, -1.6890,
         -2.2796, -2.0403],
        [-2.3640, -1.9511, -1.8416, -1.7869, -2.0878, -1.7274, -2.2146, -1.6914,
         -1.4687, -2.0198],
        [-1.8979, -2.2962,  0.1698,  0.7035,  0.5544,  0.1865, -0.2479, -0.3190,
          0.2294, -1.9005],
        [-2.6181, -2.4072, -1.1125, -1.1606, -1.3772, -1.5682, -2.0704, -1.1330,
         -2.1771, -1.9360],
        [-1.8199, -2.7523, -0.3925,  0.0725, -1.9462, -0.5466,  0.0821, -0.5254,
         -0.9899, -1.9975],
        [-1.7078, -2.5318, -0.7165, -0.6052, -0.8692, -1.2580, -1.6736, -1.0663,
         -0.6294, -2.4240],
        [-2.4672, -2.0894, -1.8495, -2.1591, -1.5017, -1.8975, -1.5098, -2.1190,
         -2.1637, -2.6043],
        [ 2.1394,  1.3030,  1.5165,  1.6406,  1.2837,  2.0200,  1.7127,  1.5939,
          1.5889,  2.7779]])]
Epoch 5: 外层更新后权重 = [tensor([[ 2.4112, -0.2829,  1.4913,  1.4509,  0.9132,  0.6236,  1.0106,  1.0414,
          0.8411, -0.5967],
        [ 1.4003,  2.5454,  1.1875,  1.3482,  1.4113,  1.5334,  2.1009,  1.3272,
          1.3349,  1.3885],
        [-1.7316, -1.9669, -1.7103, -1.9751, -1.6978, -2.0702, -2.0889, -1.6890,
         -2.2796, -2.0403],
        [-2.3640, -1.9511, -1.8416, -1.7869, -2.0878, -1.7274, -2.2146, -1.6914,
         -1.4687, -2.0198],
        [-1.8979, -2.2962,  0.1698,  0.7035,  0.5544,  0.1865, -0.2479, -0.3190,
          0.2294, -1.9005],
        [-2.6181, -2.4072, -1.1125, -1.1606, -1.3772, -1.5682, -2.0704, -1.1330,
         -2.1771, -1.9360],
        [-1.8199, -2.7523, -0.3925,  0.0725, -1.9462, -0.5466,  0.0821, -0.5254,
         -0.9899, -1.9975],
        [-1.7078, -2.5318, -0.7165, -0.6052, -0.8692, -1.2580, -1.6736, -1.0663,
         -0.6294, -2.4240],
        [-2.4672, -2.0894, -1.8495, -2.1591, -1.5017, -1.8975, -1.5098, -2.1190,
         -2.1637, -2.6043],
        [ 2.1394,  1.3030,  1.5165,  1.6406,  1.2837,  2.0200,  1.7127,  1.5939,
          1.5889,  2.7779]])]
4---train=0.14775054156780243,test=0.1646329164505005
权重更新前[Parameter containing:
tensor([[ 2.4112, -0.2829,  1.4913,  1.4509,  0.9132,  0.6236,  1.0106,  1.0414,
          0.8411, -0.5967],
        [ 1.4003,  2.5454,  1.1875,  1.3482,  1.4113,  1.5334,  2.1009,  1.3272,
          1.3349,  1.3885],
        [-1.7316, -1.9669, -1.7103, -1.9751, -1.6978, -2.0702, -2.0889, -1.6890,
         -2.2796, -2.0403],
        [-2.3640, -1.9511, -1.8416, -1.7869, -2.0878, -1.7274, -2.2146, -1.6914,
         -1.4687, -2.0198],
        [-1.8979, -2.2962,  0.1698,  0.7035,  0.5544,  0.1865, -0.2479, -0.3190,
          0.2294, -1.9005],
        [-2.6181, -2.4072, -1.1125, -1.1606, -1.3772, -1.5682, -2.0704, -1.1330,
         -2.1771, -1.9360],
        [-1.8199, -2.7523, -0.3925,  0.0725, -1.9462, -0.5466,  0.0821, -0.5254,
         -0.9899, -1.9975],
        [-1.7078, -2.5318, -0.7165, -0.6052, -0.8692, -1.2580, -1.6736, -1.0663,
         -0.6294, -2.4240],
        [-2.4672, -2.0894, -1.8495, -2.1591, -1.5017, -1.8975, -1.5098, -2.1190,
         -2.1637, -2.6043],
        [ 2.1394,  1.3030,  1.5165,  1.6406,  1.2837,  2.0200,  1.7127,  1.5939,
          1.5889,  2.7779]], requires_grad=True)]
Epoch 6: 内层更新后权重 = [tensor([[ 2.5453, -0.1774,  1.5863,  1.3997,  1.0170,  0.6318,  0.9927,  1.1556,
          0.8980, -0.6032],
        [ 1.4067,  2.6662,  1.2658,  1.4853,  1.5333,  1.5823,  2.2151,  1.3828,
          1.4413,  1.4306],
        [-1.9066, -2.1736, -1.9225, -2.1795, -1.9422, -2.2952, -2.2896, -1.9862,
         -2.4617, -2.2205],
        [-2.5367, -2.2009, -1.9696, -1.8945, -2.3366, -1.9015, -2.4250, -1.8588,
         -1.5034, -2.2192],
        [-1.9157, -2.3601,  0.2768,  0.8762,  0.8064,  0.2975, -0.1489, -0.2351,
          0.3271, -1.9492],
        [-2.7700, -2.6257, -1.1352, -1.2550, -1.5847, -1.5940, -2.1933, -1.2347,
         -2.2726, -2.1544],
        [-1.8346, -2.9405, -0.3337,  0.1534, -1.9775, -0.5244,  0.2121, -0.4688,
         -0.9583, -2.1457],
        [-1.8017, -2.7106, -0.5997, -0.5959, -0.9376, -1.2649, -1.6751, -0.9638,
         -0.6434, -2.5822],
        [-2.6470, -2.3072, -1.9987, -2.3345, -1.7431, -2.0626, -1.7090, -2.3472,
         -2.3471, -2.7709],
        [ 2.1614,  1.2912,  1.5146,  1.6913,  1.2325,  2.1696,  1.7759,  1.6678,
          1.6243,  2.8895]])]
Epoch 6: 外层更新后权重 = [tensor([[ 2.5453, -0.1774,  1.5863,  1.3997,  1.0170,  0.6318,  0.9927,  1.1556,
          0.8980, -0.6032],
        [ 1.4067,  2.6662,  1.2658,  1.4853,  1.5333,  1.5823,  2.2151,  1.3828,
          1.4413,  1.4306],
        [-1.9066, -2.1736, -1.9225, -2.1795, -1.9422, -2.2952, -2.2896, -1.9862,
         -2.4617, -2.2205],
        [-2.5367, -2.2009, -1.9696, -1.8945, -2.3366, -1.9015, -2.4250, -1.8588,
         -1.5034, -2.2192],
        [-1.9157, -2.3601,  0.2768,  0.8762,  0.8064,  0.2975, -0.1489, -0.2351,
          0.3271, -1.9492],
        [-2.7700, -2.6257, -1.1352, -1.2550, -1.5847, -1.5940, -2.1933, -1.2347,
         -2.2726, -2.1544],
        [-1.8346, -2.9405, -0.3337,  0.1534, -1.9775, -0.5244,  0.2121, -0.4688,
         -0.9583, -2.1457],
        [-1.8017, -2.7106, -0.5997, -0.5959, -0.9376, -1.2649, -1.6751, -0.9638,
         -0.6434, -2.5822],
        [-2.6470, -2.3072, -1.9987, -2.3345, -1.7431, -2.0626, -1.7090, -2.3472,
         -2.3471, -2.7709],
        [ 2.1614,  1.2912,  1.5146,  1.6913,  1.2325,  2.1696,  1.7759,  1.6678,
          1.6243,  2.8895]])]
5---train=0.13909506797790527,test=0.1549777090549469
权重更新前[Parameter containing:
tensor([[ 2.5453, -0.1774,  1.5863,  1.3997,  1.0170,  0.6318,  0.9927,  1.1556,
          0.8980, -0.6032],
        [ 1.4067,  2.6662,  1.2658,  1.4853,  1.5333,  1.5823,  2.2151,  1.3828,
          1.4413,  1.4306],
        [-1.9066, -2.1736, -1.9225, -2.1795, -1.9422, -2.2952, -2.2896, -1.9862,
         -2.4617, -2.2205],
        [-2.5367, -2.2009, -1.9696, -1.8945, -2.3366, -1.9015, -2.4250, -1.8588,
         -1.5034, -2.2192],
        [-1.9157, -2.3601,  0.2768,  0.8762,  0.8064,  0.2975, -0.1489, -0.2351,
          0.3271, -1.9492],
        [-2.7700, -2.6257, -1.1352, -1.2550, -1.5847, -1.5940, -2.1933, -1.2347,
         -2.2726, -2.1544],
        [-1.8346, -2.9405, -0.3337,  0.1534, -1.9775, -0.5244,  0.2121, -0.4688,
         -0.9583, -2.1457],
        [-1.8017, -2.7106, -0.5997, -0.5959, -0.9376, -1.2649, -1.6751, -0.9638,
         -0.6434, -2.5822],
        [-2.6470, -2.3072, -1.9987, -2.3345, -1.7431, -2.0626, -1.7090, -2.3472,
         -2.3471, -2.7709],
        [ 2.1614,  1.2912,  1.5146,  1.6913,  1.2325,  2.1696,  1.7759,  1.6678,
          1.6243,  2.8895]], requires_grad=True)]
Epoch 7: 内层更新后权重 = [tensor([[ 2.6399, -0.1119,  1.6394,  1.3763,  1.0461,  0.6369,  0.9715,  1.2079,
          0.9613, -0.6105],
        [ 1.3934,  2.7251,  1.2974,  1.5834,  1.6344,  1.5928,  2.3089,  1.4491,
          1.4834,  1.4331],
        [-2.0247, -2.3494, -2.0673, -2.3463, -2.1124, -2.4411, -2.5006, -2.2166,
         -2.6142, -2.3783],
        [-2.6934, -2.4048, -2.0697, -1.9765, -2.5591, -2.0747, -2.6233, -1.9901,
         -1.5205, -2.3880],
        [-1.8945, -2.4202,  0.3480,  0.9983,  0.9658,  0.3898, -0.1276, -0.1838,
          0.3838, -2.0014],
        [-2.8731, -2.8136, -1.2018, -1.3289, -1.7454, -1.6316, -2.2957, -1.3318,
         -2.3244, -2.3248],
        [-1.8402, -3.0901, -0.2179,  0.2241, -1.9136, -0.4806,  0.3615, -0.4086,
         -0.9719, -2.2328],
        [-1.8776, -2.8526, -0.5155, -0.5899, -0.9814, -1.2452, -1.6627, -0.8589,
         -0.5747, -2.7037],
        [-2.7740, -2.4848, -2.1327, -2.4804, -1.9352, -2.1930, -1.8642, -2.5341,
         -2.4959, -2.9066],
        [ 2.1791,  1.3373,  1.5319,  1.7360,  1.2159,  2.2933,  1.8304,  1.7173,
          1.6632,  2.9896]])]
Epoch 7: 外层更新后权重 = [tensor([[ 2.6399, -0.1119,  1.6394,  1.3763,  1.0461,  0.6369,  0.9715,  1.2079,
          0.9613, -0.6105],
        [ 1.3934,  2.7251,  1.2974,  1.5834,  1.6344,  1.5928,  2.3089,  1.4491,
          1.4834,  1.4331],
        [-2.0247, -2.3494, -2.0673, -2.3463, -2.1124, -2.4411, -2.5006, -2.2166,
         -2.6142, -2.3783],
        [-2.6934, -2.4048, -2.0697, -1.9765, -2.5591, -2.0747, -2.6233, -1.9901,
         -1.5205, -2.3880],
        [-1.8945, -2.4202,  0.3480,  0.9983,  0.9658,  0.3898, -0.1276, -0.1838,
          0.3838, -2.0014],
        [-2.8731, -2.8136, -1.2018, -1.3289, -1.7454, -1.6316, -2.2957, -1.3318,
         -2.3244, -2.3248],
        [-1.8402, -3.0901, -0.2179,  0.2241, -1.9136, -0.4806,  0.3615, -0.4086,
         -0.9719, -2.2328],
        [-1.8776, -2.8526, -0.5155, -0.5899, -0.9814, -1.2452, -1.6627, -0.8589,
         -0.5747, -2.7037],
        [-2.7740, -2.4848, -2.1327, -2.4804, -1.9352, -2.1930, -1.8642, -2.5341,
         -2.4959, -2.9066],
        [ 2.1791,  1.3373,  1.5319,  1.7360,  1.2159,  2.2933,  1.8304,  1.7173,
          1.6632,  2.9896]])]
6---train=0.134272962808609,test=0.14980898797512054
权重更新前[Parameter containing:
tensor([[ 2.6399, -0.1119,  1.6394,  1.3763,  1.0461,  0.6369,  0.9715,  1.2079,
          0.9613, -0.6105],
        [ 1.3934,  2.7251,  1.2974,  1.5834,  1.6344,  1.5928,  2.3089,  1.4491,
          1.4834,  1.4331],
        [-2.0247, -2.3494, -2.0673, -2.3463, -2.1124, -2.4411, -2.5006, -2.2166,
         -2.6142, -2.3783],
        [-2.6934, -2.4048, -2.0697, -1.9765, -2.5591, -2.0747, -2.6233, -1.9901,
         -1.5205, -2.3880],
        [-1.8945, -2.4202,  0.3480,  0.9983,  0.9658,  0.3898, -0.1276, -0.1838,
          0.3838, -2.0014],
        [-2.8731, -2.8136, -1.2018, -1.3289, -1.7454, -1.6316, -2.2957, -1.3318,
         -2.3244, -2.3248],
        [-1.8402, -3.0901, -0.2179,  0.2241, -1.9136, -0.4806,  0.3615, -0.4086,
         -0.9719, -2.2328],
        [-1.8776, -2.8526, -0.5155, -0.5899, -0.9814, -1.2452, -1.6627, -0.8589,
         -0.5747, -2.7037],
        [-2.7740, -2.4848, -2.1327, -2.4804, -1.9352, -2.1930, -1.8642, -2.5341,
         -2.4959, -2.9066],
        [ 2.1791,  1.3373,  1.5319,  1.7360,  1.2159,  2.2933,  1.8304,  1.7173,
          1.6632,  2.9896]], requires_grad=True)]
Epoch 8: 内层更新后权重 = [tensor([[ 2.6864, -0.1040,  1.6809,  1.3390,  1.0793,  0.5669,  0.9082,  1.2466,
          0.9851, -0.5881],
        [ 1.4349,  2.8102,  1.3137,  1.6789,  1.7430,  1.5877,  2.3777,  1.4950,
          1.5178,  1.4355],
        [-2.1404, -2.5046, -2.2206, -2.4706, -2.2903, -2.6811, -2.6872, -2.3752,
         -2.7620, -2.5148],
        [-2.8430, -2.5795, -2.1723, -2.0658, -2.7674, -2.2233, -2.7784, -2.1103,
         -1.5608, -2.5377],
        [-1.8943, -2.4616,  0.3983,  1.1079,  1.0759,  0.4872, -0.1504, -0.1970,
          0.4212, -2.0392],
        [-2.9534, -2.9662, -1.1694, -1.3520, -1.8927, -1.6016, -2.3665, -1.4525,
         -2.3815, -2.4733],
        [-1.8019, -3.2212, -0.0843,  0.2494, -1.7968, -0.4547,  0.4928, -0.3280,
         -0.9612, -2.3132],
        [-1.9394, -2.9508, -0.4702, -0.5934, -0.9637, -1.1845, -1.6000, -0.7446,
         -0.5131, -2.8011],
        [-2.9025, -2.6471, -2.2682, -2.5729, -2.1327, -2.3306, -2.0110, -2.7053,
         -2.6144, -3.0386],
        [ 2.1806,  1.3415,  1.5577,  1.7671,  1.1698,  2.4519,  1.8890,  1.7755,
          1.7260,  3.0584]])]
Epoch 8: 外层更新后权重 = [tensor([[ 2.6864, -0.1040,  1.6809,  1.3390,  1.0793,  0.5669,  0.9082,  1.2466,
          0.9851, -0.5881],
        [ 1.4349,  2.8102,  1.3137,  1.6789,  1.7430,  1.5877,  2.3777,  1.4950,
          1.5178,  1.4355],
        [-2.1404, -2.5046, -2.2206, -2.4706, -2.2903, -2.6811, -2.6872, -2.3752,
         -2.7620, -2.5148],
        [-2.8430, -2.5795, -2.1723, -2.0658, -2.7674, -2.2233, -2.7784, -2.1103,
         -1.5608, -2.5377],
        [-1.8943, -2.4616,  0.3983,  1.1079,  1.0759,  0.4872, -0.1504, -0.1970,
          0.4212, -2.0392],
        [-2.9534, -2.9662, -1.1694, -1.3520, -1.8927, -1.6016, -2.3665, -1.4525,
         -2.3815, -2.4733],
        [-1.8019, -3.2212, -0.0843,  0.2494, -1.7968, -0.4547,  0.4928, -0.3280,
         -0.9612, -2.3132],
        [-1.9394, -2.9508, -0.4702, -0.5934, -0.9637, -1.1845, -1.6000, -0.7446,
         -0.5131, -2.8011],
        [-2.9025, -2.6471, -2.2682, -2.5729, -2.1327, -2.3306, -2.0110, -2.7053,
         -2.6144, -3.0386],
        [ 2.1806,  1.3415,  1.5577,  1.7671,  1.1698,  2.4519,  1.8890,  1.7755,
          1.7260,  3.0584]])]
7---train=0.13073194026947021,test=0.14486804604530334
权重更新前[Parameter containing:
tensor([[ 2.6864, -0.1040,  1.6809,  1.3390,  1.0793,  0.5669,  0.9082,  1.2466,
          0.9851, -0.5881],
        [ 1.4349,  2.8102,  1.3137,  1.6789,  1.7430,  1.5877,  2.3777,  1.4950,
          1.5178,  1.4355],
        [-2.1404, -2.5046, -2.2206, -2.4706, -2.2903, -2.6811, -2.6872, -2.3752,
         -2.7620, -2.5148],
        [-2.8430, -2.5795, -2.1723, -2.0658, -2.7674, -2.2233, -2.7784, -2.1103,
         -1.5608, -2.5377],
        [-1.8943, -2.4616,  0.3983,  1.1079,  1.0759,  0.4872, -0.1504, -0.1970,
          0.4212, -2.0392],
        [-2.9534, -2.9662, -1.1694, -1.3520, -1.8927, -1.6016, -2.3665, -1.4525,
         -2.3815, -2.4733],
        [-1.8019, -3.2212, -0.0843,  0.2494, -1.7968, -0.4547,  0.4928, -0.3280,
         -0.9612, -2.3132],
        [-1.9394, -2.9508, -0.4702, -0.5934, -0.9637, -1.1845, -1.6000, -0.7446,
         -0.5131, -2.8011],
        [-2.9025, -2.6471, -2.2682, -2.5729, -2.1327, -2.3306, -2.0110, -2.7053,
         -2.6144, -3.0386],
        [ 2.1806,  1.3415,  1.5577,  1.7671,  1.1698,  2.4519,  1.8890,  1.7755,
          1.7260,  3.0584]], requires_grad=True)]
Epoch 9: 内层更新后权重 = [tensor([[ 2.7752,  0.0276,  1.7599,  1.3148,  1.1114,  0.5436,  0.8458,  1.3322,
          1.0493, -0.5475],
        [ 1.4116,  2.8291,  1.3369,  1.7550,  1.7845,  1.5829,  2.4889,  1.5125,
          1.5500,  1.4726],
        [-2.2204, -2.6387, -2.3238, -2.5597, -2.3961, -2.8331, -2.8196, -2.5120,
         -2.8565, -2.6227],
        [-2.9631, -2.7426, -2.2407, -2.1741, -2.9159, -2.3491, -2.9221, -2.2110,
         -1.6367, -2.6615],
        [-1.7943, -2.4722,  0.4475,  1.2003,  1.1618,  0.5409, -0.0896, -0.1884,
          0.4491, -2.0184],
        [-3.0258, -3.1174, -1.1621, -1.3489, -1.9790, -1.5431, -2.4326, -1.4650,
         -2.3904, -2.5953],
        [-1.7421, -3.3343, -0.0199,  0.2788, -1.7417, -0.4568,  0.5494, -0.3387,
         -1.0098, -2.3659],
        [-1.9553, -3.0065, -0.3857, -0.5877, -0.9362, -1.1765, -1.5092, -0.6476,
         -0.4241, -2.8508],
        [-3.0089, -2.7881, -2.3437, -2.5917, -2.2568, -2.4198, -2.1123, -2.8378,
         -2.6715, -3.1457],
        [ 2.1034,  1.3155,  1.4984,  1.7715,  1.1129,  2.5505,  1.8600,  1.7707,
          1.7146,  3.0629]])]
Epoch 9: 外层更新后权重 = [tensor([[ 2.7752,  0.0276,  1.7599,  1.3148,  1.1114,  0.5436,  0.8458,  1.3322,
          1.0493, -0.5475],
        [ 1.4116,  2.8291,  1.3369,  1.7550,  1.7845,  1.5829,  2.4889,  1.5125,
          1.5500,  1.4726],
        [-2.2204, -2.6387, -2.3238, -2.5597, -2.3961, -2.8331, -2.8196, -2.5120,
         -2.8565, -2.6227],
        [-2.9631, -2.7426, -2.2407, -2.1741, -2.9159, -2.3491, -2.9221, -2.2110,
         -1.6367, -2.6615],
        [-1.7943, -2.4722,  0.4475,  1.2003,  1.1618,  0.5409, -0.0896, -0.1884,
          0.4491, -2.0184],
        [-3.0258, -3.1174, -1.1621, -1.3489, -1.9790, -1.5431, -2.4326, -1.4650,
         -2.3904, -2.5953],
        [-1.7421, -3.3343, -0.0199,  0.2788, -1.7417, -0.4568,  0.5494, -0.3387,
         -1.0098, -2.3659],
        [-1.9553, -3.0065, -0.3857, -0.5877, -0.9362, -1.1765, -1.5092, -0.6476,
         -0.4241, -2.8508],
        [-3.0089, -2.7881, -2.3437, -2.5917, -2.2568, -2.4198, -2.1123, -2.8378,
         -2.6715, -3.1457],
        [ 2.1034,  1.3155,  1.4984,  1.7715,  1.1129,  2.5505,  1.8600,  1.7707,
          1.7146,  3.0629]])]
8---train=0.12832313776016235,test=0.14523985981941223
权重更新前[Parameter containing:
tensor([[ 2.7752,  0.0276,  1.7599,  1.3148,  1.1114,  0.5436,  0.8458,  1.3322,
          1.0493, -0.5475],
        [ 1.4116,  2.8291,  1.3369,  1.7550,  1.7845,  1.5829,  2.4889,  1.5125,
          1.5500,  1.4726],
        [-2.2204, -2.6387, -2.3238, -2.5597, -2.3961, -2.8331, -2.8196, -2.5120,
         -2.8565, -2.6227],
        [-2.9631, -2.7426, -2.2407, -2.1741, -2.9159, -2.3491, -2.9221, -2.2110,
         -1.6367, -2.6615],
        [-1.7943, -2.4722,  0.4475,  1.2003,  1.1618,  0.5409, -0.0896, -0.1884,
          0.4491, -2.0184],
        [-3.0258, -3.1174, -1.1621, -1.3489, -1.9790, -1.5431, -2.4326, -1.4650,
         -2.3904, -2.5953],
        [-1.7421, -3.3343, -0.0199,  0.2788, -1.7417, -0.4568,  0.5494, -0.3387,
         -1.0098, -2.3659],
        [-1.9553, -3.0065, -0.3857, -0.5877, -0.9362, -1.1765, -1.5092, -0.6476,
         -0.4241, -2.8508],
        [-3.0089, -2.7881, -2.3437, -2.5917, -2.2568, -2.4198, -2.1123, -2.8378,
         -2.6715, -3.1457],
        [ 2.1034,  1.3155,  1.4984,  1.7715,  1.1129,  2.5505,  1.8600,  1.7707,
          1.7146,  3.0629]], requires_grad=True)]
Epoch 10: 内层更新后权重 = [tensor([[ 2.7710,  0.0534,  1.8046,  1.2232,  1.0750,  0.5067,  0.7963,  1.3302,
          1.0031, -0.5534],
        [ 1.3922,  2.8483,  1.3278,  1.8296,  1.8916,  1.5479,  2.5206,  1.5607,
          1.5914,  1.4293],
        [-2.2979, -2.7673, -2.4232, -2.6364, -2.5284, -2.9912, -2.9440, -2.6380,
         -2.9613, -2.7344],
        [-3.0519, -2.8844, -2.2961, -2.2029, -3.0528, -2.4786, -3.0347, -2.3020,
         -1.6135, -2.7830],
        [-1.7445, -2.4812,  0.4827,  1.2559,  1.2239,  0.5786, -0.0492, -0.2260,
          0.4699, -2.0258],
        [-3.0545, -3.2396, -1.1271, -1.3086, -2.0501, -1.4667, -2.4834, -1.4616,
         -2.4169, -2.7066],
        [-1.7009, -3.4342,  0.0414,  0.2944, -1.7117, -0.4597,  0.5892, -0.3477,
         -1.0554, -2.4253],
        [-1.9590, -3.0917, -0.3267, -0.5781, -0.8726, -1.1596, -1.4396, -0.5611,
         -0.3327, -2.9278],
        [-3.1003, -2.9196, -2.4259, -2.6948, -2.4064, -2.4860, -2.2085, -2.9241,
         -2.7776, -3.2603],
        [ 2.1696,  1.3520,  1.5002,  1.8054,  1.0694,  2.6732,  1.9153,  1.8056,
          1.7774,  3.1504]])]
Epoch 10: 外层更新后权重 = [tensor([[ 2.7710,  0.0534,  1.8046,  1.2232,  1.0750,  0.5067,  0.7963,  1.3302,
          1.0031, -0.5534],
        [ 1.3922,  2.8483,  1.3278,  1.8296,  1.8916,  1.5479,  2.5206,  1.5607,
          1.5914,  1.4293],
        [-2.2979, -2.7673, -2.4232, -2.6364, -2.5284, -2.9912, -2.9440, -2.6380,
         -2.9613, -2.7344],
        [-3.0519, -2.8844, -2.2961, -2.2029, -3.0528, -2.4786, -3.0347, -2.3020,
         -1.6135, -2.7830],
        [-1.7445, -2.4812,  0.4827,  1.2559,  1.2239,  0.5786, -0.0492, -0.2260,
          0.4699, -2.0258],
        [-3.0545, -3.2396, -1.1271, -1.3086, -2.0501, -1.4667, -2.4834, -1.4616,
         -2.4169, -2.7066],
        [-1.7009, -3.4342,  0.0414,  0.2944, -1.7117, -0.4597,  0.5892, -0.3477,
         -1.0554, -2.4253],
        [-1.9590, -3.0917, -0.3267, -0.5781, -0.8726, -1.1596, -1.4396, -0.5611,
         -0.3327, -2.9278],
        [-3.1003, -2.9196, -2.4259, -2.6948, -2.4064, -2.4860, -2.2085, -2.9241,
         -2.7776, -3.2603],
        [ 2.1696,  1.3520,  1.5002,  1.8054,  1.0694,  2.6732,  1.9153,  1.8056,
          1.7774,  3.1504]])]
9---train=0.12681135535240173,test=0.14455045759677887
权重更新前[Parameter containing:
tensor([[ 2.7710,  0.0534,  1.8046,  1.2232,  1.0750,  0.5067,  0.7963,  1.3302,
          1.0031, -0.5534],
        [ 1.3922,  2.8483,  1.3278,  1.8296,  1.8916,  1.5479,  2.5206,  1.5607,
          1.5914,  1.4293],
        [-2.2979, -2.7673, -2.4232, -2.6364, -2.5284, -2.9912, -2.9440, -2.6380,
         -2.9613, -2.7344],
        [-3.0519, -2.8844, -2.2961, -2.2029, -3.0528, -2.4786, -3.0347, -2.3020,
         -1.6135, -2.7830],
        [-1.7445, -2.4812,  0.4827,  1.2559,  1.2239,  0.5786, -0.0492, -0.2260,
          0.4699, -2.0258],
        [-3.0545, -3.2396, -1.1271, -1.3086, -2.0501, -1.4667, -2.4834, -1.4616,
         -2.4169, -2.7066],
        [-1.7009, -3.4342,  0.0414,  0.2944, -1.7117, -0.4597,  0.5892, -0.3477,
         -1.0554, -2.4253],
        [-1.9590, -3.0917, -0.3267, -0.5781, -0.8726, -1.1596, -1.4396, -0.5611,
         -0.3327, -2.9278],
        [-3.1003, -2.9196, -2.4259, -2.6948, -2.4064, -2.4860, -2.2085, -2.9241,
         -2.7776, -3.2603],
        [ 2.1696,  1.3520,  1.5002,  1.8054,  1.0694,  2.6732,  1.9153,  1.8056,
          1.7774,  3.1504]], requires_grad=True)]
Epoch 11: 内层更新后权重 = [tensor([[ 2.8091,  0.0842,  1.8567,  1.1628,  1.0970,  0.4647,  0.7522,  1.3734,
          1.0340, -0.5380],
        [ 1.4072,  2.8612,  1.3441,  1.8897,  1.9732,  1.5195,  2.5348,  1.5911,
          1.5949,  1.4238],
        [-2.3586, -2.8860, -2.5039, -2.6765, -2.6342, -3.1040, -3.0721, -2.7719,
         -3.0503, -2.8296],
        [-3.1373, -3.0188, -2.3700, -2.2834, -3.1769, -2.5970, -3.1147, -2.3796,
         -1.6607, -2.8874],
        [-1.6977, -2.4576,  0.5444,  1.3220,  1.2500,  0.5836, -0.0298, -0.2415,
          0.4716, -1.9763],
        [-3.1162, -3.3662, -1.0977, -1.3052, -2.0882, -1.3781, -2.4380, -1.4634,
         -2.4047, -2.8054],
        [-1.6428, -3.5074,  0.1163,  0.2739, -1.6406, -0.5082,  0.5983, -0.3458,
         -1.1107, -2.4582],
        [-1.9893, -3.1267, -0.2879, -0.5456, -0.8225, -1.1661, -1.3948, -0.4893,
         -0.2544, -2.9735],
        [-3.1931, -3.0369, -2.5036, -2.6918, -2.5184, -2.5108, -2.2850, -3.0205,
         -2.8191, -3.3581],
        [ 2.1229,  1.3687,  1.4438,  1.8193,  0.9744,  2.7967,  1.9681,  1.8162,
          1.8078,  3.1800]])]
Epoch 11: 外层更新后权重 = [tensor([[ 2.8091,  0.0842,  1.8567,  1.1628,  1.0970,  0.4647,  0.7522,  1.3734,
          1.0340, -0.5380],
        [ 1.4072,  2.8612,  1.3441,  1.8897,  1.9732,  1.5195,  2.5348,  1.5911,
          1.5949,  1.4238],
        [-2.3586, -2.8860, -2.5039, -2.6765, -2.6342, -3.1040, -3.0721, -2.7719,
         -3.0503, -2.8296],
        [-3.1373, -3.0188, -2.3700, -2.2834, -3.1769, -2.5970, -3.1147, -2.3796,
         -1.6607, -2.8874],
        [-1.6977, -2.4576,  0.5444,  1.3220,  1.2500,  0.5836, -0.0298, -0.2415,
          0.4716, -1.9763],
        [-3.1162, -3.3662, -1.0977, -1.3052, -2.0882, -1.3781, -2.4380, -1.4634,
         -2.4047, -2.8054],
        [-1.6428, -3.5074,  0.1163,  0.2739, -1.6406, -0.5082,  0.5983, -0.3458,
         -1.1107, -2.4582],
        [-1.9893, -3.1267, -0.2879, -0.5456, -0.8225, -1.1661, -1.3948, -0.4893,
         -0.2544, -2.9735],
        [-3.1931, -3.0369, -2.5036, -2.6918, -2.5184, -2.5108, -2.2850, -3.0205,
         -2.8191, -3.3581],
        [ 2.1229,  1.3687,  1.4438,  1.8193,  0.9744,  2.7967,  1.9681,  1.8162,
          1.8078,  3.1800]])]
10---train=0.12552258372306824,test=0.14449438452720642
权重更新前[Parameter containing:
tensor([[ 2.8091,  0.0842,  1.8567,  1.1628,  1.0970,  0.4647,  0.7522,  1.3734,
          1.0340, -0.5380],
        [ 1.4072,  2.8612,  1.3441,  1.8897,  1.9732,  1.5195,  2.5348,  1.5911,
          1.5949,  1.4238],
        [-2.3586, -2.8860, -2.5039, -2.6765, -2.6342, -3.1040, -3.0721, -2.7719,
         -3.0503, -2.8296],
        [-3.1373, -3.0188, -2.3700, -2.2834, -3.1769, -2.5970, -3.1147, -2.3796,
         -1.6607, -2.8874],
        [-1.6977, -2.4576,  0.5444,  1.3220,  1.2500,  0.5836, -0.0298, -0.2415,
          0.4716, -1.9763],
        [-3.1162, -3.3662, -1.0977, -1.3052, -2.0882, -1.3781, -2.4380, -1.4634,
         -2.4047, -2.8054],
        [-1.6428, -3.5074,  0.1163,  0.2739, -1.6406, -0.5082,  0.5983, -0.3458,
         -1.1107, -2.4582],
        [-1.9893, -3.1267, -0.2879, -0.5456, -0.8225, -1.1661, -1.3948, -0.4893,
         -0.2544, -2.9735],
        [-3.1931, -3.0369, -2.5036, -2.6918, -2.5184, -2.5108, -2.2850, -3.0205,
         -2.8191, -3.3581],
        [ 2.1229,  1.3687,  1.4438,  1.8193,  0.9744,  2.7967,  1.9681,  1.8162,
          1.8078,  3.1800]], requires_grad=True)]
Epoch 12: 内层更新后权重 = [tensor([[ 2.8703,  0.1424,  1.9196,  1.1658,  1.0982,  0.4592,  0.6959,  1.3812,
          1.0791, -0.4835],
        [ 1.3779,  2.8808,  1.3602,  1.9211,  2.0390,  1.5270,  2.6333,  1.6046,
          1.6256,  1.4347],
        [-2.4276, -3.0044, -2.5695, -2.7053, -2.7462, -3.2113, -3.1911, -2.8620,
         -3.1228, -2.9159],
        [-3.2290, -3.1390, -2.4398, -2.3426, -3.2835, -2.7277, -3.2002, -2.4703,
         -1.6892, -2.9895],
        [-1.6496, -2.4824,  0.5863,  1.3966,  1.2876,  0.6050, -0.0263, -0.2500,
          0.4929, -1.9645],
        [-3.1795, -3.4944, -1.1459, -1.3218, -2.1238, -1.3545, -2.4918, -1.5412,
         -2.4272, -2.9064],
        [-1.5832, -3.5560,  0.1791,  0.2787, -1.5748, -0.5221,  0.6069, -0.3665,
         -1.1772, -2.4690],
        [-1.9942, -3.1683, -0.1998, -0.5302, -0.8002, -1.0962, -1.2777, -0.3747,
         -0.1596, -3.0143],
        [-3.2855, -3.1469, -2.5671, -2.7264, -2.6534, -2.5583, -2.3432, -3.1024,
         -2.8774, -3.4512],
        [ 2.0926,  1.3552,  1.3884,  1.8241,  0.9186,  2.8518,  1.9393,  1.8509,
          1.7912,  3.1792]])]
Epoch 12: 外层更新后权重 = [tensor([[ 2.8703,  0.1424,  1.9196,  1.1658,  1.0982,  0.4592,  0.6959,  1.3812,
          1.0791, -0.4835],
        [ 1.3779,  2.8808,  1.3602,  1.9211,  2.0390,  1.5270,  2.6333,  1.6046,
          1.6256,  1.4347],
        [-2.4276, -3.0044, -2.5695, -2.7053, -2.7462, -3.2113, -3.1911, -2.8620,
         -3.1228, -2.9159],
        [-3.2290, -3.1390, -2.4398, -2.3426, -3.2835, -2.7277, -3.2002, -2.4703,
         -1.6892, -2.9895],
        [-1.6496, -2.4824,  0.5863,  1.3966,  1.2876,  0.6050, -0.0263, -0.2500,
          0.4929, -1.9645],
        [-3.1795, -3.4944, -1.1459, -1.3218, -2.1238, -1.3545, -2.4918, -1.5412,
         -2.4272, -2.9064],
        [-1.5832, -3.5560,  0.1791,  0.2787, -1.5748, -0.5221,  0.6069, -0.3665,
         -1.1772, -2.4690],
        [-1.9942, -3.1683, -0.1998, -0.5302, -0.8002, -1.0962, -1.2777, -0.3747,
         -0.1596, -3.0143],
        [-3.2855, -3.1469, -2.5671, -2.7264, -2.6534, -2.5583, -2.3432, -3.1024,
         -2.8774, -3.4512],
        [ 2.0926,  1.3552,  1.3884,  1.8241,  0.9186,  2.8518,  1.9393,  1.8509,
          1.7912,  3.1792]])]
11---train=0.12423644959926605,test=0.1451510787010193
权重更新前[Parameter containing:
tensor([[ 2.8703,  0.1424,  1.9196,  1.1658,  1.0982,  0.4592,  0.6959,  1.3812,
          1.0791, -0.4835],
        [ 1.3779,  2.8808,  1.3602,  1.9211,  2.0390,  1.5270,  2.6333,  1.6046,
          1.6256,  1.4347],
        [-2.4276, -3.0044, -2.5695, -2.7053, -2.7462, -3.2113, -3.1911, -2.8620,
         -3.1228, -2.9159],
        [-3.2290, -3.1390, -2.4398, -2.3426, -3.2835, -2.7277, -3.2002, -2.4703,
         -1.6892, -2.9895],
        [-1.6496, -2.4824,  0.5863,  1.3966,  1.2876,  0.6050, -0.0263, -0.2500,
          0.4929, -1.9645],
        [-3.1795, -3.4944, -1.1459, -1.3218, -2.1238, -1.3545, -2.4918, -1.5412,
         -2.4272, -2.9064],
        [-1.5832, -3.5560,  0.1791,  0.2787, -1.5748, -0.5221,  0.6069, -0.3665,
         -1.1772, -2.4690],
        [-1.9942, -3.1683, -0.1998, -0.5302, -0.8002, -1.0962, -1.2777, -0.3747,
         -0.1596, -3.0143],
        [-3.2855, -3.1469, -2.5671, -2.7264, -2.6534, -2.5583, -2.3432, -3.1024,
         -2.8774, -3.4512],
        [ 2.0926,  1.3552,  1.3884,  1.8241,  0.9186,  2.8518,  1.9393,  1.8509,
          1.7912,  3.1792]], requires_grad=True)]
Epoch 13: 内层更新后权重 = [tensor([[ 2.9361,  0.1773,  1.9683,  1.0796,  1.1559,  0.4424,  0.6730,  1.4365,
          1.0841, -0.4294],
        [ 1.3894,  2.8963,  1.3842,  2.0200,  2.0825,  1.5457,  2.6555,  1.6300,
          1.6700,  1.4224],
        [-2.4911, -3.1145, -2.6370, -2.7412, -2.8413, -3.3030, -3.3116, -2.9765,
         -3.2234, -2.9984],
        [-3.3173, -3.2527, -2.5017, -2.3496, -3.4014, -2.8435, -3.2750, -2.5503,
         -1.6523, -3.0819],
        [-1.6374, -2.4446,  0.6166,  1.4720,  1.3216,  0.6067, -0.0729, -0.2513,
          0.5258, -1.9269],
        [-3.2543, -3.6207, -1.1114, -1.3238, -2.1614, -1.2896, -2.4747, -1.5664,
         -2.4649, -3.0002],
        [-1.5878, -3.5760,  0.2640,  0.2840, -1.4747, -0.5588,  0.6453, -0.3411,
         -1.2186, -2.5008],
        [-2.0777, -3.2094, -0.1817, -0.5359, -0.8222, -1.0922, -1.2334, -0.3210,
         -0.1002, -3.0351],
        [-3.3765, -3.2732, -2.6524, -2.8218, -2.7863, -2.6149, -2.4394, -3.2303,
         -2.9842, -3.5439],
        [ 2.0509,  1.3522,  1.3322,  1.8157,  0.8530,  2.9114,  1.9818,  1.8709,
          1.8071,  3.1920]])]
Epoch 13: 外层更新后权重 = [tensor([[ 2.9361,  0.1773,  1.9683,  1.0796,  1.1559,  0.4424,  0.6730,  1.4365,
          1.0841, -0.4294],
        [ 1.3894,  2.8963,  1.3842,  2.0200,  2.0825,  1.5457,  2.6555,  1.6300,
          1.6700,  1.4224],
        [-2.4911, -3.1145, -2.6370, -2.7412, -2.8413, -3.3030, -3.3116, -2.9765,
         -3.2234, -2.9984],
        [-3.3173, -3.2527, -2.5017, -2.3496, -3.4014, -2.8435, -3.2750, -2.5503,
         -1.6523, -3.0819],
        [-1.6374, -2.4446,  0.6166,  1.4720,  1.3216,  0.6067, -0.0729, -0.2513,
          0.5258, -1.9269],
        [-3.2543, -3.6207, -1.1114, -1.3238, -2.1614, -1.2896, -2.4747, -1.5664,
         -2.4649, -3.0002],
        [-1.5878, -3.5760,  0.2640,  0.2840, -1.4747, -0.5588,  0.6453, -0.3411,
         -1.2186, -2.5008],
        [-2.0777, -3.2094, -0.1817, -0.5359, -0.8222, -1.0922, -1.2334, -0.3210,
         -0.1002, -3.0351],
        [-3.3765, -3.2732, -2.6524, -2.8218, -2.7863, -2.6149, -2.4394, -3.2303,
         -2.9842, -3.5439],
        [ 2.0509,  1.3522,  1.3322,  1.8157,  0.8530,  2.9114,  1.9818,  1.8709,
          1.8071,  3.1920]])]
12---train=0.12333168089389801,test=0.14485861361026764
权重更新前[Parameter containing:
tensor([[ 2.9361,  0.1773,  1.9683,  1.0796,  1.1559,  0.4424,  0.6730,  1.4365,
          1.0841, -0.4294],
        [ 1.3894,  2.8963,  1.3842,  2.0200,  2.0825,  1.5457,  2.6555,  1.6300,
          1.6700,  1.4224],
        [-2.4911, -3.1145, -2.6370, -2.7412, -2.8413, -3.3030, -3.3116, -2.9765,
         -3.2234, -2.9984],
        [-3.3173, -3.2527, -2.5017, -2.3496, -3.4014, -2.8435, -3.2750, -2.5503,
         -1.6523, -3.0819],
        [-1.6374, -2.4446,  0.6166,  1.4720,  1.3216,  0.6067, -0.0729, -0.2513,
          0.5258, -1.9269],
        [-3.2543, -3.6207, -1.1114, -1.3238, -2.1614, -1.2896, -2.4747, -1.5664,
         -2.4649, -3.0002],
        [-1.5878, -3.5760,  0.2640,  0.2840, -1.4747, -0.5588,  0.6453, -0.3411,
         -1.2186, -2.5008],
        [-2.0777, -3.2094, -0.1817, -0.5359, -0.8222, -1.0922, -1.2334, -0.3210,
         -0.1002, -3.0351],
        [-3.3765, -3.2732, -2.6524, -2.8218, -2.7863, -2.6149, -2.4394, -3.2303,
         -2.9842, -3.5439],
        [ 2.0509,  1.3522,  1.3322,  1.8157,  0.8530,  2.9114,  1.9818,  1.8709,
          1.8071,  3.1920]], requires_grad=True)]
Epoch 14: 内层更新后权重 = [tensor([[ 2.9171,  0.1679,  1.9987,  1.0144,  1.1124,  0.3530,  0.5690,  1.4222,
          1.0651, -0.4302],
        [ 1.4111,  2.8971,  1.3432,  2.0489,  2.1126,  1.5264,  2.7245,  1.6649,
          1.6653,  1.3960],
        [-2.5506, -3.2160, -2.6954, -2.7711, -2.9174, -3.3930, -3.4291, -3.0746,
         -3.3013, -3.0773],
        [-3.3994, -3.3632, -2.5554, -2.4582, -3.4661, -2.9534, -3.3662, -2.6119,
         -1.7459, -3.1731],
        [-1.5466, -2.4074,  0.6315,  1.5037,  1.2826,  0.5771, -0.0453, -0.3141,
          0.5277, -1.9581],
        [-3.2899, -3.7141, -1.1026, -1.3382, -2.1209, -1.1960, -2.4941, -1.5191,
         -2.4689, -3.0877],
        [-1.5397, -3.5866,  0.3545,  0.3200, -1.4132, -0.5617,  0.7110, -0.2974,
         -1.2589, -2.5129],
        [-2.0375, -3.2171, -0.1331, -0.5230, -0.7323, -1.0925, -1.2450, -0.2749,
         -0.0244, -3.0695],
        [-3.4525, -3.3742, -2.7170, -2.7527, -2.8891, -2.6527, -2.4981, -3.3112,
         -2.9750, -3.6351],
        [ 2.0336,  1.3879,  1.3407,  1.8591,  0.8528,  3.0230,  1.9988,  1.8791,
          1.8662,  3.2418]])]
Epoch 14: 外层更新后权重 = [tensor([[ 2.9171,  0.1679,  1.9987,  1.0144,  1.1124,  0.3530,  0.5690,  1.4222,
          1.0651, -0.4302],
        [ 1.4111,  2.8971,  1.3432,  2.0489,  2.1126,  1.5264,  2.7245,  1.6649,
          1.6653,  1.3960],
        [-2.5506, -3.2160, -2.6954, -2.7711, -2.9174, -3.3930, -3.4291, -3.0746,
         -3.3013, -3.0773],
        [-3.3994, -3.3632, -2.5554, -2.4582, -3.4661, -2.9534, -3.3662, -2.6119,
         -1.7459, -3.1731],
        [-1.5466, -2.4074,  0.6315,  1.5037,  1.2826,  0.5771, -0.0453, -0.3141,
          0.5277, -1.9581],
        [-3.2899, -3.7141, -1.1026, -1.3382, -2.1209, -1.1960, -2.4941, -1.5191,
         -2.4689, -3.0877],
        [-1.5397, -3.5866,  0.3545,  0.3200, -1.4132, -0.5617,  0.7110, -0.2974,
         -1.2589, -2.5129],
        [-2.0375, -3.2171, -0.1331, -0.5230, -0.7323, -1.0925, -1.2450, -0.2749,
         -0.0244, -3.0695],
        [-3.4525, -3.3742, -2.7170, -2.7527, -2.8891, -2.6527, -2.4981, -3.3112,
         -2.9750, -3.6351],
        [ 2.0336,  1.3879,  1.3407,  1.8591,  0.8528,  3.0230,  1.9988,  1.8791,
          1.8662,  3.2418]])]
13---train=0.12279358506202698,test=0.14377693831920624
权重更新前[Parameter containing:
tensor([[ 2.9171,  0.1679,  1.9987,  1.0144,  1.1124,  0.3530,  0.5690,  1.4222,
          1.0651, -0.4302],
        [ 1.4111,  2.8971,  1.3432,  2.0489,  2.1126,  1.5264,  2.7245,  1.6649,
          1.6653,  1.3960],
        [-2.5506, -3.2160, -2.6954, -2.7711, -2.9174, -3.3930, -3.4291, -3.0746,
         -3.3013, -3.0773],
        [-3.3994, -3.3632, -2.5554, -2.4582, -3.4661, -2.9534, -3.3662, -2.6119,
         -1.7459, -3.1731],
        [-1.5466, -2.4074,  0.6315,  1.5037,  1.2826,  0.5771, -0.0453, -0.3141,
          0.5277, -1.9581],
        [-3.2899, -3.7141, -1.1026, -1.3382, -2.1209, -1.1960, -2.4941, -1.5191,
         -2.4689, -3.0877],
        [-1.5397, -3.5866,  0.3545,  0.3200, -1.4132, -0.5617,  0.7110, -0.2974,
         -1.2589, -2.5129],
        [-2.0375, -3.2171, -0.1331, -0.5230, -0.7323, -1.0925, -1.2450, -0.2749,
         -0.0244, -3.0695],
        [-3.4525, -3.3742, -2.7170, -2.7527, -2.8891, -2.6527, -2.4981, -3.3112,
         -2.9750, -3.6351],
        [ 2.0336,  1.3879,  1.3407,  1.8591,  0.8528,  3.0230,  1.9988,  1.8791,
          1.8662,  3.2418]], requires_grad=True)]
Epoch 15: 内层更新后权重 = [tensor([[ 2.9291,  0.1805,  2.0483,  0.9946,  1.0688,  0.3024,  0.5031,  1.3967,
          1.0724, -0.4073],
        [ 1.4281,  2.9682,  1.3649,  2.1220,  2.2310,  1.5543,  2.8097,  1.6933,
          1.7088,  1.4620],
        [-2.6268, -3.3065, -2.7406, -2.7567, -3.0037, -3.4507, -3.5235, -3.1530,
         -3.3699, -3.1459],
        [-3.4697, -3.4620, -2.5627, -2.4304, -3.5220, -2.9761, -3.4378, -2.6744,
         -1.6960, -3.2573],
        [-1.5142, -2.3536,  0.6690,  1.5700,  1.3498,  0.5981, -0.0046, -0.2925,
          0.5750, -1.9296],
        [-3.3373, -3.8108, -1.1104, -1.3752, -2.1457, -1.1330, -2.5222, -1.4612,
         -2.4462, -3.1715],
        [-1.4582, -3.5742,  0.4531,  0.2740, -1.4092, -0.6459,  0.7133, -0.2937,
         -1.2971, -2.4958],
        [-2.0248, -3.2490, -0.1360, -0.5115, -0.7609, -1.1175, -1.1658, -0.2751,
         -0.0205, -3.0937],
        [-3.5421, -3.4726, -2.7811, -2.8447, -3.0004, -2.6804, -2.5873, -3.3934,
         -3.0735, -3.7205],
        [ 1.9999,  1.3115,  1.2645,  1.8237,  0.7579,  3.0653,  1.9702,  1.9049,
          1.8561,  3.1922]])]
Epoch 15: 外层更新后权重 = [tensor([[ 2.9291,  0.1805,  2.0483,  0.9946,  1.0688,  0.3024,  0.5031,  1.3967,
          1.0724, -0.4073],
        [ 1.4281,  2.9682,  1.3649,  2.1220,  2.2310,  1.5543,  2.8097,  1.6933,
          1.7088,  1.4620],
        [-2.6268, -3.3065, -2.7406, -2.7567, -3.0037, -3.4507, -3.5235, -3.1530,
         -3.3699, -3.1459],
        [-3.4697, -3.4620, -2.5627, -2.4304, -3.5220, -2.9761, -3.4378, -2.6744,
         -1.6960, -3.2573],
        [-1.5142, -2.3536,  0.6690,  1.5700,  1.3498,  0.5981, -0.0046, -0.2925,
          0.5750, -1.9296],
        [-3.3373, -3.8108, -1.1104, -1.3752, -2.1457, -1.1330, -2.5222, -1.4612,
         -2.4462, -3.1715],
        [-1.4582, -3.5742,  0.4531,  0.2740, -1.4092, -0.6459,  0.7133, -0.2937,
         -1.2971, -2.4958],
        [-2.0248, -3.2490, -0.1360, -0.5115, -0.7609, -1.1175, -1.1658, -0.2751,
         -0.0205, -3.0937],
        [-3.5421, -3.4726, -2.7811, -2.8447, -3.0004, -2.6804, -2.5873, -3.3934,
         -3.0735, -3.7205],
        [ 1.9999,  1.3115,  1.2645,  1.8237,  0.7579,  3.0653,  1.9702,  1.9049,
          1.8561,  3.1922]])]
14---train=0.12246881425380707,test=0.14366716146469116
权重更新前[Parameter containing:
tensor([[ 2.9291,  0.1805,  2.0483,  0.9946,  1.0688,  0.3024,  0.5031,  1.3967,
          1.0724, -0.4073],
        [ 1.4281,  2.9682,  1.3649,  2.1220,  2.2310,  1.5543,  2.8097,  1.6933,
          1.7088,  1.4620],
        [-2.6268, -3.3065, -2.7406, -2.7567, -3.0037, -3.4507, -3.5235, -3.1530,
         -3.3699, -3.1459],
        [-3.4697, -3.4620, -2.5627, -2.4304, -3.5220, -2.9761, -3.4378, -2.6744,
         -1.6960, -3.2573],
        [-1.5142, -2.3536,  0.6690,  1.5700,  1.3498,  0.5981, -0.0046, -0.2925,
          0.5750, -1.9296],
        [-3.3373, -3.8108, -1.1104, -1.3752, -2.1457, -1.1330, -2.5222, -1.4612,
         -2.4462, -3.1715],
        [-1.4582, -3.5742,  0.4531,  0.2740, -1.4092, -0.6459,  0.7133, -0.2937,
         -1.2971, -2.4958],
        [-2.0248, -3.2490, -0.1360, -0.5115, -0.7609, -1.1175, -1.1658, -0.2751,
         -0.0205, -3.0937],
        [-3.5421, -3.4726, -2.7811, -2.8447, -3.0004, -2.6804, -2.5873, -3.3934,
         -3.0735, -3.7205],
        [ 1.9999,  1.3115,  1.2645,  1.8237,  0.7579,  3.0653,  1.9702,  1.9049,
          1.8561,  3.1922]], requires_grad=True)]
Epoch 16: 内层更新后权重 = [tensor([[ 2.9768,  0.2335,  2.1063,  0.9233,  1.0947,  0.2802,  0.5167,  1.4436,
          1.0948, -0.3890],
        [ 1.3958,  2.9527,  1.3600,  2.1821,  2.2450,  1.5246,  2.7958,  1.6914,
          1.7270,  1.4499],
        [-2.6827, -3.3900, -2.7809, -2.7395, -3.0792, -3.5047, -3.6041, -3.2488,
         -3.4410, -3.2205],
        [-3.5319, -3.5598, -2.5676, -2.5063, -3.5668, -3.0039, -3.4826, -2.7325,
         -1.7794, -3.3269],
        [-1.4832, -2.3315,  0.6793,  1.5837,  1.3334,  0.5497, -0.0162, -0.3183,
          0.6076, -1.9089],
        [-3.3850, -3.8888, -1.1562, -1.4439, -2.1363, -1.1119, -2.4993, -1.4911,
         -2.4584, -3.2460],
        [-1.4786, -3.5927,  0.5148,  0.2678, -1.3432, -0.7065,  0.7129, -0.2925,
         -1.3701, -2.4625],
        [-2.0285, -3.2634, -0.0712, -0.4531, -0.7335, -1.0604, -1.1297, -0.2035,
          0.0306, -3.1049],
        [-3.6202, -3.5649, -2.8324, -2.7808, -3.1005, -2.7032, -2.6434, -3.4800,
         -3.0657, -3.7953],
        [ 2.0034,  1.3184,  1.2125,  1.8211,  0.7282,  3.1517,  2.0010,  1.9246,
          1.8652,  3.2076]])]
Epoch 16: 外层更新后权重 = [tensor([[ 2.9768,  0.2335,  2.1063,  0.9233,  1.0947,  0.2802,  0.5167,  1.4436,
          1.0948, -0.3890],
        [ 1.3958,  2.9527,  1.3600,  2.1821,  2.2450,  1.5246,  2.7958,  1.6914,
          1.7270,  1.4499],
        [-2.6827, -3.3900, -2.7809, -2.7395, -3.0792, -3.5047, -3.6041, -3.2488,
         -3.4410, -3.2205],
        [-3.5319, -3.5598, -2.5676, -2.5063, -3.5668, -3.0039, -3.4826, -2.7325,
         -1.7794, -3.3269],
        [-1.4832, -2.3315,  0.6793,  1.5837,  1.3334,  0.5497, -0.0162, -0.3183,
          0.6076, -1.9089],
        [-3.3850, -3.8888, -1.1562, -1.4439, -2.1363, -1.1119, -2.4993, -1.4911,
         -2.4584, -3.2460],
        [-1.4786, -3.5927,  0.5148,  0.2678, -1.3432, -0.7065,  0.7129, -0.2925,
         -1.3701, -2.4625],
        [-2.0285, -3.2634, -0.0712, -0.4531, -0.7335, -1.0604, -1.1297, -0.2035,
          0.0306, -3.1049],
        [-3.6202, -3.5649, -2.8324, -2.7808, -3.1005, -2.7032, -2.6434, -3.4800,
         -3.0657, -3.7953],
        [ 2.0034,  1.3184,  1.2125,  1.8211,  0.7282,  3.1517,  2.0010,  1.9246,
          1.8652,  3.2076]])]
15---train=0.12164859473705292,test=0.14499621093273163
权重更新前[Parameter containing:
tensor([[ 2.9768,  0.2335,  2.1063,  0.9233,  1.0947,  0.2802,  0.5167,  1.4436,
          1.0948, -0.3890],
        [ 1.3958,  2.9527,  1.3600,  2.1821,  2.2450,  1.5246,  2.7958,  1.6914,
          1.7270,  1.4499],
        [-2.6827, -3.3900, -2.7809, -2.7395, -3.0792, -3.5047, -3.6041, -3.2488,
         -3.4410, -3.2205],
        [-3.5319, -3.5598, -2.5676, -2.5063, -3.5668, -3.0039, -3.4826, -2.7325,
         -1.7794, -3.3269],
        [-1.4832, -2.3315,  0.6793,  1.5837,  1.3334,  0.5497, -0.0162, -0.3183,
          0.6076, -1.9089],
        [-3.3850, -3.8888, -1.1562, -1.4439, -2.1363, -1.1119, -2.4993, -1.4911,
         -2.4584, -3.2460],
        [-1.4786, -3.5927,  0.5148,  0.2678, -1.3432, -0.7065,  0.7129, -0.2925,
         -1.3701, -2.4625],
        [-2.0285, -3.2634, -0.0712, -0.4531, -0.7335, -1.0604, -1.1297, -0.2035,
          0.0306, -3.1049],
        [-3.6202, -3.5649, -2.8324, -2.7808, -3.1005, -2.7032, -2.6434, -3.4800,
         -3.0657, -3.7953],
        [ 2.0034,  1.3184,  1.2125,  1.8211,  0.7282,  3.1517,  2.0010,  1.9246,
          1.8652,  3.2076]], requires_grad=True)]
Epoch 17: 内层更新后权重 = [tensor([[ 2.9531,  0.1549,  2.1206,  0.8718,  1.0772,  0.2026,  0.3375,  1.4134,
          1.1012, -0.3843],
        [ 1.4246,  2.9627,  1.3168,  2.2403,  2.2922,  1.4730,  2.8785,  1.6799,
          1.7703,  1.3993],
        [-2.7461, -3.4893, -2.8163, -2.7242, -3.1630, -3.5317, -3.6988, -3.3342,
         -3.5099, -3.3051],
        [-3.6027, -3.6520, -2.5703, -2.4852, -3.6073, -3.0287, -3.5259, -2.7801,
         -1.7413, -3.4052],
        [-1.4741, -2.2890,  0.7073,  1.6401,  1.3582,  0.5574, -0.0374, -0.2973,
          0.6096, -1.9254],
        [-3.4164, -3.9397, -1.1756, -1.4873, -2.1241, -1.0584, -2.5155, -1.4337,
         -2.4511, -3.3011],
        [-1.4712, -3.5509,  0.6352,  0.2767, -1.2906, -0.7024,  0.7667, -0.2463,
         -1.4055, -2.4826],
        [-2.0148, -3.2685, -0.1143, -0.4681, -0.7689, -1.1422, -1.1271, -0.2360,
          0.0672, -3.1179],
        [-3.6901, -3.6594, -2.8924, -2.8437, -3.1899, -2.7388, -2.7183, -3.5427,
         -3.1414, -3.8697],
        [ 2.0229,  1.3788,  1.2434,  1.8101,  0.6959,  3.2907,  2.0772,  1.9942,
          1.8547,  3.2680]])]
Epoch 17: 外层更新后权重 = [tensor([[ 2.9531,  0.1549,  2.1206,  0.8718,  1.0772,  0.2026,  0.3375,  1.4134,
          1.1012, -0.3843],
        [ 1.4246,  2.9627,  1.3168,  2.2403,  2.2922,  1.4730,  2.8785,  1.6799,
          1.7703,  1.3993],
        [-2.7461, -3.4893, -2.8163, -2.7242, -3.1630, -3.5317, -3.6988, -3.3342,
         -3.5099, -3.3051],
        [-3.6027, -3.6520, -2.5703, -2.4852, -3.6073, -3.0287, -3.5259, -2.7801,
         -1.7413, -3.4052],
        [-1.4741, -2.2890,  0.7073,  1.6401,  1.3582,  0.5574, -0.0374, -0.2973,
          0.6096, -1.9254],
        [-3.4164, -3.9397, -1.1756, -1.4873, -2.1241, -1.0584, -2.5155, -1.4337,
         -2.4511, -3.3011],
        [-1.4712, -3.5509,  0.6352,  0.2767, -1.2906, -0.7024,  0.7667, -0.2463,
         -1.4055, -2.4826],
        [-2.0148, -3.2685, -0.1143, -0.4681, -0.7689, -1.1422, -1.1271, -0.2360,
          0.0672, -3.1179],
        [-3.6901, -3.6594, -2.8924, -2.8437, -3.1899, -2.7388, -2.7183, -3.5427,
         -3.1414, -3.8697],
        [ 2.0229,  1.3788,  1.2434,  1.8101,  0.6959,  3.2907,  2.0772,  1.9942,
          1.8547,  3.2680]])]
16---train=0.12140827625989914,test=0.14235728979110718
权重更新前[Parameter containing:
tensor([[ 2.9531,  0.1549,  2.1206,  0.8718,  1.0772,  0.2026,  0.3375,  1.4134,
          1.1012, -0.3843],
        [ 1.4246,  2.9627,  1.3168,  2.2403,  2.2922,  1.4730,  2.8785,  1.6799,
          1.7703,  1.3993],
        [-2.7461, -3.4893, -2.8163, -2.7242, -3.1630, -3.5317, -3.6988, -3.3342,
         -3.5099, -3.3051],
        [-3.6027, -3.6520, -2.5703, -2.4852, -3.6073, -3.0287, -3.5259, -2.7801,
         -1.7413, -3.4052],
        [-1.4741, -2.2890,  0.7073,  1.6401,  1.3582,  0.5574, -0.0374, -0.2973,
          0.6096, -1.9254],
        [-3.4164, -3.9397, -1.1756, -1.4873, -2.1241, -1.0584, -2.5155, -1.4337,
         -2.4511, -3.3011],
        [-1.4712, -3.5509,  0.6352,  0.2767, -1.2906, -0.7024,  0.7667, -0.2463,
         -1.4055, -2.4826],
        [-2.0148, -3.2685, -0.1143, -0.4681, -0.7689, -1.1422, -1.1271, -0.2360,
          0.0672, -3.1179],
        [-3.6901, -3.6594, -2.8924, -2.8437, -3.1899, -2.7388, -2.7183, -3.5427,
         -3.1414, -3.8697],
        [ 2.0229,  1.3788,  1.2434,  1.8101,  0.6959,  3.2907,  2.0772,  1.9942,
          1.8547,  3.2680]], requires_grad=True)]
Epoch 18: 内层更新后权重 = [tensor([[ 3.0014,  0.1963,  2.1791,  0.8442,  1.0917,  0.1859,  0.3427,  1.4455,
          1.1164, -0.3236],
        [ 1.3910,  2.9356,  1.2939,  2.2761,  2.2479,  1.4584,  2.8946,  1.6948,
          1.7799,  1.3738],
        [-2.7920, -3.5726, -2.8199, -2.6912, -3.2372, -3.4873, -3.7865, -3.4008,
         -3.5641, -3.3597],
        [-3.6623, -3.7391, -2.5739, -2.5629, -3.6357, -3.0401, -3.5446, -2.8586,
         -1.8259, -3.4762],
        [-1.4512, -2.2542,  0.7472,  1.7114,  1.3982,  0.5862,  0.0439, -0.3286,
          0.6250, -1.8981],
        [-3.4569, -4.0060, -1.3047, -1.5440, -2.1241, -1.1238, -2.5486, -1.4913,
         -2.4568, -3.3632],
        [-1.4576, -3.5452,  0.7148,  0.2339, -1.3377, -0.7530,  0.7746, -0.2306,
         -1.4581, -2.4479],
        [-2.0243, -3.2787, -0.0503, -0.4309, -0.7508, -1.1021, -1.1430, -0.1531,
          0.1324, -3.1240],
        [-3.7633, -3.7458, -2.9516, -2.7825, -3.2829, -2.7697, -2.7774, -3.6389,
         -3.1317, -3.9378],
        [ 2.0172,  1.4007,  1.1983,  1.7980,  0.7349,  3.3507,  2.0693,  2.0081,
          1.8663,  3.2740]])]
Epoch 18: 外层更新后权重 = [tensor([[ 3.0014,  0.1963,  2.1791,  0.8442,  1.0917,  0.1859,  0.3427,  1.4455,
          1.1164, -0.3236],
        [ 1.3910,  2.9356,  1.2939,  2.2761,  2.2479,  1.4584,  2.8946,  1.6948,
          1.7799,  1.3738],
        [-2.7920, -3.5726, -2.8199, -2.6912, -3.2372, -3.4873, -3.7865, -3.4008,
         -3.5641, -3.3597],
        [-3.6623, -3.7391, -2.5739, -2.5629, -3.6357, -3.0401, -3.5446, -2.8586,
         -1.8259, -3.4762],
        [-1.4512, -2.2542,  0.7472,  1.7114,  1.3982,  0.5862,  0.0439, -0.3286,
          0.6250, -1.8981],
        [-3.4569, -4.0060, -1.3047, -1.5440, -2.1241, -1.1238, -2.5486, -1.4913,
         -2.4568, -3.3632],
        [-1.4576, -3.5452,  0.7148,  0.2339, -1.3377, -0.7530,  0.7746, -0.2306,
         -1.4581, -2.4479],
        [-2.0243, -3.2787, -0.0503, -0.4309, -0.7508, -1.1021, -1.1430, -0.1531,
          0.1324, -3.1240],
        [-3.7633, -3.7458, -2.9516, -2.7825, -3.2829, -2.7697, -2.7774, -3.6389,
         -3.1317, -3.9378],
        [ 2.0172,  1.4007,  1.1983,  1.7980,  0.7349,  3.3507,  2.0693,  2.0081,
          1.8663,  3.2740]])]
17---train=0.12088458985090256,test=0.14333243668079376
权重更新前[Parameter containing:
tensor([[ 3.0014,  0.1963,  2.1791,  0.8442,  1.0917,  0.1859,  0.3427,  1.4455,
          1.1164, -0.3236],
        [ 1.3910,  2.9356,  1.2939,  2.2761,  2.2479,  1.4584,  2.8946,  1.6948,
          1.7799,  1.3738],
        [-2.7920, -3.5726, -2.8199, -2.6912, -3.2372, -3.4873, -3.7865, -3.4008,
         -3.5641, -3.3597],
        [-3.6623, -3.7391, -2.5739, -2.5629, -3.6357, -3.0401, -3.5446, -2.8586,
         -1.8259, -3.4762],
        [-1.4512, -2.2542,  0.7472,  1.7114,  1.3982,  0.5862,  0.0439, -0.3286,
          0.6250, -1.8981],
        [-3.4569, -4.0060, -1.3047, -1.5440, -2.1241, -1.1238, -2.5486, -1.4913,
         -2.4568, -3.3632],
        [-1.4576, -3.5452,  0.7148,  0.2339, -1.3377, -0.7530,  0.7746, -0.2306,
         -1.4581, -2.4479],
        [-2.0243, -3.2787, -0.0503, -0.4309, -0.7508, -1.1021, -1.1430, -0.1531,
          0.1324, -3.1240],
        [-3.7633, -3.7458, -2.9516, -2.7825, -3.2829, -2.7697, -2.7774, -3.6389,
         -3.1317, -3.9378],
        [ 2.0172,  1.4007,  1.1983,  1.7980,  0.7349,  3.3507,  2.0693,  2.0081,
          1.8663,  3.2740]], requires_grad=True)]
Epoch 19: 内层更新后权重 = [tensor([[ 3.0270,  0.2108,  2.2116,  0.8131,  1.1016,  0.1673,  0.2806,  1.4144,
          1.1392, -0.2765],
        [ 1.3897,  2.9632,  1.2826,  2.3103,  2.3183,  1.4780,  2.9262,  1.7309,
          1.8541,  1.3929],
        [-2.8407, -3.6557, -2.8486, -2.6495, -3.3047, -3.5277, -3.8674, -3.4495,
         -3.6116, -3.4289],
        [-3.7319, -3.8325, -2.5629, -2.5159, -3.6787, -3.0605, -3.5634, -2.9094,
         -1.7594, -3.5551],
        [-1.4326, -2.2084,  0.7714,  1.7558,  1.3552,  0.5162,  0.0167, -0.3849,
          0.6169, -1.8738],
        [-3.5029, -4.0755, -1.3072, -1.5606, -2.0917, -1.0290, -2.5198, -1.4085,
         -2.4529, -3.4373],
        [-1.4184, -3.5406,  0.7966,  0.2216, -1.2364, -0.8002,  0.7930, -0.2077,
         -1.5039, -2.4663],
        [-2.0195, -3.2932, -0.0551, -0.4630, -0.7167, -1.1384, -1.1149, -0.1630,
          0.1865, -3.1377],
        [-3.8323, -3.8335, -3.0028, -2.8699, -3.3612, -2.7933, -2.8384, -3.6982,
         -3.2197, -4.0072],
        [ 1.9908,  1.3724,  1.1649,  1.8101,  0.6504,  3.3711,  2.0934,  2.0336,
          1.8009,  3.2517]])]
Epoch 19: 外层更新后权重 = [tensor([[ 3.0270,  0.2108,  2.2116,  0.8131,  1.1016,  0.1673,  0.2806,  1.4144,
          1.1392, -0.2765],
        [ 1.3897,  2.9632,  1.2826,  2.3103,  2.3183,  1.4780,  2.9262,  1.7309,
          1.8541,  1.3929],
        [-2.8407, -3.6557, -2.8486, -2.6495, -3.3047, -3.5277, -3.8674, -3.4495,
         -3.6116, -3.4289],
        [-3.7319, -3.8325, -2.5629, -2.5159, -3.6787, -3.0605, -3.5634, -2.9094,
         -1.7594, -3.5551],
        [-1.4326, -2.2084,  0.7714,  1.7558,  1.3552,  0.5162,  0.0167, -0.3849,
          0.6169, -1.8738],
        [-3.5029, -4.0755, -1.3072, -1.5606, -2.0917, -1.0290, -2.5198, -1.4085,
         -2.4529, -3.4373],
        [-1.4184, -3.5406,  0.7966,  0.2216, -1.2364, -0.8002,  0.7930, -0.2077,
         -1.5039, -2.4663],
        [-2.0195, -3.2932, -0.0551, -0.4630, -0.7167, -1.1384, -1.1149, -0.1630,
          0.1865, -3.1377],
        [-3.8323, -3.8335, -3.0028, -2.8699, -3.3612, -2.7933, -2.8384, -3.6982,
         -3.2197, -4.0072],
        [ 1.9908,  1.3724,  1.1649,  1.8101,  0.6504,  3.3711,  2.0934,  2.0336,
          1.8009,  3.2517]])]
18---train=0.1205124780535698,test=0.14370045065879822
权重更新前[Parameter containing:
tensor([[ 3.0270,  0.2108,  2.2116,  0.8131,  1.1016,  0.1673,  0.2806,  1.4144,
          1.1392, -0.2765],
        [ 1.3897,  2.9632,  1.2826,  2.3103,  2.3183,  1.4780,  2.9262,  1.7309,
          1.8541,  1.3929],
        [-2.8407, -3.6557, -2.8486, -2.6495, -3.3047, -3.5277, -3.8674, -3.4495,
         -3.6116, -3.4289],
        [-3.7319, -3.8325, -2.5629, -2.5159, -3.6787, -3.0605, -3.5634, -2.9094,
         -1.7594, -3.5551],
        [-1.4326, -2.2084,  0.7714,  1.7558,  1.3552,  0.5162,  0.0167, -0.3849,
          0.6169, -1.8738],
        [-3.5029, -4.0755, -1.3072, -1.5606, -2.0917, -1.0290, -2.5198, -1.4085,
         -2.4529, -3.4373],
        [-1.4184, -3.5406,  0.7966,  0.2216, -1.2364, -0.8002,  0.7930, -0.2077,
         -1.5039, -2.4663],
        [-2.0195, -3.2932, -0.0551, -0.4630, -0.7167, -1.1384, -1.1149, -0.1630,
          0.1865, -3.1377],
        [-3.8323, -3.8335, -3.0028, -2.8699, -3.3612, -2.7933, -2.8384, -3.6982,
         -3.2197, -4.0072],
        [ 1.9908,  1.3724,  1.1649,  1.8101,  0.6504,  3.3711,  2.0934,  2.0336,
          1.8009,  3.2517]], requires_grad=True)]
Epoch 20: 内层更新后权重 = [tensor([[ 3.0547,  0.2596,  2.2339,  0.7460,  1.0707,  0.1474,  0.2323,  1.4698,
          1.1249, -0.2631],
        [ 1.3429,  2.9320,  1.2728,  2.3488,  2.2801,  1.4657,  2.9500,  1.7393,
          1.8388,  1.3729],
        [-2.8837, -3.7314, -2.8775, -2.6144, -3.3778, -3.5768, -3.9182, -3.4882,
         -3.6594, -3.4960],
        [-3.7796, -3.9197, -2.5453, -2.5909, -3.7070, -3.0609, -3.5808, -2.9374,
         -1.8425, -3.6298],
        [-1.3545, -2.2031,  0.8226,  1.8397,  1.4202,  0.5175,  0.0761, -0.3664,
          0.6526, -1.9308],
        [-3.5422, -4.1190, -1.3113, -1.6510, -2.0802, -0.9853, -2.5233, -1.4039,
         -2.4569, -3.5007],
        [-1.4336, -3.5213,  0.8740,  0.2043, -1.2557, -0.8950,  0.7269, -0.2853,
         -1.6010, -2.4883],
        [-2.0083, -3.2757, -0.0459, -0.4369, -0.7442, -1.1392, -1.0314, -0.1431,
          0.2322, -3.1536],
        [-3.9000, -3.9135, -3.0417, -2.7845, -3.4602, -2.8265, -2.8726, -3.7428,
         -3.1850, -4.0836],
        [ 2.0061,  1.3912,  1.1144,  1.8088,  0.7049,  3.4366,  2.1098,  2.0347,
          1.8646,  3.2839]])]
Epoch 20: 外层更新后权重 = [tensor([[ 3.0547,  0.2596,  2.2339,  0.7460,  1.0707,  0.1474,  0.2323,  1.4698,
          1.1249, -0.2631],
        [ 1.3429,  2.9320,  1.2728,  2.3488,  2.2801,  1.4657,  2.9500,  1.7393,
          1.8388,  1.3729],
        [-2.8837, -3.7314, -2.8775, -2.6144, -3.3778, -3.5768, -3.9182, -3.4882,
         -3.6594, -3.4960],
        [-3.7796, -3.9197, -2.5453, -2.5909, -3.7070, -3.0609, -3.5808, -2.9374,
         -1.8425, -3.6298],
        [-1.3545, -2.2031,  0.8226,  1.8397,  1.4202,  0.5175,  0.0761, -0.3664,
          0.6526, -1.9308],
        [-3.5422, -4.1190, -1.3113, -1.6510, -2.0802, -0.9853, -2.5233, -1.4039,
         -2.4569, -3.5007],
        [-1.4336, -3.5213,  0.8740,  0.2043, -1.2557, -0.8950,  0.7269, -0.2853,
         -1.6010, -2.4883],
        [-2.0083, -3.2757, -0.0459, -0.4369, -0.7442, -1.1392, -1.0314, -0.1431,
          0.2322, -3.1536],
        [-3.9000, -3.9135, -3.0417, -2.7845, -3.4602, -2.8265, -2.8726, -3.7428,
         -3.1850, -4.0836],
        [ 2.0061,  1.3912,  1.1144,  1.8088,  0.7049,  3.4366,  2.1098,  2.0347,
          1.8646,  3.2839]])]
19---train=0.12015537172555923,test=0.145719975233078
权重更新前[Parameter containing:
tensor([[ 3.0547,  0.2596,  2.2339,  0.7460,  1.0707,  0.1474,  0.2323,  1.4698,
          1.1249, -0.2631],
        [ 1.3429,  2.9320,  1.2728,  2.3488,  2.2801,  1.4657,  2.9500,  1.7393,
          1.8388,  1.3729],
        [-2.8837, -3.7314, -2.8775, -2.6144, -3.3778, -3.5768, -3.9182, -3.4882,
         -3.6594, -3.4960],
        [-3.7796, -3.9197, -2.5453, -2.5909, -3.7070, -3.0609, -3.5808, -2.9374,
         -1.8425, -3.6298],
        [-1.3545, -2.2031,  0.8226,  1.8397,  1.4202,  0.5175,  0.0761, -0.3664,
          0.6526, -1.9308],
        [-3.5422, -4.1190, -1.3113, -1.6510, -2.0802, -0.9853, -2.5233, -1.4039,
         -2.4569, -3.5007],
        [-1.4336, -3.5213,  0.8740,  0.2043, -1.2557, -0.8950,  0.7269, -0.2853,
         -1.6010, -2.4883],
        [-2.0083, -3.2757, -0.0459, -0.4369, -0.7442, -1.1392, -1.0314, -0.1431,
          0.2322, -3.1536],
        [-3.9000, -3.9135, -3.0417, -2.7845, -3.4602, -2.8265, -2.8726, -3.7428,
         -3.1850, -4.0836],
        [ 2.0061,  1.3912,  1.1144,  1.8088,  0.7049,  3.4366,  2.1098,  2.0347,
          1.8646,  3.2839]], requires_grad=True)]
Epoch 21: 内层更新后权重 = [tensor([[ 3.0957,  0.2473,  2.2614,  0.6851,  1.0502,  0.1638,  0.2115,  1.5138,
          1.1091, -0.2106],
        [ 1.3806,  2.9567,  1.2847,  2.4135,  2.3504,  1.4642,  2.9517,  1.7146,
          1.9177,  1.3804],
        [-2.9431, -3.8184, -2.8584, -2.5536, -3.4400, -3.4869, -3.9552, -3.5245,
         -3.7115, -3.5510],
        [-3.8275, -3.9995, -2.5356, -2.5377, -3.7296, -3.0738, -3.5968, -2.9883,
         -1.7756, -3.7008],
        [-1.4111, -2.2299,  0.8646,  1.8872,  1.4522,  0.4988,  0.0625, -0.3270,
          0.6704, -1.9228],
        [-3.5989, -4.1664, -1.4096, -1.7193, -2.1045, -1.0417, -2.5338, -1.4329,
         -2.4596, -3.5588],
        [-1.4217, -3.5344,  1.0084,  0.1840, -1.2032, -0.8756,  0.7887, -0.2332,
         -1.6101, -2.4912],
        [-2.0515, -3.2757, -0.1040, -0.4212, -0.8190, -1.1642, -1.0840, -0.1695,
          0.2076, -3.1497],
        [-3.9782, -3.9960, -3.1028, -2.8747, -3.5525, -2.8528, -2.9520, -3.8308,
         -3.2853, -4.1491],
        [ 1.9462,  1.3872,  1.0680,  1.7933,  0.6798,  3.4686,  2.1552,  2.0859,
          1.8424,  3.2669]])]
Epoch 21: 外层更新后权重 = [tensor([[ 3.0957,  0.2473,  2.2614,  0.6851,  1.0502,  0.1638,  0.2115,  1.5138,
          1.1091, -0.2106],
        [ 1.3806,  2.9567,  1.2847,  2.4135,  2.3504,  1.4642,  2.9517,  1.7146,
          1.9177,  1.3804],
        [-2.9431, -3.8184, -2.8584, -2.5536, -3.4400, -3.4869, -3.9552, -3.5245,
         -3.7115, -3.5510],
        [-3.8275, -3.9995, -2.5356, -2.5377, -3.7296, -3.0738, -3.5968, -2.9883,
         -1.7756, -3.7008],
        [-1.4111, -2.2299,  0.8646,  1.8872,  1.4522,  0.4988,  0.0625, -0.3270,
          0.6704, -1.9228],
        [-3.5989, -4.1664, -1.4096, -1.7193, -2.1045, -1.0417, -2.5338, -1.4329,
         -2.4596, -3.5588],
        [-1.4217, -3.5344,  1.0084,  0.1840, -1.2032, -0.8756,  0.7887, -0.2332,
         -1.6101, -2.4912],
        [-2.0515, -3.2757, -0.1040, -0.4212, -0.8190, -1.1642, -1.0840, -0.1695,
          0.2076, -3.1497],
        [-3.9782, -3.9960, -3.1028, -2.8747, -3.5525, -2.8528, -2.9520, -3.8308,
         -3.2853, -4.1491],
        [ 1.9462,  1.3872,  1.0680,  1.7933,  0.6798,  3.4686,  2.1552,  2.0859,
          1.8424,  3.2669]])]
20---train=0.11988282948732376,test=0.1436658799648285
权重更新前[Parameter containing:
tensor([[ 3.0957,  0.2473,  2.2614,  0.6851,  1.0502,  0.1638,  0.2115,  1.5138,
          1.1091, -0.2106],
        [ 1.3806,  2.9567,  1.2847,  2.4135,  2.3504,  1.4642,  2.9517,  1.7146,
          1.9177,  1.3804],
        [-2.9431, -3.8184, -2.8584, -2.5536, -3.4400, -3.4869, -3.9552, -3.5245,
         -3.7115, -3.5510],
        [-3.8275, -3.9995, -2.5356, -2.5377, -3.7296, -3.0738, -3.5968, -2.9883,
         -1.7756, -3.7008],
        [-1.4111, -2.2299,  0.8646,  1.8872,  1.4522,  0.4988,  0.0625, -0.3270,
          0.6704, -1.9228],
        [-3.5989, -4.1664, -1.4096, -1.7193, -2.1045, -1.0417, -2.5338, -1.4329,
         -2.4596, -3.5588],
        [-1.4217, -3.5344,  1.0084,  0.1840, -1.2032, -0.8756,  0.7887, -0.2332,
         -1.6101, -2.4912],
        [-2.0515, -3.2757, -0.1040, -0.4212, -0.8190, -1.1642, -1.0840, -0.1695,
          0.2076, -3.1497],
        [-3.9782, -3.9960, -3.1028, -2.8747, -3.5525, -2.8528, -2.9520, -3.8308,
         -3.2853, -4.1491],
        [ 1.9462,  1.3872,  1.0680,  1.7933,  0.6798,  3.4686,  2.1552,  2.0859,
          1.8424,  3.2669]], requires_grad=True)]
Epoch 22: 内层更新后权重 = [tensor([[ 3.0970,  0.2572,  2.2800,  0.6265,  1.0242,  0.1416,  0.1394,  1.4856,
          1.1234, -0.2476],
        [ 1.3734,  2.9444,  1.2387,  2.4857,  2.4012,  1.3890,  3.0249,  1.7606,
          1.8814,  1.3487],
        [-2.9890, -3.8985, -2.8690, -2.4927, -3.4815, -3.4815, -3.9984, -3.5680,
         -3.7614, -3.6285],
        [-3.8811, -4.0776, -2.5354, -2.6260, -3.7545, -3.0708, -3.6088, -3.0435,
         -1.8675, -3.7628],
        [-1.4132, -2.2151,  0.8771,  1.9596,  1.4112,  0.4717,  0.1175, -0.4073,
          0.6385, -1.8934],
        [-3.6379, -4.1926, -1.4709, -1.7593, -2.0706, -0.9811, -2.5094, -1.3794,
         -2.4146, -3.5847],
        [-1.4113, -3.4776,  1.0570,  0.1493, -1.1903, -1.0305,  0.7422, -0.2661,
         -1.7117, -2.4672],
        [-2.0411, -3.2659, -0.0357, -0.4328, -0.7379, -1.1706, -1.0438, -0.1269,
          0.2844, -3.1615],
        [-4.0464, -4.0772, -3.1436, -2.7861, -3.6300, -2.8727, -2.9842, -3.8353,
         -3.2411, -4.2277],
        [ 1.9740,  1.4040,  1.0744,  1.7574,  0.6439,  3.5919,  2.1345,  2.0899,
          1.9108,  3.3146]])]
Epoch 22: 外层更新后权重 = [tensor([[ 3.0970,  0.2572,  2.2800,  0.6265,  1.0242,  0.1416,  0.1394,  1.4856,
          1.1234, -0.2476],
        [ 1.3734,  2.9444,  1.2387,  2.4857,  2.4012,  1.3890,  3.0249,  1.7606,
          1.8814,  1.3487],
        [-2.9890, -3.8985, -2.8690, -2.4927, -3.4815, -3.4815, -3.9984, -3.5680,
         -3.7614, -3.6285],
        [-3.8811, -4.0776, -2.5354, -2.6260, -3.7545, -3.0708, -3.6088, -3.0435,
         -1.8675, -3.7628],
        [-1.4132, -2.2151,  0.8771,  1.9596,  1.4112,  0.4717,  0.1175, -0.4073,
          0.6385, -1.8934],
        [-3.6379, -4.1926, -1.4709, -1.7593, -2.0706, -0.9811, -2.5094, -1.3794,
         -2.4146, -3.5847],
        [-1.4113, -3.4776,  1.0570,  0.1493, -1.1903, -1.0305,  0.7422, -0.2661,
         -1.7117, -2.4672],
        [-2.0411, -3.2659, -0.0357, -0.4328, -0.7379, -1.1706, -1.0438, -0.1269,
          0.2844, -3.1615],
        [-4.0464, -4.0772, -3.1436, -2.7861, -3.6300, -2.8727, -2.9842, -3.8353,
         -3.2411, -4.2277],
        [ 1.9740,  1.4040,  1.0744,  1.7574,  0.6439,  3.5919,  2.1345,  2.0899,
          1.9108,  3.3146]])]
