debugge1
debugge2
进入2
权重更新前[Parameter containing:
tensor([[-0.3801, -0.1377, -0.3807,  0.3762, -0.1482,  0.4350,  0.1438, -0.3709,
          0.3889, -0.1905],
        [-0.4552,  0.3481,  0.4353, -0.0928,  0.0798, -0.2352, -0.2289,  0.5135,
         -0.3029, -0.2613],
        [-0.3670,  0.5220, -0.0343, -0.4031, -0.4660, -0.5248,  0.4237,  0.1798,
          0.0189,  0.1878],
        [ 0.3681,  0.4577,  0.5145,  0.3459,  0.2932,  0.3483, -0.3924, -0.5212,
          0.1140,  0.5210],
        [-0.0237,  0.4282,  0.4104, -0.1451,  0.1747, -0.2796, -0.3092, -0.0058,
          0.4770, -0.3160],
        [ 0.3125,  0.0293,  0.5173,  0.1846, -0.1771,  0.3095,  0.3144, -0.4713,
         -0.2652, -0.2975],
        [ 0.2954,  0.0044,  0.1281, -0.1092, -0.4384, -0.1539,  0.1696,  0.1464,
         -0.3528,  0.4752],
        [-0.1334, -0.1348, -0.4188, -0.4797, -0.3627,  0.2794,  0.0510,  0.2485,
         -0.1671, -0.4513],
        [-0.4390, -0.2266, -0.2722,  0.3973,  0.2991, -0.0644, -0.2334,  0.5110,
         -0.4572, -0.3348],
        [-0.0548,  0.4261,  0.2017, -0.3807, -0.4831, -0.1372, -0.1435,  0.4643,
          0.0278,  0.2683]], requires_grad=True)]
Epoch 0: 内层更新后权重 = [tensor([[ 0.2366, -0.1227,  0.1199,  0.7536,  0.3094,  0.7511,  0.5895, -0.0593,
          0.8340, -0.4887],
        [ 0.0743,  1.0623,  1.0672,  0.4909,  0.7427,  0.3645,  0.3050,  1.0995,
          0.2972,  0.2486],
        [-1.0526, -0.0682, -0.7271, -0.9377, -1.1354, -1.0709, -0.1254, -0.3403,
         -0.4823, -0.4362],
        [-0.3596, -0.0946, -0.0847, -0.2016, -0.3572, -0.1367, -0.9655, -0.9620,
         -0.2811, -0.1311],
        [-0.6966, -0.3078,  0.2800, -0.1782,  0.0103, -0.4330, -0.6071, -0.0071,
          0.4514, -1.0037],
        [-0.2757, -0.5801,  0.1207, -0.2771, -0.8003, -0.3631, -0.3232, -1.1183,
         -0.7760, -0.9303],
        [-0.3667, -0.5579, -0.1900, -0.2882, -0.9419, -0.4532, -0.2606,  0.0166,
         -0.6297, -0.2519],
        [-0.6113, -0.7100, -0.5044, -0.5641, -0.7194,  0.0876, -0.3389, -0.1378,
         -0.5356, -1.1987],
        [-0.9673, -0.8125, -0.8820, -0.0304, -0.3212, -0.6616, -0.8262, -0.1507,
         -1.1264, -1.0761],
        [ 0.6230,  1.0548,  0.8466,  0.2735,  0.1765,  0.4997,  0.5141,  1.1989,
          0.6676,  1.1638]])]
Epoch 0: 外层更新后权重 = [tensor([[ 0.2366, -0.1227,  0.1199,  0.7536,  0.3094,  0.7511,  0.5895, -0.0593,
          0.8340, -0.4887],
        [ 0.0743,  1.0623,  1.0672,  0.4909,  0.7427,  0.3645,  0.3050,  1.0995,
          0.2972,  0.2486],
        [-1.0526, -0.0682, -0.7271, -0.9377, -1.1354, -1.0709, -0.1254, -0.3403,
         -0.4823, -0.4362],
        [-0.3596, -0.0946, -0.0847, -0.2016, -0.3572, -0.1367, -0.9655, -0.9620,
         -0.2811, -0.1311],
        [-0.6966, -0.3078,  0.2800, -0.1782,  0.0103, -0.4330, -0.6071, -0.0071,
          0.4514, -1.0037],
        [-0.2757, -0.5801,  0.1207, -0.2771, -0.8003, -0.3631, -0.3232, -1.1183,
         -0.7760, -0.9303],
        [-0.3667, -0.5579, -0.1900, -0.2882, -0.9419, -0.4532, -0.2606,  0.0166,
         -0.6297, -0.2519],
        [-0.6113, -0.7100, -0.5044, -0.5641, -0.7194,  0.0876, -0.3389, -0.1378,
         -0.5356, -1.1987],
        [-0.9673, -0.8125, -0.8820, -0.0304, -0.3212, -0.6616, -0.8262, -0.1507,
         -1.1264, -1.0761],
        [ 0.6230,  1.0548,  0.8466,  0.2735,  0.1765,  0.4997,  0.5141,  1.1989,
          0.6676,  1.1638]])]
权重更新前[Parameter containing:
tensor([[ 0.2366, -0.1227,  0.1199,  0.7536,  0.3094,  0.7511,  0.5895, -0.0593,
          0.8340, -0.4887],
        [ 0.0743,  1.0623,  1.0672,  0.4909,  0.7427,  0.3645,  0.3050,  1.0995,
          0.2972,  0.2486],
        [-1.0526, -0.0682, -0.7271, -0.9377, -1.1354, -1.0709, -0.1254, -0.3403,
         -0.4823, -0.4362],
        [-0.3596, -0.0946, -0.0847, -0.2016, -0.3572, -0.1367, -0.9655, -0.9620,
         -0.2811, -0.1311],
        [-0.6966, -0.3078,  0.2800, -0.1782,  0.0103, -0.4330, -0.6071, -0.0071,
          0.4514, -1.0037],
        [-0.2757, -0.5801,  0.1207, -0.2771, -0.8003, -0.3631, -0.3232, -1.1183,
         -0.7760, -0.9303],
        [-0.3667, -0.5579, -0.1900, -0.2882, -0.9419, -0.4532, -0.2606,  0.0166,
         -0.6297, -0.2519],
        [-0.6113, -0.7100, -0.5044, -0.5641, -0.7194,  0.0876, -0.3389, -0.1378,
         -0.5356, -1.1987],
        [-0.9673, -0.8125, -0.8820, -0.0304, -0.3212, -0.6616, -0.8262, -0.1507,
         -1.1264, -1.0761],
        [ 0.6230,  1.0548,  0.8466,  0.2735,  0.1765,  0.4997,  0.5141,  1.1989,
          0.6676,  1.1638]], requires_grad=True)]
Epoch 1: 内层更新后权重 = [tensor([[ 0.8037, -0.3871,  0.4513,  1.0352,  0.6699,  1.0540,  0.9172,  0.2535,
          1.1575, -0.8725],
        [ 0.6148,  1.8201,  1.5478,  0.9848,  1.2815,  0.8473,  0.7615,  1.5936,
          0.8072,  0.5598],
        [-1.6133, -0.6384, -1.2122, -1.2690, -1.6293, -1.4685, -0.6457, -0.8030,
         -0.8861, -1.0576],
        [-0.9318, -0.6905, -0.5895, -0.6945, -0.8878, -0.4991, -1.4947, -1.4426,
         -0.7268, -0.7872],
        [-1.2356, -0.9668,  0.2434, -0.1838, -0.0213, -0.4780, -0.8854,  0.0228,
          0.3877, -1.5758],
        [-0.8940, -1.1513, -0.1402, -0.6188, -1.3574, -0.8104, -0.8568, -1.5288,
         -1.0973, -1.4996],
        [-0.9820, -1.0968, -0.2925, -0.4620, -1.2443, -0.5937, -0.4297,  0.0499,
         -0.7348, -0.9134],
        [-1.2186, -1.2724, -0.5956, -0.6639, -1.1376, -0.0910, -0.6511, -0.4344,
         -0.7347, -1.8256],
        [-1.4996, -1.3557, -1.3448, -0.4917, -0.8202, -1.1341, -1.3683, -0.6002,
         -1.6810, -1.6959],
        [ 1.1738,  1.4955,  1.3285,  0.7664,  0.6512,  0.9711,  1.0241,  1.7378,
          1.1548,  1.9505]])]
Epoch 1: 外层更新后权重 = [tensor([[ 0.8037, -0.3871,  0.4513,  1.0352,  0.6699,  1.0540,  0.9172,  0.2535,
          1.1575, -0.8725],
        [ 0.6148,  1.8201,  1.5478,  0.9848,  1.2815,  0.8473,  0.7615,  1.5936,
          0.8072,  0.5598],
        [-1.6133, -0.6384, -1.2122, -1.2690, -1.6293, -1.4685, -0.6457, -0.8030,
         -0.8861, -1.0576],
        [-0.9318, -0.6905, -0.5895, -0.6945, -0.8878, -0.4991, -1.4947, -1.4426,
         -0.7268, -0.7872],
        [-1.2356, -0.9668,  0.2434, -0.1838, -0.0213, -0.4780, -0.8854,  0.0228,
          0.3877, -1.5758],
        [-0.8940, -1.1513, -0.1402, -0.6188, -1.3574, -0.8104, -0.8568, -1.5288,
         -1.0973, -1.4996],
        [-0.9820, -1.0968, -0.2925, -0.4620, -1.2443, -0.5937, -0.4297,  0.0499,
         -0.7348, -0.9134],
        [-1.2186, -1.2724, -0.5956, -0.6639, -1.1376, -0.0910, -0.6511, -0.4344,
         -0.7347, -1.8256],
        [-1.4996, -1.3557, -1.3448, -0.4917, -0.8202, -1.1341, -1.3683, -0.6002,
         -1.6810, -1.6959],
        [ 1.1738,  1.4955,  1.3285,  0.7664,  0.6512,  0.9711,  1.0241,  1.7378,
          1.1548,  1.9505]])]
1---train=0.25188425183296204,test=0.2563328444957733
权重更新前[Parameter containing:
tensor([[ 0.8037, -0.3871,  0.4513,  1.0352,  0.6699,  1.0540,  0.9172,  0.2535,
          1.1575, -0.8725],
        [ 0.6148,  1.8201,  1.5478,  0.9848,  1.2815,  0.8473,  0.7615,  1.5936,
          0.8072,  0.5598],
        [-1.6133, -0.6384, -1.2122, -1.2690, -1.6293, -1.4685, -0.6457, -0.8030,
         -0.8861, -1.0576],
        [-0.9318, -0.6905, -0.5895, -0.6945, -0.8878, -0.4991, -1.4947, -1.4426,
         -0.7268, -0.7872],
        [-1.2356, -0.9668,  0.2434, -0.1838, -0.0213, -0.4780, -0.8854,  0.0228,
          0.3877, -1.5758],
        [-0.8940, -1.1513, -0.1402, -0.6188, -1.3574, -0.8104, -0.8568, -1.5288,
         -1.0973, -1.4996],
        [-0.9820, -1.0968, -0.2925, -0.4620, -1.2443, -0.5937, -0.4297,  0.0499,
         -0.7348, -0.9134],
        [-1.2186, -1.2724, -0.5956, -0.6639, -1.1376, -0.0910, -0.6511, -0.4344,
         -0.7347, -1.8256],
        [-1.4996, -1.3557, -1.3448, -0.4917, -0.8202, -1.1341, -1.3683, -0.6002,
         -1.6810, -1.6959],
        [ 1.1738,  1.4955,  1.3285,  0.7664,  0.6512,  0.9711,  1.0241,  1.7378,
          1.1548,  1.9505]], requires_grad=True)]
Epoch 2: 内层更新后权重 = [tensor([[ 1.3327, -0.3890,  0.7266,  1.2340,  1.0381,  1.3049,  1.1855,  0.5565,
          1.4162, -1.0434],
        [ 0.9257,  2.4309,  1.9075,  1.3831,  1.6351,  1.2048,  1.0911,  1.9160,
          1.1675,  0.9628],
        [-2.0510, -1.0894, -1.5594, -1.5009, -2.0316, -1.7687, -1.0141, -1.2146,
         -1.1504, -1.5033],
        [-1.4167, -1.1463, -0.9907, -1.0203, -1.3439, -0.7373, -1.8791, -1.8044,
         -1.0162, -1.2281],
        [-1.5906, -1.3468,  0.3312, -0.0472,  0.0719, -0.4773, -1.0505,  0.0852,
          0.4569, -1.9496],
        [-1.3387, -1.5860, -0.2927, -0.8362, -1.7796, -1.0673, -1.2221, -1.7883,
         -1.3126, -1.9217],
        [-1.4758, -1.5316, -0.2774, -0.5585, -1.3121, -0.6562, -0.3742,  0.0832,
         -0.6970, -1.3492],
        [-1.6727, -1.7327, -0.6007, -0.6905, -1.3766, -0.1904, -0.9139, -0.5083,
         -0.8644, -2.2688],
        [-1.9628, -1.7955, -1.6738, -0.8254, -1.2559, -1.4544, -1.7956, -0.9332,
         -2.0785, -2.1064],
        [ 1.4415,  1.4296,  1.5269,  0.9453,  0.8120,  1.1635,  1.2449,  1.9928,
          1.3487,  2.3287]])]
Epoch 2: 外层更新后权重 = [tensor([[ 1.3327, -0.3890,  0.7266,  1.2340,  1.0381,  1.3049,  1.1855,  0.5565,
          1.4162, -1.0434],
        [ 0.9257,  2.4309,  1.9075,  1.3831,  1.6351,  1.2048,  1.0911,  1.9160,
          1.1675,  0.9628],
        [-2.0510, -1.0894, -1.5594, -1.5009, -2.0316, -1.7687, -1.0141, -1.2146,
         -1.1504, -1.5033],
        [-1.4167, -1.1463, -0.9907, -1.0203, -1.3439, -0.7373, -1.8791, -1.8044,
         -1.0162, -1.2281],
        [-1.5906, -1.3468,  0.3312, -0.0472,  0.0719, -0.4773, -1.0505,  0.0852,
          0.4569, -1.9496],
        [-1.3387, -1.5860, -0.2927, -0.8362, -1.7796, -1.0673, -1.2221, -1.7883,
         -1.3126, -1.9217],
        [-1.4758, -1.5316, -0.2774, -0.5585, -1.3121, -0.6562, -0.3742,  0.0832,
         -0.6970, -1.3492],
        [-1.6727, -1.7327, -0.6007, -0.6905, -1.3766, -0.1904, -0.9139, -0.5083,
         -0.8644, -2.2688],
        [-1.9628, -1.7955, -1.6738, -0.8254, -1.2559, -1.4544, -1.7956, -0.9332,
         -2.0785, -2.1064],
        [ 1.4415,  1.4296,  1.5269,  0.9453,  0.8120,  1.1635,  1.2449,  1.9928,
          1.3487,  2.3287]])]
2---train=0.1820753812789917,test=0.18575292825698853
权重更新前[Parameter containing:
tensor([[ 1.3327, -0.3890,  0.7266,  1.2340,  1.0381,  1.3049,  1.1855,  0.5565,
          1.4162, -1.0434],
        [ 0.9257,  2.4309,  1.9075,  1.3831,  1.6351,  1.2048,  1.0911,  1.9160,
          1.1675,  0.9628],
        [-2.0510, -1.0894, -1.5594, -1.5009, -2.0316, -1.7687, -1.0141, -1.2146,
         -1.1504, -1.5033],
        [-1.4167, -1.1463, -0.9907, -1.0203, -1.3439, -0.7373, -1.8791, -1.8044,
         -1.0162, -1.2281],
        [-1.5906, -1.3468,  0.3312, -0.0472,  0.0719, -0.4773, -1.0505,  0.0852,
          0.4569, -1.9496],
        [-1.3387, -1.5860, -0.2927, -0.8362, -1.7796, -1.0673, -1.2221, -1.7883,
         -1.3126, -1.9217],
        [-1.4758, -1.5316, -0.2774, -0.5585, -1.3121, -0.6562, -0.3742,  0.0832,
         -0.6970, -1.3492],
        [-1.6727, -1.7327, -0.6007, -0.6905, -1.3766, -0.1904, -0.9139, -0.5083,
         -0.8644, -2.2688],
        [-1.9628, -1.7955, -1.6738, -0.8254, -1.2559, -1.4544, -1.7956, -0.9332,
         -2.0785, -2.1064],
        [ 1.4415,  1.4296,  1.5269,  0.9453,  0.8120,  1.1635,  1.2449,  1.9928,
          1.3487,  2.3287]], requires_grad=True)]
Epoch 3: 内层更新后权重 = [tensor([[ 1.7086, -0.2797,  0.8952,  1.3363,  1.2432,  1.4157,  1.3551,  0.7946,
          1.5592, -1.0552],
        [ 1.0523,  2.6830,  2.1019,  1.6224,  1.8048,  1.4011,  1.2753,  2.0511,
          1.3477,  0.9808],
        [-2.3734, -1.4123, -1.7618, -1.6160, -2.3345, -2.0131, -1.3103, -1.5399,
         -1.2989, -1.8285],
        [-1.7779, -1.4602, -1.2432, -1.2562, -1.7199, -0.9418, -2.2010, -2.0744,
         -1.2102, -1.5658],
        [-1.7408, -1.5763,  0.4493,  0.1438,  0.2593, -0.3638, -1.1099,  0.2053,
          0.5544, -2.1729],
        [-1.6521, -1.9034, -0.3984, -0.9738, -2.0919, -1.2356, -1.5311, -1.9960,
         -1.4610, -2.2379],
        [-1.8296, -1.8380, -0.2462, -0.6158, -1.3384, -0.6549, -0.2450,  0.1431,
         -0.6203, -1.6633],
        [-1.9662, -2.0542, -0.5892, -0.7156, -1.5008, -0.1576, -1.0384, -0.4762,
         -0.8980, -2.5642],
        [-2.2902, -2.0742, -1.9121, -1.0741, -1.6213, -1.7002, -2.1849, -1.1850,
         -2.3819, -2.4184],
        [ 1.5812,  1.5378,  1.6391,  1.0619,  0.9329,  1.3208,  1.3980,  2.1459,
          1.5065,  2.6552]])]
Epoch 3: 外层更新后权重 = [tensor([[ 1.7086, -0.2797,  0.8952,  1.3363,  1.2432,  1.4157,  1.3551,  0.7946,
          1.5592, -1.0552],
        [ 1.0523,  2.6830,  2.1019,  1.6224,  1.8048,  1.4011,  1.2753,  2.0511,
          1.3477,  0.9808],
        [-2.3734, -1.4123, -1.7618, -1.6160, -2.3345, -2.0131, -1.3103, -1.5399,
         -1.2989, -1.8285],
        [-1.7779, -1.4602, -1.2432, -1.2562, -1.7199, -0.9418, -2.2010, -2.0744,
         -1.2102, -1.5658],
        [-1.7408, -1.5763,  0.4493,  0.1438,  0.2593, -0.3638, -1.1099,  0.2053,
          0.5544, -2.1729],
        [-1.6521, -1.9034, -0.3984, -0.9738, -2.0919, -1.2356, -1.5311, -1.9960,
         -1.4610, -2.2379],
        [-1.8296, -1.8380, -0.2462, -0.6158, -1.3384, -0.6549, -0.2450,  0.1431,
         -0.6203, -1.6633],
        [-1.9662, -2.0542, -0.5892, -0.7156, -1.5008, -0.1576, -1.0384, -0.4762,
         -0.8980, -2.5642],
        [-2.2902, -2.0742, -1.9121, -1.0741, -1.6213, -1.7002, -2.1849, -1.1850,
         -2.3819, -2.4184],
        [ 1.5812,  1.5378,  1.6391,  1.0619,  0.9329,  1.3208,  1.3980,  2.1459,
          1.5065,  2.6552]])]
3---train=0.15278887748718262,test=0.15182234346866608
权重更新前[Parameter containing:
tensor([[ 1.7086, -0.2797,  0.8952,  1.3363,  1.2432,  1.4157,  1.3551,  0.7946,
          1.5592, -1.0552],
        [ 1.0523,  2.6830,  2.1019,  1.6224,  1.8048,  1.4011,  1.2753,  2.0511,
          1.3477,  0.9808],
        [-2.3734, -1.4123, -1.7618, -1.6160, -2.3345, -2.0131, -1.3103, -1.5399,
         -1.2989, -1.8285],
        [-1.7779, -1.4602, -1.2432, -1.2562, -1.7199, -0.9418, -2.2010, -2.0744,
         -1.2102, -1.5658],
        [-1.7408, -1.5763,  0.4493,  0.1438,  0.2593, -0.3638, -1.1099,  0.2053,
          0.5544, -2.1729],
        [-1.6521, -1.9034, -0.3984, -0.9738, -2.0919, -1.2356, -1.5311, -1.9960,
         -1.4610, -2.2379],
        [-1.8296, -1.8380, -0.2462, -0.6158, -1.3384, -0.6549, -0.2450,  0.1431,
         -0.6203, -1.6633],
        [-1.9662, -2.0542, -0.5892, -0.7156, -1.5008, -0.1576, -1.0384, -0.4762,
         -0.8980, -2.5642],
        [-2.2902, -2.0742, -1.9121, -1.0741, -1.6213, -1.7002, -2.1849, -1.1850,
         -2.3819, -2.4184],
        [ 1.5812,  1.5378,  1.6391,  1.0619,  0.9329,  1.3208,  1.3980,  2.1459,
          1.5065,  2.6552]], requires_grad=True)]
Epoch 4: 内层更新后权重 = [tensor([[ 1.9515, -0.1198,  0.9718,  1.3937,  1.3648,  1.4685,  1.4267,  0.9435,
          1.6466, -1.0244],
        [ 1.0589,  2.8257,  2.2111,  1.8164,  1.9319,  1.5508,  1.3938,  2.0977,
          1.4404,  1.0402],
        [-2.5684, -1.6810, -1.9104, -1.6797, -2.6029, -2.2507, -1.5548, -1.7896,
         -1.3950, -2.1043],
        [-2.0395, -1.7110, -1.4293, -1.3921, -2.0152, -1.0446, -2.4869, -2.2938,
         -1.3216, -1.8181],
        [-1.7558, -1.6739,  0.6565,  0.3156,  0.4683, -0.1803, -1.1408,  0.3268,
          0.6572, -2.2888],
        [-1.8862, -2.1681, -0.4573, -1.1411, -2.4015, -1.3688, -1.7928, -2.1893,
         -1.5815, -2.5073],
        [-1.9342, -2.0411, -0.1537, -0.5474, -1.3031, -0.6274, -0.0128,  0.2825,
         -0.4959, -1.9033],
        [-2.1582, -2.2274, -0.6213, -0.7584, -1.5776, -0.1324, -1.1552, -0.4513,
         -0.9231, -2.7955],
        [-2.5192, -2.2949, -2.0890, -1.2640, -1.9049, -1.8838, -2.4858, -1.3798,
         -2.6121, -2.6475],
        [ 1.6405,  1.5532,  1.7124,  1.0845,  0.9446,  1.4270,  1.4580,  2.2802,
          1.6097,  2.8401]])]
Epoch 4: 外层更新后权重 = [tensor([[ 1.9515, -0.1198,  0.9718,  1.3937,  1.3648,  1.4685,  1.4267,  0.9435,
          1.6466, -1.0244],
        [ 1.0589,  2.8257,  2.2111,  1.8164,  1.9319,  1.5508,  1.3938,  2.0977,
          1.4404,  1.0402],
        [-2.5684, -1.6810, -1.9104, -1.6797, -2.6029, -2.2507, -1.5548, -1.7896,
         -1.3950, -2.1043],
        [-2.0395, -1.7110, -1.4293, -1.3921, -2.0152, -1.0446, -2.4869, -2.2938,
         -1.3216, -1.8181],
        [-1.7558, -1.6739,  0.6565,  0.3156,  0.4683, -0.1803, -1.1408,  0.3268,
          0.6572, -2.2888],
        [-1.8862, -2.1681, -0.4573, -1.1411, -2.4015, -1.3688, -1.7928, -2.1893,
         -1.5815, -2.5073],
        [-1.9342, -2.0411, -0.1537, -0.5474, -1.3031, -0.6274, -0.0128,  0.2825,
         -0.4959, -1.9033],
        [-2.1582, -2.2274, -0.6213, -0.7584, -1.5776, -0.1324, -1.1552, -0.4513,
         -0.9231, -2.7955],
        [-2.5192, -2.2949, -2.0890, -1.2640, -1.9049, -1.8838, -2.4858, -1.3798,
         -2.6121, -2.6475],
        [ 1.6405,  1.5532,  1.7124,  1.0845,  0.9446,  1.4270,  1.4580,  2.2802,
          1.6097,  2.8401]])]
4---train=0.1390535831451416,test=0.13215571641921997
权重更新前[Parameter containing:
tensor([[ 1.9515, -0.1198,  0.9718,  1.3937,  1.3648,  1.4685,  1.4267,  0.9435,
          1.6466, -1.0244],
        [ 1.0589,  2.8257,  2.2111,  1.8164,  1.9319,  1.5508,  1.3938,  2.0977,
          1.4404,  1.0402],
        [-2.5684, -1.6810, -1.9104, -1.6797, -2.6029, -2.2507, -1.5548, -1.7896,
         -1.3950, -2.1043],
        [-2.0395, -1.7110, -1.4293, -1.3921, -2.0152, -1.0446, -2.4869, -2.2938,
         -1.3216, -1.8181],
        [-1.7558, -1.6739,  0.6565,  0.3156,  0.4683, -0.1803, -1.1408,  0.3268,
          0.6572, -2.2888],
        [-1.8862, -2.1681, -0.4573, -1.1411, -2.4015, -1.3688, -1.7928, -2.1893,
         -1.5815, -2.5073],
        [-1.9342, -2.0411, -0.1537, -0.5474, -1.3031, -0.6274, -0.0128,  0.2825,
         -0.4959, -1.9033],
        [-2.1582, -2.2274, -0.6213, -0.7584, -1.5776, -0.1324, -1.1552, -0.4513,
         -0.9231, -2.7955],
        [-2.5192, -2.2949, -2.0890, -1.2640, -1.9049, -1.8838, -2.4858, -1.3798,
         -2.6121, -2.6475],
        [ 1.6405,  1.5532,  1.7124,  1.0845,  0.9446,  1.4270,  1.4580,  2.2802,
          1.6097,  2.8401]], requires_grad=True)]
Epoch 5: 内层更新后权重 = [tensor([[ 2.1118, -0.0403,  1.0759,  1.3893,  1.4034,  1.4884,  1.4858,  1.0439,
          1.7065, -0.8759],
        [ 1.1012,  2.9674,  2.2858,  2.0109,  2.0555,  1.6535,  1.5085,  2.2157,
          1.5089,  1.1086],
        [-2.7380, -1.8862, -2.0098, -1.7179, -2.8108, -2.4423, -1.7636, -1.9977,
         -1.4608, -2.2882],
        [-2.2333, -1.9217, -1.5919, -1.5057, -2.3037, -1.1525, -2.7004, -2.4435,
         -1.3802, -2.0017],
        [-1.7002, -1.7644,  0.7982,  0.4684,  0.6588, -0.0455, -1.0846,  0.4349,
          0.7055, -2.3495],
        [-2.0416, -2.3614, -0.4233, -1.2276, -2.5758, -1.3460, -2.0615, -2.1885,
         -1.5814, -2.6815],
        [-1.9927, -2.2249, -0.0921, -0.5486, -1.3216, -0.5720,  0.1625,  0.3070,
         -0.3822, -2.0686],
        [-2.3017, -2.3738, -0.6286, -0.7661, -1.5568, -0.1433, -1.2424, -0.4477,
         -0.9042, -2.9139],
        [-2.6788, -2.4741, -2.2319, -1.4117, -2.1541, -2.1087, -2.7295, -1.5183,
         -2.8346, -2.8260],
        [ 1.6103,  1.5269,  1.7127,  1.0681,  0.9252,  1.4822,  1.4643,  2.2816,
          1.6748,  2.8864]])]
Epoch 5: 外层更新后权重 = [tensor([[ 2.1118, -0.0403,  1.0759,  1.3893,  1.4034,  1.4884,  1.4858,  1.0439,
          1.7065, -0.8759],
        [ 1.1012,  2.9674,  2.2858,  2.0109,  2.0555,  1.6535,  1.5085,  2.2157,
          1.5089,  1.1086],
        [-2.7380, -1.8862, -2.0098, -1.7179, -2.8108, -2.4423, -1.7636, -1.9977,
         -1.4608, -2.2882],
        [-2.2333, -1.9217, -1.5919, -1.5057, -2.3037, -1.1525, -2.7004, -2.4435,
         -1.3802, -2.0017],
        [-1.7002, -1.7644,  0.7982,  0.4684,  0.6588, -0.0455, -1.0846,  0.4349,
          0.7055, -2.3495],
        [-2.0416, -2.3614, -0.4233, -1.2276, -2.5758, -1.3460, -2.0615, -2.1885,
         -1.5814, -2.6815],
        [-1.9927, -2.2249, -0.0921, -0.5486, -1.3216, -0.5720,  0.1625,  0.3070,
         -0.3822, -2.0686],
        [-2.3017, -2.3738, -0.6286, -0.7661, -1.5568, -0.1433, -1.2424, -0.4477,
         -0.9042, -2.9139],
        [-2.6788, -2.4741, -2.2319, -1.4117, -2.1541, -2.1087, -2.7295, -1.5183,
         -2.8346, -2.8260],
        [ 1.6103,  1.5269,  1.7127,  1.0681,  0.9252,  1.4822,  1.4643,  2.2816,
          1.6748,  2.8864]])]
5---train=0.13201743364334106,test=0.12202058732509613
权重更新前[Parameter containing:
tensor([[ 2.1118, -0.0403,  1.0759,  1.3893,  1.4034,  1.4884,  1.4858,  1.0439,
          1.7065, -0.8759],
        [ 1.1012,  2.9674,  2.2858,  2.0109,  2.0555,  1.6535,  1.5085,  2.2157,
          1.5089,  1.1086],
        [-2.7380, -1.8862, -2.0098, -1.7179, -2.8108, -2.4423, -1.7636, -1.9977,
         -1.4608, -2.2882],
        [-2.2333, -1.9217, -1.5919, -1.5057, -2.3037, -1.1525, -2.7004, -2.4435,
         -1.3802, -2.0017],
        [-1.7002, -1.7644,  0.7982,  0.4684,  0.6588, -0.0455, -1.0846,  0.4349,
          0.7055, -2.3495],
        [-2.0416, -2.3614, -0.4233, -1.2276, -2.5758, -1.3460, -2.0615, -2.1885,
         -1.5814, -2.6815],
        [-1.9927, -2.2249, -0.0921, -0.5486, -1.3216, -0.5720,  0.1625,  0.3070,
         -0.3822, -2.0686],
        [-2.3017, -2.3738, -0.6286, -0.7661, -1.5568, -0.1433, -1.2424, -0.4477,
         -0.9042, -2.9139],
        [-2.6788, -2.4741, -2.2319, -1.4117, -2.1541, -2.1087, -2.7295, -1.5183,
         -2.8346, -2.8260],
        [ 1.6103,  1.5269,  1.7127,  1.0681,  0.9252,  1.4822,  1.4643,  2.2816,
          1.6748,  2.8864]], requires_grad=True)]
Epoch 6: 内层更新后权重 = [tensor([[ 2.1762,  0.0331,  1.1367,  1.3712,  1.4226,  1.4600,  1.4568,  1.0959,
          1.6647, -0.8338],
        [ 1.1516,  3.0235,  2.3642,  2.1203,  2.1017,  1.7557,  1.5720,  2.2560,
          1.5793,  1.1107],
        [-2.8613, -2.0655, -2.0683, -1.7333, -2.9856, -2.6058, -1.9667, -2.1769,
         -1.5007, -2.4516],
        [-2.3937, -2.0927, -1.7244, -1.5754, -2.5157, -1.2054, -2.8067, -2.5569,
         -1.4028, -2.1643],
        [-1.5636, -1.8153,  0.8911,  0.5400,  0.7153,  0.0501, -1.1334,  0.4780,
          0.6991, -2.3636],
        [-2.1765, -2.5279, -0.3828, -1.2905, -2.7215, -1.3523, -2.2437, -2.2586,
         -1.5959, -2.8316],
        [-2.0054, -2.3674, -0.0394, -0.5389, -1.2054, -0.5826,  0.2980,  0.3025,
         -0.2660, -2.2400],
        [-2.3646, -2.4922, -0.5939, -0.7447, -1.4471, -0.0418, -1.1978, -0.3341,
         -0.8501, -2.9964],
        [-2.8246, -2.6343, -2.3725, -1.5482, -2.3770, -2.2553, -2.9412, -1.6447,
         -3.0148, -2.9717],
        [ 1.5785,  1.5656,  1.6905,  1.0908,  0.9293,  1.5137,  1.5236,  2.3173,
          1.7522,  2.9754]])]
Epoch 6: 外层更新后权重 = [tensor([[ 2.1762,  0.0331,  1.1367,  1.3712,  1.4226,  1.4600,  1.4568,  1.0959,
          1.6647, -0.8338],
        [ 1.1516,  3.0235,  2.3642,  2.1203,  2.1017,  1.7557,  1.5720,  2.2560,
          1.5793,  1.1107],
        [-2.8613, -2.0655, -2.0683, -1.7333, -2.9856, -2.6058, -1.9667, -2.1769,
         -1.5007, -2.4516],
        [-2.3937, -2.0927, -1.7244, -1.5754, -2.5157, -1.2054, -2.8067, -2.5569,
         -1.4028, -2.1643],
        [-1.5636, -1.8153,  0.8911,  0.5400,  0.7153,  0.0501, -1.1334,  0.4780,
          0.6991, -2.3636],
        [-2.1765, -2.5279, -0.3828, -1.2905, -2.7215, -1.3523, -2.2437, -2.2586,
         -1.5959, -2.8316],
        [-2.0054, -2.3674, -0.0394, -0.5389, -1.2054, -0.5826,  0.2980,  0.3025,
         -0.2660, -2.2400],
        [-2.3646, -2.4922, -0.5939, -0.7447, -1.4471, -0.0418, -1.1978, -0.3341,
         -0.8501, -2.9964],
        [-2.8246, -2.6343, -2.3725, -1.5482, -2.3770, -2.2553, -2.9412, -1.6447,
         -3.0148, -2.9717],
        [ 1.5785,  1.5656,  1.6905,  1.0908,  0.9293,  1.5137,  1.5236,  2.3173,
          1.7522,  2.9754]])]
6---train=0.12765555083751678,test=0.11557125300168991
权重更新前[Parameter containing:
tensor([[ 2.1762,  0.0331,  1.1367,  1.3712,  1.4226,  1.4600,  1.4568,  1.0959,
          1.6647, -0.8338],
        [ 1.1516,  3.0235,  2.3642,  2.1203,  2.1017,  1.7557,  1.5720,  2.2560,
          1.5793,  1.1107],
        [-2.8613, -2.0655, -2.0683, -1.7333, -2.9856, -2.6058, -1.9667, -2.1769,
         -1.5007, -2.4516],
        [-2.3937, -2.0927, -1.7244, -1.5754, -2.5157, -1.2054, -2.8067, -2.5569,
         -1.4028, -2.1643],
        [-1.5636, -1.8153,  0.8911,  0.5400,  0.7153,  0.0501, -1.1334,  0.4780,
          0.6991, -2.3636],
        [-2.1765, -2.5279, -0.3828, -1.2905, -2.7215, -1.3523, -2.2437, -2.2586,
         -1.5959, -2.8316],
        [-2.0054, -2.3674, -0.0394, -0.5389, -1.2054, -0.5826,  0.2980,  0.3025,
         -0.2660, -2.2400],
        [-2.3646, -2.4922, -0.5939, -0.7447, -1.4471, -0.0418, -1.1978, -0.3341,
         -0.8501, -2.9964],
        [-2.8246, -2.6343, -2.3725, -1.5482, -2.3770, -2.2553, -2.9412, -1.6447,
         -3.0148, -2.9717],
        [ 1.5785,  1.5656,  1.6905,  1.0908,  0.9293,  1.5137,  1.5236,  2.3173,
          1.7522,  2.9754]], requires_grad=True)]
Epoch 7: 内层更新后权重 = [tensor([[ 2.2493,  0.1239,  1.2008,  1.3516,  1.4611,  1.4301,  1.4629,  1.1686,
          1.6595, -0.7743],
        [ 1.1252,  3.0190,  2.3565,  2.2447,  2.1041,  1.8156,  1.5664,  2.2651,
          1.6140,  1.0575],
        [-2.9778, -2.2371, -2.1334, -1.7416, -3.1210, -2.7604, -2.1442, -2.3043,
         -1.5730, -2.6025],
        [-2.5432, -2.2396, -1.8575, -1.6197, -2.7013, -1.2350, -2.8924, -2.6720,
         -1.4032, -2.3192],
        [-1.4713, -1.8686,  0.9702,  0.6309,  0.8177,  0.1179, -1.0541,  0.4858,
          0.6848, -2.3263],
        [-2.3185, -2.6852, -0.3453, -1.3574, -2.8137, -1.3284, -2.4075, -2.2220,
         -1.6024, -2.9623],
        [-1.9205, -2.4794,  0.0558, -0.5722, -1.2422, -0.6169,  0.3891,  0.3449,
         -0.1646, -2.3589],
        [-2.4390, -2.5938, -0.5872, -0.7319, -1.3289,  0.0054, -1.2425, -0.2995,
         -0.8192, -3.0536],
        [-2.9539, -2.7636, -2.4479, -1.6635, -2.5600, -2.3827, -3.0941, -1.7657,
         -3.1539, -3.1047],
        [ 1.5934,  1.6387,  1.7165,  1.0785,  0.9453,  1.5870,  1.5845,  2.3583,
          1.8289,  3.0682]])]
Epoch 7: 外层更新后权重 = [tensor([[ 2.2493,  0.1239,  1.2008,  1.3516,  1.4611,  1.4301,  1.4629,  1.1686,
          1.6595, -0.7743],
        [ 1.1252,  3.0190,  2.3565,  2.2447,  2.1041,  1.8156,  1.5664,  2.2651,
          1.6140,  1.0575],
        [-2.9778, -2.2371, -2.1334, -1.7416, -3.1210, -2.7604, -2.1442, -2.3043,
         -1.5730, -2.6025],
        [-2.5432, -2.2396, -1.8575, -1.6197, -2.7013, -1.2350, -2.8924, -2.6720,
         -1.4032, -2.3192],
        [-1.4713, -1.8686,  0.9702,  0.6309,  0.8177,  0.1179, -1.0541,  0.4858,
          0.6848, -2.3263],
        [-2.3185, -2.6852, -0.3453, -1.3574, -2.8137, -1.3284, -2.4075, -2.2220,
         -1.6024, -2.9623],
        [-1.9205, -2.4794,  0.0558, -0.5722, -1.2422, -0.6169,  0.3891,  0.3449,
         -0.1646, -2.3589],
        [-2.4390, -2.5938, -0.5872, -0.7319, -1.3289,  0.0054, -1.2425, -0.2995,
         -0.8192, -3.0536],
        [-2.9539, -2.7636, -2.4479, -1.6635, -2.5600, -2.3827, -3.0941, -1.7657,
         -3.1539, -3.1047],
        [ 1.5934,  1.6387,  1.7165,  1.0785,  0.9453,  1.5870,  1.5845,  2.3583,
          1.8289,  3.0682]])]
7---train=0.12487003207206726,test=0.1111823245882988
权重更新前[Parameter containing:
tensor([[ 2.2493,  0.1239,  1.2008,  1.3516,  1.4611,  1.4301,  1.4629,  1.1686,
          1.6595, -0.7743],
        [ 1.1252,  3.0190,  2.3565,  2.2447,  2.1041,  1.8156,  1.5664,  2.2651,
          1.6140,  1.0575],
        [-2.9778, -2.2371, -2.1334, -1.7416, -3.1210, -2.7604, -2.1442, -2.3043,
         -1.5730, -2.6025],
        [-2.5432, -2.2396, -1.8575, -1.6197, -2.7013, -1.2350, -2.8924, -2.6720,
         -1.4032, -2.3192],
        [-1.4713, -1.8686,  0.9702,  0.6309,  0.8177,  0.1179, -1.0541,  0.4858,
          0.6848, -2.3263],
        [-2.3185, -2.6852, -0.3453, -1.3574, -2.8137, -1.3284, -2.4075, -2.2220,
         -1.6024, -2.9623],
        [-1.9205, -2.4794,  0.0558, -0.5722, -1.2422, -0.6169,  0.3891,  0.3449,
         -0.1646, -2.3589],
        [-2.4390, -2.5938, -0.5872, -0.7319, -1.3289,  0.0054, -1.2425, -0.2995,
         -0.8192, -3.0536],
        [-2.9539, -2.7636, -2.4479, -1.6635, -2.5600, -2.3827, -3.0941, -1.7657,
         -3.1539, -3.1047],
        [ 1.5934,  1.6387,  1.7165,  1.0785,  0.9453,  1.5870,  1.5845,  2.3583,
          1.8289,  3.0682]], requires_grad=True)]
Epoch 8: 内层更新后权重 = [tensor([[ 2.3015,  0.1667,  1.2692,  1.2622,  1.4686,  1.3788,  1.4836,  1.2235,
          1.6808, -0.6968],
        [ 1.1189,  3.0656,  2.3799,  2.3920,  2.1892,  1.9418,  1.6161,  2.2903,
          1.6463,  1.0606],
        [-3.0752, -2.3982, -2.1093, -1.6741, -3.2449, -2.8434, -2.3046, -2.3972,
         -1.5817, -2.7361],
        [-2.6662, -2.3763, -2.0112, -1.6750, -2.8728, -1.2562, -2.9584, -2.7499,
         -1.3882, -2.4488],
        [-1.4140, -1.9090,  1.0530,  0.7079,  0.8456,  0.1800, -1.0599,  0.4951,
          0.6875, -2.3384],
        [-2.4222, -2.8235, -0.2990, -1.3930, -2.8774, -1.2927, -2.4815, -2.1535,
         -1.5634, -3.0877],
        [-1.8543, -2.5981,  0.0635, -0.6134, -1.2016, -0.6923,  0.4501,  0.3167,
         -0.1340, -2.4753],
        [-2.4854, -2.6828, -0.5834, -0.7484, -1.2236,  0.0218, -1.2061, -0.2831,
         -0.8227, -3.1135],
        [-3.0583, -2.8967, -2.5501, -1.7678, -2.7288, -2.4926, -3.2205, -1.8234,
         -3.2878, -3.2154],
        [ 1.5892,  1.6485,  1.6935,  1.0642,  0.8995,  1.5847,  1.5629,  2.3769,
          1.8644,  3.1052]])]
Epoch 8: 外层更新后权重 = [tensor([[ 2.3015,  0.1667,  1.2692,  1.2622,  1.4686,  1.3788,  1.4836,  1.2235,
          1.6808, -0.6968],
        [ 1.1189,  3.0656,  2.3799,  2.3920,  2.1892,  1.9418,  1.6161,  2.2903,
          1.6463,  1.0606],
        [-3.0752, -2.3982, -2.1093, -1.6741, -3.2449, -2.8434, -2.3046, -2.3972,
         -1.5817, -2.7361],
        [-2.6662, -2.3763, -2.0112, -1.6750, -2.8728, -1.2562, -2.9584, -2.7499,
         -1.3882, -2.4488],
        [-1.4140, -1.9090,  1.0530,  0.7079,  0.8456,  0.1800, -1.0599,  0.4951,
          0.6875, -2.3384],
        [-2.4222, -2.8235, -0.2990, -1.3930, -2.8774, -1.2927, -2.4815, -2.1535,
         -1.5634, -3.0877],
        [-1.8543, -2.5981,  0.0635, -0.6134, -1.2016, -0.6923,  0.4501,  0.3167,
         -0.1340, -2.4753],
        [-2.4854, -2.6828, -0.5834, -0.7484, -1.2236,  0.0218, -1.2061, -0.2831,
         -0.8227, -3.1135],
        [-3.0583, -2.8967, -2.5501, -1.7678, -2.7288, -2.4926, -3.2205, -1.8234,
         -3.2878, -3.2154],
        [ 1.5892,  1.6485,  1.6935,  1.0642,  0.8995,  1.5847,  1.5629,  2.3769,
          1.8644,  3.1052]])]
8---train=0.12257632613182068,test=0.1087079793214798
权重更新前[Parameter containing:
tensor([[ 2.3015,  0.1667,  1.2692,  1.2622,  1.4686,  1.3788,  1.4836,  1.2235,
          1.6808, -0.6968],
        [ 1.1189,  3.0656,  2.3799,  2.3920,  2.1892,  1.9418,  1.6161,  2.2903,
          1.6463,  1.0606],
        [-3.0752, -2.3982, -2.1093, -1.6741, -3.2449, -2.8434, -2.3046, -2.3972,
         -1.5817, -2.7361],
        [-2.6662, -2.3763, -2.0112, -1.6750, -2.8728, -1.2562, -2.9584, -2.7499,
         -1.3882, -2.4488],
        [-1.4140, -1.9090,  1.0530,  0.7079,  0.8456,  0.1800, -1.0599,  0.4951,
          0.6875, -2.3384],
        [-2.4222, -2.8235, -0.2990, -1.3930, -2.8774, -1.2927, -2.4815, -2.1535,
         -1.5634, -3.0877],
        [-1.8543, -2.5981,  0.0635, -0.6134, -1.2016, -0.6923,  0.4501,  0.3167,
         -0.1340, -2.4753],
        [-2.4854, -2.6828, -0.5834, -0.7484, -1.2236,  0.0218, -1.2061, -0.2831,
         -0.8227, -3.1135],
        [-3.0583, -2.8967, -2.5501, -1.7678, -2.7288, -2.4926, -3.2205, -1.8234,
         -3.2878, -3.2154],
        [ 1.5892,  1.6485,  1.6935,  1.0642,  0.8995,  1.5847,  1.5629,  2.3769,
          1.8644,  3.1052]], requires_grad=True)]
Epoch 9: 内层更新后权重 = [tensor([[ 2.3358,  0.2284,  1.3147,  1.2138,  1.4562,  1.3169,  1.4343,  1.2480,
          1.6829, -0.6495],
        [ 1.1277,  3.1241,  2.4647,  2.5062,  2.2319,  2.0345,  1.6767,  2.3382,
          1.7354,  1.1154],
        [-3.1658, -2.5511, -2.0826, -1.6407, -3.3419, -3.0379, -2.4434, -2.5040,
         -1.5470, -2.8601],
        [-2.7783, -2.5000, -2.1495, -1.7794, -3.0023, -1.2732, -3.0102, -2.8614,
         -1.4917, -2.5681],
        [-1.3065, -1.9584,  1.0852,  0.7625,  0.8024,  0.1798, -1.1084,  0.4752,
          0.6228, -2.3158],
        [-2.5203, -2.9435, -0.2106, -1.4369, -2.9164, -1.2878, -2.5498, -2.1241,
         -1.6269, -3.2055],
        [-1.7599, -2.7066,  0.0665, -0.6305, -1.1132, -0.7082,  0.5465,  0.3119,
         -0.0661, -2.5615],
        [-2.5080, -2.7277, -0.4871, -0.7063, -1.0692,  0.1003, -1.1858, -0.1813,
         -0.7163, -3.1490],
        [-3.1689, -3.0161, -2.7197, -1.7274, -2.8568, -2.4708, -3.3507, -1.9604,
         -3.3475, -3.3191],
        [ 1.5451,  1.6105,  1.6167,  1.0338,  0.8771,  1.6003,  1.5684,  2.3751,
          1.8406,  3.0956]])]
Epoch 9: 外层更新后权重 = [tensor([[ 2.3358,  0.2284,  1.3147,  1.2138,  1.4562,  1.3169,  1.4343,  1.2480,
          1.6829, -0.6495],
        [ 1.1277,  3.1241,  2.4647,  2.5062,  2.2319,  2.0345,  1.6767,  2.3382,
          1.7354,  1.1154],
        [-3.1658, -2.5511, -2.0826, -1.6407, -3.3419, -3.0379, -2.4434, -2.5040,
         -1.5470, -2.8601],
        [-2.7783, -2.5000, -2.1495, -1.7794, -3.0023, -1.2732, -3.0102, -2.8614,
         -1.4917, -2.5681],
        [-1.3065, -1.9584,  1.0852,  0.7625,  0.8024,  0.1798, -1.1084,  0.4752,
          0.6228, -2.3158],
        [-2.5203, -2.9435, -0.2106, -1.4369, -2.9164, -1.2878, -2.5498, -2.1241,
         -1.6269, -3.2055],
        [-1.7599, -2.7066,  0.0665, -0.6305, -1.1132, -0.7082,  0.5465,  0.3119,
         -0.0661, -2.5615],
        [-2.5080, -2.7277, -0.4871, -0.7063, -1.0692,  0.1003, -1.1858, -0.1813,
         -0.7163, -3.1490],
        [-3.1689, -3.0161, -2.7197, -1.7274, -2.8568, -2.4708, -3.3507, -1.9604,
         -3.3475, -3.3191],
        [ 1.5451,  1.6105,  1.6167,  1.0338,  0.8771,  1.6003,  1.5684,  2.3751,
          1.8406,  3.0956]])]
9---train=0.12115249037742615,test=0.1070636436343193
权重更新前[Parameter containing:
tensor([[ 2.3358,  0.2284,  1.3147,  1.2138,  1.4562,  1.3169,  1.4343,  1.2480,
          1.6829, -0.6495],
        [ 1.1277,  3.1241,  2.4647,  2.5062,  2.2319,  2.0345,  1.6767,  2.3382,
          1.7354,  1.1154],
        [-3.1658, -2.5511, -2.0826, -1.6407, -3.3419, -3.0379, -2.4434, -2.5040,
         -1.5470, -2.8601],
        [-2.7783, -2.5000, -2.1495, -1.7794, -3.0023, -1.2732, -3.0102, -2.8614,
         -1.4917, -2.5681],
        [-1.3065, -1.9584,  1.0852,  0.7625,  0.8024,  0.1798, -1.1084,  0.4752,
          0.6228, -2.3158],
        [-2.5203, -2.9435, -0.2106, -1.4369, -2.9164, -1.2878, -2.5498, -2.1241,
         -1.6269, -3.2055],
        [-1.7599, -2.7066,  0.0665, -0.6305, -1.1132, -0.7082,  0.5465,  0.3119,
         -0.0661, -2.5615],
        [-2.5080, -2.7277, -0.4871, -0.7063, -1.0692,  0.1003, -1.1858, -0.1813,
         -0.7163, -3.1490],
        [-3.1689, -3.0161, -2.7197, -1.7274, -2.8568, -2.4708, -3.3507, -1.9604,
         -3.3475, -3.3191],
        [ 1.5451,  1.6105,  1.6167,  1.0338,  0.8771,  1.6003,  1.5684,  2.3751,
          1.8406,  3.0956]], requires_grad=True)]
Epoch 10: 内层更新后权重 = [tensor([[ 2.3709,  0.2699,  1.3598,  1.1529,  1.4741,  1.2674,  1.3996,  1.3114,
          1.6367, -0.6128],
        [ 1.1190,  3.1091,  2.4764,  2.6039,  2.2287,  2.0879,  1.7294,  2.3362,
          1.7810,  1.0803],
        [-3.2510, -2.6864, -2.0517, -1.5923, -3.4375, -3.1403, -2.5838, -2.5904,
         -1.5457, -2.9751],
        [-2.8867, -2.6115, -2.2737, -1.8590, -3.1281, -1.2619, -3.0840, -2.9267,
         -1.5826, -2.6853],
        [-1.2376, -1.9393,  1.1664,  0.8142,  0.8562,  0.2138, -1.0623,  0.5089,
          0.5636, -2.2697],
        [-2.6164, -3.0631, -0.1555, -1.4892, -2.9309, -1.2410, -2.6007, -2.0562,
         -1.5808, -3.3151],
        [-1.7279, -2.7566,  0.0891, -0.6225, -1.1130, -0.7761,  0.6091,  0.3457,
          0.0137, -2.6593],
        [-2.5338, -2.7312, -0.4873, -0.7254, -1.0101,  0.1307, -1.2134, -0.1897,
         -0.6933, -3.1812],
        [-3.2781, -3.1282, -2.8213, -1.6976, -3.0171, -2.5803, -3.4652, -2.0614,
         -3.4273, -3.4242],
        [ 1.5532,  1.6530,  1.5957,  1.0219,  0.8764,  1.6442,  1.5546,  2.3809,
          1.8965,  3.1521]])]
Epoch 10: 外层更新后权重 = [tensor([[ 2.3709,  0.2699,  1.3598,  1.1529,  1.4741,  1.2674,  1.3996,  1.3114,
          1.6367, -0.6128],
        [ 1.1190,  3.1091,  2.4764,  2.6039,  2.2287,  2.0879,  1.7294,  2.3362,
          1.7810,  1.0803],
        [-3.2510, -2.6864, -2.0517, -1.5923, -3.4375, -3.1403, -2.5838, -2.5904,
         -1.5457, -2.9751],
        [-2.8867, -2.6115, -2.2737, -1.8590, -3.1281, -1.2619, -3.0840, -2.9267,
         -1.5826, -2.6853],
        [-1.2376, -1.9393,  1.1664,  0.8142,  0.8562,  0.2138, -1.0623,  0.5089,
          0.5636, -2.2697],
        [-2.6164, -3.0631, -0.1555, -1.4892, -2.9309, -1.2410, -2.6007, -2.0562,
         -1.5808, -3.3151],
        [-1.7279, -2.7566,  0.0891, -0.6225, -1.1130, -0.7761,  0.6091,  0.3457,
          0.0137, -2.6593],
        [-2.5338, -2.7312, -0.4873, -0.7254, -1.0101,  0.1307, -1.2134, -0.1897,
         -0.6933, -3.1812],
        [-3.2781, -3.1282, -2.8213, -1.6976, -3.0171, -2.5803, -3.4652, -2.0614,
         -3.4273, -3.4242],
        [ 1.5532,  1.6530,  1.5957,  1.0219,  0.8764,  1.6442,  1.5546,  2.3809,
          1.8965,  3.1521]])]
10---train=0.11954177916049957,test=0.10486538708209991
权重更新前[Parameter containing:
tensor([[ 2.3709,  0.2699,  1.3598,  1.1529,  1.4741,  1.2674,  1.3996,  1.3114,
          1.6367, -0.6128],
        [ 1.1190,  3.1091,  2.4764,  2.6039,  2.2287,  2.0879,  1.7294,  2.3362,
          1.7810,  1.0803],
        [-3.2510, -2.6864, -2.0517, -1.5923, -3.4375, -3.1403, -2.5838, -2.5904,
         -1.5457, -2.9751],
        [-2.8867, -2.6115, -2.2737, -1.8590, -3.1281, -1.2619, -3.0840, -2.9267,
         -1.5826, -2.6853],
        [-1.2376, -1.9393,  1.1664,  0.8142,  0.8562,  0.2138, -1.0623,  0.5089,
          0.5636, -2.2697],
        [-2.6164, -3.0631, -0.1555, -1.4892, -2.9309, -1.2410, -2.6007, -2.0562,
         -1.5808, -3.3151],
        [-1.7279, -2.7566,  0.0891, -0.6225, -1.1130, -0.7761,  0.6091,  0.3457,
          0.0137, -2.6593],
        [-2.5338, -2.7312, -0.4873, -0.7254, -1.0101,  0.1307, -1.2134, -0.1897,
         -0.6933, -3.1812],
        [-3.2781, -3.1282, -2.8213, -1.6976, -3.0171, -2.5803, -3.4652, -2.0614,
         -3.4273, -3.4242],
        [ 1.5532,  1.6530,  1.5957,  1.0219,  0.8764,  1.6442,  1.5546,  2.3809,
          1.8965,  3.1521]], requires_grad=True)]
Epoch 11: 内层更新后权重 = [tensor([[ 2.3867,  0.2443,  1.3688,  1.0586,  1.4628,  1.2423,  1.4005,  1.3269,
          1.5969, -0.6004],
        [ 1.1544,  3.1559,  2.5889,  2.7234,  2.2643,  2.1422,  1.7430,  2.4015,
          1.8073,  1.0915],
        [-3.3332, -2.8020, -2.0347, -1.5359, -3.5347, -3.2467, -2.7046, -2.6844,
         -1.5696, -3.0794],
        [-2.9982, -2.7180, -2.3957, -1.8869, -3.2229, -1.2732, -3.1219, -3.0108,
         -1.5532, -2.7923],
        [-1.2285, -1.9526,  1.2379,  0.8757,  0.8734,  0.2573, -1.0805,  0.5447,
          0.5317, -2.2496],
        [-2.7243, -3.1646, -0.0995, -1.5412, -2.9527, -1.2578, -2.6713, -2.0072,
         -1.6404, -3.4285],
        [-1.6618, -2.8338,  0.1159, -0.6766, -1.0728, -0.8459,  0.6534,  0.3215,
          0.0414, -2.7238],
        [-2.5672, -2.7611, -0.5073, -0.7154, -1.0084,  0.1513, -1.1602, -0.1721,
         -0.6859, -3.2123],
        [-3.3893, -3.2369, -2.8798, -1.7636, -3.1369, -2.5367, -3.5734, -2.0994,
         -3.4833, -3.5215],
        [ 1.5523,  1.6585,  1.5075,  1.0009,  0.8781,  1.6719,  1.5569,  2.3598,
          1.9657,  3.1748]])]
Epoch 11: 外层更新后权重 = [tensor([[ 2.3867,  0.2443,  1.3688,  1.0586,  1.4628,  1.2423,  1.4005,  1.3269,
          1.5969, -0.6004],
        [ 1.1544,  3.1559,  2.5889,  2.7234,  2.2643,  2.1422,  1.7430,  2.4015,
          1.8073,  1.0915],
        [-3.3332, -2.8020, -2.0347, -1.5359, -3.5347, -3.2467, -2.7046, -2.6844,
         -1.5696, -3.0794],
        [-2.9982, -2.7180, -2.3957, -1.8869, -3.2229, -1.2732, -3.1219, -3.0108,
         -1.5532, -2.7923],
        [-1.2285, -1.9526,  1.2379,  0.8757,  0.8734,  0.2573, -1.0805,  0.5447,
          0.5317, -2.2496],
        [-2.7243, -3.1646, -0.0995, -1.5412, -2.9527, -1.2578, -2.6713, -2.0072,
         -1.6404, -3.4285],
        [-1.6618, -2.8338,  0.1159, -0.6766, -1.0728, -0.8459,  0.6534,  0.3215,
          0.0414, -2.7238],
        [-2.5672, -2.7611, -0.5073, -0.7154, -1.0084,  0.1513, -1.1602, -0.1721,
         -0.6859, -3.2123],
        [-3.3893, -3.2369, -2.8798, -1.7636, -3.1369, -2.5367, -3.5734, -2.0994,
         -3.4833, -3.5215],
        [ 1.5523,  1.6585,  1.5075,  1.0009,  0.8781,  1.6719,  1.5569,  2.3598,
          1.9657,  3.1748]])]
11---train=0.11872012168169022,test=0.10368449240922928
权重更新前[Parameter containing:
tensor([[ 2.3867,  0.2443,  1.3688,  1.0586,  1.4628,  1.2423,  1.4005,  1.3269,
          1.5969, -0.6004],
        [ 1.1544,  3.1559,  2.5889,  2.7234,  2.2643,  2.1422,  1.7430,  2.4015,
          1.8073,  1.0915],
        [-3.3332, -2.8020, -2.0347, -1.5359, -3.5347, -3.2467, -2.7046, -2.6844,
         -1.5696, -3.0794],
        [-2.9982, -2.7180, -2.3957, -1.8869, -3.2229, -1.2732, -3.1219, -3.0108,
         -1.5532, -2.7923],
        [-1.2285, -1.9526,  1.2379,  0.8757,  0.8734,  0.2573, -1.0805,  0.5447,
          0.5317, -2.2496],
        [-2.7243, -3.1646, -0.0995, -1.5412, -2.9527, -1.2578, -2.6713, -2.0072,
         -1.6404, -3.4285],
        [-1.6618, -2.8338,  0.1159, -0.6766, -1.0728, -0.8459,  0.6534,  0.3215,
          0.0414, -2.7238],
        [-2.5672, -2.7611, -0.5073, -0.7154, -1.0084,  0.1513, -1.1602, -0.1721,
         -0.6859, -3.2123],
        [-3.3893, -3.2369, -2.8798, -1.7636, -3.1369, -2.5367, -3.5734, -2.0994,
         -3.4833, -3.5215],
        [ 1.5523,  1.6585,  1.5075,  1.0009,  0.8781,  1.6719,  1.5569,  2.3598,
          1.9657,  3.1748]], requires_grad=True)]
Epoch 12: 内层更新后权重 = [tensor([[ 2.4098,  0.2916,  1.4071,  0.9866,  1.4713,  1.1923,  1.3671,  1.3727,
          1.5490, -0.5861],
        [ 1.1224,  3.1364,  2.5456,  2.7596,  2.2975,  2.1659,  1.7751,  2.3713,
          1.8185,  1.0812],
        [-3.4098, -2.9322, -1.9577, -1.4602, -3.6266, -3.3301, -2.8221, -2.7638,
         -1.5429, -3.1912],
        [-3.0892, -2.8283, -2.5492, -1.9131, -3.3091, -1.2953, -3.1521, -3.0924,
         -1.5182, -2.9071],
        [-1.1496, -1.9230,  1.3066,  0.9217,  0.9108,  0.2811, -1.0282,  0.5769,
          0.4267, -2.2149],
        [-2.8081, -3.2653, -0.0471, -1.5852, -2.9429, -1.2710, -2.7228, -1.9669,
         -1.6881, -3.5371],
        [-1.6077, -2.8754,  0.1370, -0.6971, -1.0736, -0.8892,  0.6614,  0.2933,
          0.1095, -2.7520],
        [-2.5790, -2.7838, -0.4859, -0.7103, -0.9706,  0.1748, -1.1119, -0.1473,
         -0.6238, -3.2229],
        [-3.4856, -3.3320, -3.0069, -1.8615, -3.2496, -2.4968, -3.6731, -2.1547,
         -3.5666, -3.6104],
        [ 1.5682,  1.6893,  1.5353,  1.0362,  0.8289,  1.7309,  1.5287,  2.4066,
          2.0348,  3.2051]])]
Epoch 12: 外层更新后权重 = [tensor([[ 2.4098,  0.2916,  1.4071,  0.9866,  1.4713,  1.1923,  1.3671,  1.3727,
          1.5490, -0.5861],
        [ 1.1224,  3.1364,  2.5456,  2.7596,  2.2975,  2.1659,  1.7751,  2.3713,
          1.8185,  1.0812],
        [-3.4098, -2.9322, -1.9577, -1.4602, -3.6266, -3.3301, -2.8221, -2.7638,
         -1.5429, -3.1912],
        [-3.0892, -2.8283, -2.5492, -1.9131, -3.3091, -1.2953, -3.1521, -3.0924,
         -1.5182, -2.9071],
        [-1.1496, -1.9230,  1.3066,  0.9217,  0.9108,  0.2811, -1.0282,  0.5769,
          0.4267, -2.2149],
        [-2.8081, -3.2653, -0.0471, -1.5852, -2.9429, -1.2710, -2.7228, -1.9669,
         -1.6881, -3.5371],
        [-1.6077, -2.8754,  0.1370, -0.6971, -1.0736, -0.8892,  0.6614,  0.2933,
          0.1095, -2.7520],
        [-2.5790, -2.7838, -0.4859, -0.7103, -0.9706,  0.1748, -1.1119, -0.1473,
         -0.6238, -3.2229],
        [-3.4856, -3.3320, -3.0069, -1.8615, -3.2496, -2.4968, -3.6731, -2.1547,
         -3.5666, -3.6104],
        [ 1.5682,  1.6893,  1.5353,  1.0362,  0.8289,  1.7309,  1.5287,  2.4066,
          2.0348,  3.2051]])]
12---train=0.11768362671136856,test=0.1023363471031189
权重更新前[Parameter containing:
tensor([[ 2.4098,  0.2916,  1.4071,  0.9866,  1.4713,  1.1923,  1.3671,  1.3727,
          1.5490, -0.5861],
        [ 1.1224,  3.1364,  2.5456,  2.7596,  2.2975,  2.1659,  1.7751,  2.3713,
          1.8185,  1.0812],
        [-3.4098, -2.9322, -1.9577, -1.4602, -3.6266, -3.3301, -2.8221, -2.7638,
         -1.5429, -3.1912],
        [-3.0892, -2.8283, -2.5492, -1.9131, -3.3091, -1.2953, -3.1521, -3.0924,
         -1.5182, -2.9071],
        [-1.1496, -1.9230,  1.3066,  0.9217,  0.9108,  0.2811, -1.0282,  0.5769,
          0.4267, -2.2149],
        [-2.8081, -3.2653, -0.0471, -1.5852, -2.9429, -1.2710, -2.7228, -1.9669,
         -1.6881, -3.5371],
        [-1.6077, -2.8754,  0.1370, -0.6971, -1.0736, -0.8892,  0.6614,  0.2933,
          0.1095, -2.7520],
        [-2.5790, -2.7838, -0.4859, -0.7103, -0.9706,  0.1748, -1.1119, -0.1473,
         -0.6238, -3.2229],
        [-3.4856, -3.3320, -3.0069, -1.8615, -3.2496, -2.4968, -3.6731, -2.1547,
         -3.5666, -3.6104],
        [ 1.5682,  1.6893,  1.5353,  1.0362,  0.8289,  1.7309,  1.5287,  2.4066,
          2.0348,  3.2051]], requires_grad=True)]
Epoch 13: 内层更新后权重 = [tensor([[ 2.4638,  0.3843,  1.5134,  0.9505,  1.4976,  1.1949,  1.3968,  1.3776,
          1.4888, -0.6011],
        [ 1.0967,  3.1023,  2.5023,  2.7940,  2.2880,  2.1777,  1.7581,  2.4063,
          1.8321,  1.0817],
        [-3.4791, -3.0347, -1.9127, -1.3936, -3.7085, -3.4038, -2.9415, -2.8521,
         -1.5520, -3.2942],
        [-3.1941, -2.9206, -2.6780, -1.9983, -3.3991, -1.3003, -3.2019, -3.1705,
         -1.6066, -3.0209],
        [-1.1453, -1.8895,  1.3847,  0.9389,  0.9651,  0.2864, -0.9376,  0.5875,
          0.3509, -2.2124],
        [-2.8894, -3.3411,  0.0070, -1.6354, -2.9008, -1.2881, -2.7488, -1.8757,
         -1.7384, -3.6330],
        [-1.5555, -2.9037,  0.1592, -0.6980, -1.1439, -0.9562,  0.6550,  0.2909,
          0.1431, -2.7753],
        [-2.5880, -2.7831, -0.4876, -0.7238, -0.9133,  0.1922, -1.1159, -0.1426,
         -0.5695, -3.2369],
        [-3.5853, -3.4148, -3.0765, -1.7920, -3.3545, -2.4183, -3.7498, -2.2420,
         -3.5551, -3.7044],
        [ 1.5672,  1.6979,  1.5117,  1.0591,  0.8366,  1.7583,  1.5236,  2.4148,
          2.1172,  3.2378]])]
Epoch 13: 外层更新后权重 = [tensor([[ 2.4638,  0.3843,  1.5134,  0.9505,  1.4976,  1.1949,  1.3968,  1.3776,
          1.4888, -0.6011],
        [ 1.0967,  3.1023,  2.5023,  2.7940,  2.2880,  2.1777,  1.7581,  2.4063,
          1.8321,  1.0817],
        [-3.4791, -3.0347, -1.9127, -1.3936, -3.7085, -3.4038, -2.9415, -2.8521,
         -1.5520, -3.2942],
        [-3.1941, -2.9206, -2.6780, -1.9983, -3.3991, -1.3003, -3.2019, -3.1705,
         -1.6066, -3.0209],
        [-1.1453, -1.8895,  1.3847,  0.9389,  0.9651,  0.2864, -0.9376,  0.5875,
          0.3509, -2.2124],
        [-2.8894, -3.3411,  0.0070, -1.6354, -2.9008, -1.2881, -2.7488, -1.8757,
         -1.7384, -3.6330],
        [-1.5555, -2.9037,  0.1592, -0.6980, -1.1439, -0.9562,  0.6550,  0.2909,
          0.1431, -2.7753],
        [-2.5880, -2.7831, -0.4876, -0.7238, -0.9133,  0.1922, -1.1159, -0.1426,
         -0.5695, -3.2369],
        [-3.5853, -3.4148, -3.0765, -1.7920, -3.3545, -2.4183, -3.7498, -2.2420,
         -3.5551, -3.7044],
        [ 1.5672,  1.6979,  1.5117,  1.0591,  0.8366,  1.7583,  1.5236,  2.4148,
          2.1172,  3.2378]])]
13---train=0.1174369528889656,test=0.10189215838909149
权重更新前[Parameter containing:
tensor([[ 2.4638,  0.3843,  1.5134,  0.9505,  1.4976,  1.1949,  1.3968,  1.3776,
          1.4888, -0.6011],
        [ 1.0967,  3.1023,  2.5023,  2.7940,  2.2880,  2.1777,  1.7581,  2.4063,
          1.8321,  1.0817],
        [-3.4791, -3.0347, -1.9127, -1.3936, -3.7085, -3.4038, -2.9415, -2.8521,
         -1.5520, -3.2942],
        [-3.1941, -2.9206, -2.6780, -1.9983, -3.3991, -1.3003, -3.2019, -3.1705,
         -1.6066, -3.0209],
        [-1.1453, -1.8895,  1.3847,  0.9389,  0.9651,  0.2864, -0.9376,  0.5875,
          0.3509, -2.2124],
        [-2.8894, -3.3411,  0.0070, -1.6354, -2.9008, -1.2881, -2.7488, -1.8757,
         -1.7384, -3.6330],
        [-1.5555, -2.9037,  0.1592, -0.6980, -1.1439, -0.9562,  0.6550,  0.2909,
          0.1431, -2.7753],
        [-2.5880, -2.7831, -0.4876, -0.7238, -0.9133,  0.1922, -1.1159, -0.1426,
         -0.5695, -3.2369],
        [-3.5853, -3.4148, -3.0765, -1.7920, -3.3545, -2.4183, -3.7498, -2.2420,
         -3.5551, -3.7044],
        [ 1.5672,  1.6979,  1.5117,  1.0591,  0.8366,  1.7583,  1.5236,  2.4148,
          2.1172,  3.2378]], requires_grad=True)]
Epoch 14: 内层更新后权重 = [tensor([[ 2.4295,  0.3308,  1.5083,  0.9074,  1.4937,  1.1547,  1.3382,  1.3537,
          1.4213, -0.5776],
        [ 1.1586,  3.1959,  2.5810,  2.9168,  2.2901,  2.2725,  1.8798,  2.4847,
          1.9477,  1.1481],
        [-3.5561, -3.1494, -1.8358, -1.3321, -3.7920, -3.4791, -3.0631, -2.9363,
         -1.5260, -3.3785],
        [-3.2642, -2.9931, -2.8025, -2.0100, -3.4818, -1.3185, -3.2209, -3.2332,
         -1.5534, -3.0968],
        [-1.1148, -1.8823,  1.4404,  0.9604,  0.9894,  0.3033, -0.8834,  0.5666,
          0.2831, -2.1994],
        [-2.9240, -3.4224,  0.0539, -1.6721, -2.8607, -1.2238, -2.8164, -1.8206,
         -1.6879, -3.7031],
        [-1.5267, -2.9471,  0.1746, -0.7049, -1.1607, -0.9674,  0.6863,  0.3117,
          0.2109, -2.8060],
        [-2.5812, -2.7934, -0.4806, -0.7252, -0.8723,  0.2045, -1.1237, -0.1489,
         -0.5580, -3.2377],
        [-3.6770, -3.5092, -3.1936, -1.8709, -3.4449, -2.5116, -3.8460, -2.2551,
         -3.6771, -3.7790],
        [ 1.5569,  1.6420,  1.4492,  0.9876,  0.8416,  1.7092,  1.4395,  2.3984,
          2.0767,  3.1943]])]
Epoch 14: 外层更新后权重 = [tensor([[ 2.4295,  0.3308,  1.5083,  0.9074,  1.4937,  1.1547,  1.3382,  1.3537,
          1.4213, -0.5776],
        [ 1.1586,  3.1959,  2.5810,  2.9168,  2.2901,  2.2725,  1.8798,  2.4847,
          1.9477,  1.1481],
        [-3.5561, -3.1494, -1.8358, -1.3321, -3.7920, -3.4791, -3.0631, -2.9363,
         -1.5260, -3.3785],
        [-3.2642, -2.9931, -2.8025, -2.0100, -3.4818, -1.3185, -3.2209, -3.2332,
         -1.5534, -3.0968],
        [-1.1148, -1.8823,  1.4404,  0.9604,  0.9894,  0.3033, -0.8834,  0.5666,
          0.2831, -2.1994],
        [-2.9240, -3.4224,  0.0539, -1.6721, -2.8607, -1.2238, -2.8164, -1.8206,
         -1.6879, -3.7031],
        [-1.5267, -2.9471,  0.1746, -0.7049, -1.1607, -0.9674,  0.6863,  0.3117,
          0.2109, -2.8060],
        [-2.5812, -2.7934, -0.4806, -0.7252, -0.8723,  0.2045, -1.1237, -0.1489,
         -0.5580, -3.2377],
        [-3.6770, -3.5092, -3.1936, -1.8709, -3.4449, -2.5116, -3.8460, -2.2551,
         -3.6771, -3.7790],
        [ 1.5569,  1.6420,  1.4492,  0.9876,  0.8416,  1.7092,  1.4395,  2.3984,
          2.0767,  3.1943]])]
14---train=0.1171170175075531,test=0.101495660841465
权重更新前[Parameter containing:
tensor([[ 2.4295,  0.3308,  1.5083,  0.9074,  1.4937,  1.1547,  1.3382,  1.3537,
          1.4213, -0.5776],
        [ 1.1586,  3.1959,  2.5810,  2.9168,  2.2901,  2.2725,  1.8798,  2.4847,
          1.9477,  1.1481],
        [-3.5561, -3.1494, -1.8358, -1.3321, -3.7920, -3.4791, -3.0631, -2.9363,
         -1.5260, -3.3785],
        [-3.2642, -2.9931, -2.8025, -2.0100, -3.4818, -1.3185, -3.2209, -3.2332,
         -1.5534, -3.0968],
        [-1.1148, -1.8823,  1.4404,  0.9604,  0.9894,  0.3033, -0.8834,  0.5666,
          0.2831, -2.1994],
        [-2.9240, -3.4224,  0.0539, -1.6721, -2.8607, -1.2238, -2.8164, -1.8206,
         -1.6879, -3.7031],
        [-1.5267, -2.9471,  0.1746, -0.7049, -1.1607, -0.9674,  0.6863,  0.3117,
          0.2109, -2.8060],
        [-2.5812, -2.7934, -0.4806, -0.7252, -0.8723,  0.2045, -1.1237, -0.1489,
         -0.5580, -3.2377],
        [-3.6770, -3.5092, -3.1936, -1.8709, -3.4449, -2.5116, -3.8460, -2.2551,
         -3.6771, -3.7790],
        [ 1.5569,  1.6420,  1.4492,  0.9876,  0.8416,  1.7092,  1.4395,  2.3984,
          2.0767,  3.1943]], requires_grad=True)]
Epoch 15: 内层更新后权重 = [tensor([[ 2.5132,  0.4143,  1.5635,  0.9170,  1.5371,  1.1823,  1.3488,  1.4194,
          1.4202, -0.5235],
        [ 1.0976,  3.1240,  2.5626,  2.9325,  2.2556,  2.2197,  1.8368,  2.4881,
          1.9427,  1.0946],
        [-3.6353, -3.2502, -1.7875, -1.2874, -3.8616, -3.5550, -3.2126, -3.0448,
         -1.5240, -3.4704],
        [-3.3520, -3.0810, -2.9210, -2.0657, -3.5723, -1.2865, -3.2702, -3.2805,
         -1.6397, -3.1891],
        [-1.0898, -1.8548,  1.4961,  0.9996,  0.9851,  0.3152, -0.8740,  0.5777,
          0.2023, -2.1684],
        [-3.0178, -3.4986,  0.0962, -1.7675, -2.8539, -1.2627, -2.7383, -1.8085,
         -1.7108, -3.7934],
        [-1.5089, -2.9826,  0.2717, -0.6222, -1.1637, -1.0952,  0.7661,  0.3804,
          0.2242, -2.8289],
        [-2.6035, -2.7951, -0.5452, -0.8021, -0.7972,  0.2765, -1.2134, -0.1617,
         -0.4976, -3.2218],
        [-3.7678, -3.5891, -3.2658, -1.8003, -3.5323, -2.4485, -3.8806, -2.3440,
         -3.6630, -3.8494],
        [ 1.5545,  1.7008,  1.4388,  0.9910,  0.8568,  1.7959,  1.4738,  2.3851,
          2.1325,  3.2323]])]
Epoch 15: 外层更新后权重 = [tensor([[ 2.5132,  0.4143,  1.5635,  0.9170,  1.5371,  1.1823,  1.3488,  1.4194,
          1.4202, -0.5235],
        [ 1.0976,  3.1240,  2.5626,  2.9325,  2.2556,  2.2197,  1.8368,  2.4881,
          1.9427,  1.0946],
        [-3.6353, -3.2502, -1.7875, -1.2874, -3.8616, -3.5550, -3.2126, -3.0448,
         -1.5240, -3.4704],
        [-3.3520, -3.0810, -2.9210, -2.0657, -3.5723, -1.2865, -3.2702, -3.2805,
         -1.6397, -3.1891],
        [-1.0898, -1.8548,  1.4961,  0.9996,  0.9851,  0.3152, -0.8740,  0.5777,
          0.2023, -2.1684],
        [-3.0178, -3.4986,  0.0962, -1.7675, -2.8539, -1.2627, -2.7383, -1.8085,
         -1.7108, -3.7934],
        [-1.5089, -2.9826,  0.2717, -0.6222, -1.1637, -1.0952,  0.7661,  0.3804,
          0.2242, -2.8289],
        [-2.6035, -2.7951, -0.5452, -0.8021, -0.7972,  0.2765, -1.2134, -0.1617,
         -0.4976, -3.2218],
        [-3.7678, -3.5891, -3.2658, -1.8003, -3.5323, -2.4485, -3.8806, -2.3440,
         -3.6630, -3.8494],
        [ 1.5545,  1.7008,  1.4388,  0.9910,  0.8568,  1.7959,  1.4738,  2.3851,
          2.1325,  3.2323]])]
15---train=0.11599140614271164,test=0.10098031163215637
权重更新前[Parameter containing:
tensor([[ 2.5132,  0.4143,  1.5635,  0.9170,  1.5371,  1.1823,  1.3488,  1.4194,
          1.4202, -0.5235],
        [ 1.0976,  3.1240,  2.5626,  2.9325,  2.2556,  2.2197,  1.8368,  2.4881,
          1.9427,  1.0946],
        [-3.6353, -3.2502, -1.7875, -1.2874, -3.8616, -3.5550, -3.2126, -3.0448,
         -1.5240, -3.4704],
        [-3.3520, -3.0810, -2.9210, -2.0657, -3.5723, -1.2865, -3.2702, -3.2805,
         -1.6397, -3.1891],
        [-1.0898, -1.8548,  1.4961,  0.9996,  0.9851,  0.3152, -0.8740,  0.5777,
          0.2023, -2.1684],
        [-3.0178, -3.4986,  0.0962, -1.7675, -2.8539, -1.2627, -2.7383, -1.8085,
         -1.7108, -3.7934],
        [-1.5089, -2.9826,  0.2717, -0.6222, -1.1637, -1.0952,  0.7661,  0.3804,
          0.2242, -2.8289],
        [-2.6035, -2.7951, -0.5452, -0.8021, -0.7972,  0.2765, -1.2134, -0.1617,
         -0.4976, -3.2218],
        [-3.7678, -3.5891, -3.2658, -1.8003, -3.5323, -2.4485, -3.8806, -2.3440,
         -3.6630, -3.8494],
        [ 1.5545,  1.7008,  1.4388,  0.9910,  0.8568,  1.7959,  1.4738,  2.3851,
          2.1325,  3.2323]], requires_grad=True)]
Epoch 16: 内层更新后权重 = [tensor([[ 2.5235,  0.4111,  1.5771,  0.8477,  1.5664,  1.1443,  1.3475,  1.4125,
          1.3682, -0.5568],
        [ 1.1372,  3.1219,  2.5908,  3.0393,  2.2198,  2.2930,  1.8251,  2.5389,
          1.9793,  1.0905],
        [-3.7206, -3.3459, -1.7053, -1.2191, -3.9449, -3.5958, -3.3141, -3.1120,
         -1.5075, -3.5698],
        [-3.4133, -3.1497, -3.0623, -2.0609, -3.6613, -1.2880, -3.2594, -3.3835,
         -1.5919, -3.2684],
        [-1.1107, -1.8245,  1.5654,  1.0315,  0.9787,  0.3145, -0.8719,  0.5875,
          0.1528, -2.1806],
        [-3.0944, -3.5584,  0.1542, -1.8193, -2.8384, -1.2760, -2.7532, -1.7033,
         -1.7556, -3.8696],
        [-1.5003, -3.0168,  0.2713, -0.6391, -1.1403, -1.1779,  0.7860,  0.3535,
          0.2511, -2.8539],
        [-2.6052, -2.7900, -0.5376, -0.8100, -0.7770,  0.2835, -1.2014, -0.1536,
         -0.4692, -3.2376],
        [-3.8497, -3.6682, -3.3692, -1.8870, -3.6200, -2.3742, -3.9227, -2.4013,
         -3.7265, -3.9281],
        [ 1.5426,  1.7212,  1.4159,  0.9546,  0.8965,  1.7904,  1.4799,  2.3847,
          2.1698,  3.2692]])]
Epoch 16: 外层更新后权重 = [tensor([[ 2.5235,  0.4111,  1.5771,  0.8477,  1.5664,  1.1443,  1.3475,  1.4125,
          1.3682, -0.5568],
        [ 1.1372,  3.1219,  2.5908,  3.0393,  2.2198,  2.2930,  1.8251,  2.5389,
          1.9793,  1.0905],
        [-3.7206, -3.3459, -1.7053, -1.2191, -3.9449, -3.5958, -3.3141, -3.1120,
         -1.5075, -3.5698],
        [-3.4133, -3.1497, -3.0623, -2.0609, -3.6613, -1.2880, -3.2594, -3.3835,
         -1.5919, -3.2684],
        [-1.1107, -1.8245,  1.5654,  1.0315,  0.9787,  0.3145, -0.8719,  0.5875,
          0.1528, -2.1806],
        [-3.0944, -3.5584,  0.1542, -1.8193, -2.8384, -1.2760, -2.7532, -1.7033,
         -1.7556, -3.8696],
        [-1.5003, -3.0168,  0.2713, -0.6391, -1.1403, -1.1779,  0.7860,  0.3535,
          0.2511, -2.8539],
        [-2.6052, -2.7900, -0.5376, -0.8100, -0.7770,  0.2835, -1.2014, -0.1536,
         -0.4692, -3.2376],
        [-3.8497, -3.6682, -3.3692, -1.8870, -3.6200, -2.3742, -3.9227, -2.4013,
         -3.7265, -3.9281],
        [ 1.5426,  1.7212,  1.4159,  0.9546,  0.8965,  1.7904,  1.4799,  2.3847,
          2.1698,  3.2692]])]
16---train=0.1155393198132515,test=0.09998952597379684
权重更新前[Parameter containing:
tensor([[ 2.5235,  0.4111,  1.5771,  0.8477,  1.5664,  1.1443,  1.3475,  1.4125,
          1.3682, -0.5568],
        [ 1.1372,  3.1219,  2.5908,  3.0393,  2.2198,  2.2930,  1.8251,  2.5389,
          1.9793,  1.0905],
        [-3.7206, -3.3459, -1.7053, -1.2191, -3.9449, -3.5958, -3.3141, -3.1120,
         -1.5075, -3.5698],
        [-3.4133, -3.1497, -3.0623, -2.0609, -3.6613, -1.2880, -3.2594, -3.3835,
         -1.5919, -3.2684],
        [-1.1107, -1.8245,  1.5654,  1.0315,  0.9787,  0.3145, -0.8719,  0.5875,
          0.1528, -2.1806],
        [-3.0944, -3.5584,  0.1542, -1.8193, -2.8384, -1.2760, -2.7532, -1.7033,
         -1.7556, -3.8696],
        [-1.5003, -3.0168,  0.2713, -0.6391, -1.1403, -1.1779,  0.7860,  0.3535,
          0.2511, -2.8539],
        [-2.6052, -2.7900, -0.5376, -0.8100, -0.7770,  0.2835, -1.2014, -0.1536,
         -0.4692, -3.2376],
        [-3.8497, -3.6682, -3.3692, -1.8870, -3.6200, -2.3742, -3.9227, -2.4013,
         -3.7265, -3.9281],
        [ 1.5426,  1.7212,  1.4159,  0.9546,  0.8965,  1.7904,  1.4799,  2.3847,
          2.1698,  3.2692]], requires_grad=True)]
Epoch 17: 内层更新后权重 = [tensor([[ 2.5023,  0.3351,  1.5687,  0.7721,  1.5612,  1.1083,  1.3086,  1.3948,
          1.3562, -0.4646],
        [ 1.1919,  3.2118,  2.6399,  3.1202,  2.2758,  2.3862,  1.8951,  2.6711,
          2.0397,  1.1365],
        [-3.7871, -3.4428, -1.6530, -1.1904, -4.0326, -3.7177, -3.3894, -3.1897,
         -1.5005, -3.6512],
        [-3.4660, -3.2212, -3.1677, -2.1155, -3.7311, -1.2738, -3.2647, -3.4157,
         -1.6642, -3.3411],
        [-1.0899, -1.8026,  1.6114,  1.0528,  0.9637,  0.3693, -0.9049,  0.6345,
          0.0700, -2.1557],
        [-3.1802, -3.6185,  0.2556, -1.8614, -2.8507, -1.2485, -2.7035, -1.6463,
         -1.7639, -3.9386],
        [-1.4660, -3.0439,  0.2785, -0.6423, -1.0856, -1.2492,  0.8171,  0.3572,
          0.2620, -2.8542],
        [-2.6058, -2.7798, -0.5618, -0.8303, -0.7626,  0.2430, -1.1919, -0.1800,
         -0.4544, -3.1945],
        [-3.9294, -3.7474, -3.4335, -1.7916, -3.6826, -2.3191, -3.9293, -2.4250,
         -3.6909, -3.9952],
        [ 1.5242,  1.6750,  1.3780,  0.9363,  0.8410,  1.7622,  1.4219,  2.2839,
          2.1626,  3.2050]])]
Epoch 17: 外层更新后权重 = [tensor([[ 2.5023,  0.3351,  1.5687,  0.7721,  1.5612,  1.1083,  1.3086,  1.3948,
          1.3562, -0.4646],
        [ 1.1919,  3.2118,  2.6399,  3.1202,  2.2758,  2.3862,  1.8951,  2.6711,
          2.0397,  1.1365],
        [-3.7871, -3.4428, -1.6530, -1.1904, -4.0326, -3.7177, -3.3894, -3.1897,
         -1.5005, -3.6512],
        [-3.4660, -3.2212, -3.1677, -2.1155, -3.7311, -1.2738, -3.2647, -3.4157,
         -1.6642, -3.3411],
        [-1.0899, -1.8026,  1.6114,  1.0528,  0.9637,  0.3693, -0.9049,  0.6345,
          0.0700, -2.1557],
        [-3.1802, -3.6185,  0.2556, -1.8614, -2.8507, -1.2485, -2.7035, -1.6463,
         -1.7639, -3.9386],
        [-1.4660, -3.0439,  0.2785, -0.6423, -1.0856, -1.2492,  0.8171,  0.3572,
          0.2620, -2.8542],
        [-2.6058, -2.7798, -0.5618, -0.8303, -0.7626,  0.2430, -1.1919, -0.1800,
         -0.4544, -3.1945],
        [-3.9294, -3.7474, -3.4335, -1.7916, -3.6826, -2.3191, -3.9293, -2.4250,
         -3.6909, -3.9952],
        [ 1.5242,  1.6750,  1.3780,  0.9363,  0.8410,  1.7622,  1.4219,  2.2839,
          2.1626,  3.2050]])]
17---train=0.11603398621082306,test=0.10129015147686005
权重更新前[Parameter containing:
tensor([[ 2.5023,  0.3351,  1.5687,  0.7721,  1.5612,  1.1083,  1.3086,  1.3948,
          1.3562, -0.4646],
        [ 1.1919,  3.2118,  2.6399,  3.1202,  2.2758,  2.3862,  1.8951,  2.6711,
          2.0397,  1.1365],
        [-3.7871, -3.4428, -1.6530, -1.1904, -4.0326, -3.7177, -3.3894, -3.1897,
         -1.5005, -3.6512],
        [-3.4660, -3.2212, -3.1677, -2.1155, -3.7311, -1.2738, -3.2647, -3.4157,
         -1.6642, -3.3411],
        [-1.0899, -1.8026,  1.6114,  1.0528,  0.9637,  0.3693, -0.9049,  0.6345,
          0.0700, -2.1557],
        [-3.1802, -3.6185,  0.2556, -1.8614, -2.8507, -1.2485, -2.7035, -1.6463,
         -1.7639, -3.9386],
        [-1.4660, -3.0439,  0.2785, -0.6423, -1.0856, -1.2492,  0.8171,  0.3572,
          0.2620, -2.8542],
        [-2.6058, -2.7798, -0.5618, -0.8303, -0.7626,  0.2430, -1.1919, -0.1800,
         -0.4544, -3.1945],
        [-3.9294, -3.7474, -3.4335, -1.7916, -3.6826, -2.3191, -3.9293, -2.4250,
         -3.6909, -3.9952],
        [ 1.5242,  1.6750,  1.3780,  0.9363,  0.8410,  1.7622,  1.4219,  2.2839,
          2.1626,  3.2050]], requires_grad=True)]
Epoch 18: 内层更新后权重 = [tensor([[ 2.5120,  0.3806,  1.6002,  0.7057,  1.5176,  1.1054,  1.3057,  1.4223,
          1.3236, -0.4697],
        [ 1.1551,  3.1535,  2.6095,  3.1642,  2.2514,  2.4228,  1.8929,  2.6682,
          2.0651,  1.0955],
        [-3.8377, -3.5355, -1.6405, -1.2075, -4.1064, -3.6470, -3.4638, -3.2526,
         -1.4880, -3.7434],
        [-3.5341, -3.2947, -3.1714, -2.0552, -3.7882, -1.2696, -3.2955, -3.4749,
         -1.6093, -3.4306],
        [-1.0461, -1.7609,  1.6980,  1.0767,  0.9913,  0.4271, -0.8831,  0.6700,
         -0.0300, -2.2024],
        [-3.2314, -3.6693,  0.2658, -1.9224, -2.8351, -1.2897, -2.7133, -1.7065,
         -1.7055, -3.9984],
        [-1.4047, -3.0831,  0.2795, -0.6419, -1.0966, -1.2948,  0.8324,  0.3516,
          0.3303, -2.8460],
        [-2.5840, -2.7712, -0.5745, -0.8378, -0.7485,  0.3011, -1.1964, -0.1384,
         -0.4364, -3.2321],
        [-4.0012, -3.8151, -3.5068, -1.8795, -3.7652, -2.3825, -3.9625, -2.4724,
         -3.7995, -4.0677],
        [ 1.5408,  1.7304,  1.3743,  0.9507,  0.8981,  1.7385,  1.4159,  2.2964,
          2.1993,  3.2601]])]
Epoch 18: 外层更新后权重 = [tensor([[ 2.5120,  0.3806,  1.6002,  0.7057,  1.5176,  1.1054,  1.3057,  1.4223,
          1.3236, -0.4697],
        [ 1.1551,  3.1535,  2.6095,  3.1642,  2.2514,  2.4228,  1.8929,  2.6682,
          2.0651,  1.0955],
        [-3.8377, -3.5355, -1.6405, -1.2075, -4.1064, -3.6470, -3.4638, -3.2526,
         -1.4880, -3.7434],
        [-3.5341, -3.2947, -3.1714, -2.0552, -3.7882, -1.2696, -3.2955, -3.4749,
         -1.6093, -3.4306],
        [-1.0461, -1.7609,  1.6980,  1.0767,  0.9913,  0.4271, -0.8831,  0.6700,
         -0.0300, -2.2024],
        [-3.2314, -3.6693,  0.2658, -1.9224, -2.8351, -1.2897, -2.7133, -1.7065,
         -1.7055, -3.9984],
        [-1.4047, -3.0831,  0.2795, -0.6419, -1.0966, -1.2948,  0.8324,  0.3516,
          0.3303, -2.8460],
        [-2.5840, -2.7712, -0.5745, -0.8378, -0.7485,  0.3011, -1.1964, -0.1384,
         -0.4364, -3.2321],
        [-4.0012, -3.8151, -3.5068, -1.8795, -3.7652, -2.3825, -3.9625, -2.4724,
         -3.7995, -4.0677],
        [ 1.5408,  1.7304,  1.3743,  0.9507,  0.8981,  1.7385,  1.4159,  2.2964,
          2.1993,  3.2601]])]
18---train=0.11460039019584656,test=0.0998431146144867
权重更新前[Parameter containing:
tensor([[ 2.5120,  0.3806,  1.6002,  0.7057,  1.5176,  1.1054,  1.3057,  1.4223,
          1.3236, -0.4697],
        [ 1.1551,  3.1535,  2.6095,  3.1642,  2.2514,  2.4228,  1.8929,  2.6682,
          2.0651,  1.0955],
        [-3.8377, -3.5355, -1.6405, -1.2075, -4.1064, -3.6470, -3.4638, -3.2526,
         -1.4880, -3.7434],
        [-3.5341, -3.2947, -3.1714, -2.0552, -3.7882, -1.2696, -3.2955, -3.4749,
         -1.6093, -3.4306],
        [-1.0461, -1.7609,  1.6980,  1.0767,  0.9913,  0.4271, -0.8831,  0.6700,
         -0.0300, -2.2024],
        [-3.2314, -3.6693,  0.2658, -1.9224, -2.8351, -1.2897, -2.7133, -1.7065,
         -1.7055, -3.9984],
        [-1.4047, -3.0831,  0.2795, -0.6419, -1.0966, -1.2948,  0.8324,  0.3516,
          0.3303, -2.8460],
        [-2.5840, -2.7712, -0.5745, -0.8378, -0.7485,  0.3011, -1.1964, -0.1384,
         -0.4364, -3.2321],
        [-4.0012, -3.8151, -3.5068, -1.8795, -3.7652, -2.3825, -3.9625, -2.4724,
         -3.7995, -4.0677],
        [ 1.5408,  1.7304,  1.3743,  0.9507,  0.8981,  1.7385,  1.4159,  2.2964,
          2.1993,  3.2601]], requires_grad=True)]
Epoch 19: 内层更新后权重 = [tensor([[ 2.5613,  0.3934,  1.5973,  0.6539,  1.5699,  1.1021,  1.3911,  1.4921,
          1.2666, -0.4456],
        [ 1.1381,  3.1181,  2.6764,  3.2176,  2.2162,  2.4058,  1.8503,  2.6667,
          2.0856,  1.0443],
        [-3.9129, -3.6232, -1.7138, -1.3268, -4.1507, -3.6331, -3.5483, -3.3148,
         -1.4855, -3.8217],
        [-3.6059, -3.3652, -3.0758, -2.0383, -3.8499, -1.2616, -3.2724, -3.5391,
         -1.6890, -3.5131],
        [-1.0549, -1.7776,  1.7126,  1.0586,  0.9908,  0.4234, -0.8576,  0.6399,
         -0.0811, -2.1734],
        [-3.3159, -3.7192,  0.3032, -1.9654, -2.8393, -1.2880, -2.6722, -1.6500,
         -1.6712, -4.0846],
        [-1.4949, -3.0761,  0.2940, -0.6340, -1.1234, -1.3993,  0.8230,  0.3735,
          0.3345, -2.8636],
        [-2.5982, -2.7336, -0.5745, -0.8358, -0.6902,  0.3273, -1.2072, -0.1401,
         -0.4149, -3.2174],
        [-4.0785, -3.8950, -3.5781, -1.7925, -3.8564, -2.4092, -3.9603, -2.5168,
         -3.7976, -4.1370],
        [ 1.5632,  1.7788,  1.3208,  0.9578,  0.9215,  1.8146,  1.4033,  2.2886,
          2.2570,  3.3034]])]
Epoch 19: 外层更新后权重 = [tensor([[ 2.5613,  0.3934,  1.5973,  0.6539,  1.5699,  1.1021,  1.3911,  1.4921,
          1.2666, -0.4456],
        [ 1.1381,  3.1181,  2.6764,  3.2176,  2.2162,  2.4058,  1.8503,  2.6667,
          2.0856,  1.0443],
        [-3.9129, -3.6232, -1.7138, -1.3268, -4.1507, -3.6331, -3.5483, -3.3148,
         -1.4855, -3.8217],
        [-3.6059, -3.3652, -3.0758, -2.0383, -3.8499, -1.2616, -3.2724, -3.5391,
         -1.6890, -3.5131],
        [-1.0549, -1.7776,  1.7126,  1.0586,  0.9908,  0.4234, -0.8576,  0.6399,
         -0.0811, -2.1734],
        [-3.3159, -3.7192,  0.3032, -1.9654, -2.8393, -1.2880, -2.6722, -1.6500,
         -1.6712, -4.0846],
        [-1.4949, -3.0761,  0.2940, -0.6340, -1.1234, -1.3993,  0.8230,  0.3735,
          0.3345, -2.8636],
        [-2.5982, -2.7336, -0.5745, -0.8358, -0.6902,  0.3273, -1.2072, -0.1401,
         -0.4149, -3.2174],
        [-4.0785, -3.8950, -3.5781, -1.7925, -3.8564, -2.4092, -3.9603, -2.5168,
         -3.7976, -4.1370],
        [ 1.5632,  1.7788,  1.3208,  0.9578,  0.9215,  1.8146,  1.4033,  2.2886,
          2.2570,  3.3034]])]
19---train=0.11507655680179596,test=0.09937755763530731
权重更新前[Parameter containing:
tensor([[ 2.5613,  0.3934,  1.5973,  0.6539,  1.5699,  1.1021,  1.3911,  1.4921,
          1.2666, -0.4456],
        [ 1.1381,  3.1181,  2.6764,  3.2176,  2.2162,  2.4058,  1.8503,  2.6667,
          2.0856,  1.0443],
        [-3.9129, -3.6232, -1.7138, -1.3268, -4.1507, -3.6331, -3.5483, -3.3148,
         -1.4855, -3.8217],
        [-3.6059, -3.3652, -3.0758, -2.0383, -3.8499, -1.2616, -3.2724, -3.5391,
         -1.6890, -3.5131],
        [-1.0549, -1.7776,  1.7126,  1.0586,  0.9908,  0.4234, -0.8576,  0.6399,
         -0.0811, -2.1734],
        [-3.3159, -3.7192,  0.3032, -1.9654, -2.8393, -1.2880, -2.6722, -1.6500,
         -1.6712, -4.0846],
        [-1.4949, -3.0761,  0.2940, -0.6340, -1.1234, -1.3993,  0.8230,  0.3735,
          0.3345, -2.8636],
        [-2.5982, -2.7336, -0.5745, -0.8358, -0.6902,  0.3273, -1.2072, -0.1401,
         -0.4149, -3.2174],
        [-4.0785, -3.8950, -3.5781, -1.7925, -3.8564, -2.4092, -3.9603, -2.5168,
         -3.7976, -4.1370],
        [ 1.5632,  1.7788,  1.3208,  0.9578,  0.9215,  1.8146,  1.4033,  2.2886,
          2.2570,  3.3034]], requires_grad=True)]
Epoch 20: 内层更新后权重 = [tensor([[ 2.5124,  0.4022,  1.5670,  0.5603,  1.5548,  1.0340,  1.3050,  1.4019,
          1.2552, -0.4639],
        [ 1.1591,  3.1741,  2.6974,  3.3164,  2.2854,  2.4928,  1.9113,  2.7431,
          2.1249,  1.1111],
        [-3.9408, -3.7073, -1.6112, -1.2589, -4.2058, -3.5500, -3.6022, -3.3962,
         -1.4722, -3.9046],
        [-3.6469, -3.4210, -3.1921, -2.0088, -3.8789, -1.2488, -3.2668, -3.5914,
         -1.6202, -3.5827],
        [-1.0157, -1.7636,  1.7726,  1.0868,  1.0506,  0.4127, -0.8165,  0.7153,
         -0.1332, -2.1452],
        [-3.3456, -3.7580,  0.3191, -2.0218, -2.7652, -1.3316, -2.6487, -1.6122,
         -1.6638, -4.1452],
        [-1.3535, -3.1215,  0.2906, -0.6600, -1.1392, -1.4289,  0.8196,  0.3721,
          0.3900, -2.8580],
        [-2.5379, -2.7153, -0.5438, -0.8240, -0.7479,  0.3698, -1.1929, -0.1462,
         -0.4330, -3.2047],
        [-4.1425, -3.9639, -3.6489, -1.8765, -3.9314, -2.3988, -3.9785, -2.5669,
         -3.8745, -4.1962],
        [ 1.5512,  1.7172,  1.2933,  0.9240,  0.8419,  1.7704,  1.3543,  2.2832,
          2.2486,  3.2644]])]
Epoch 20: 外层更新后权重 = [tensor([[ 2.5124,  0.4022,  1.5670,  0.5603,  1.5548,  1.0340,  1.3050,  1.4019,
          1.2552, -0.4639],
        [ 1.1591,  3.1741,  2.6974,  3.3164,  2.2854,  2.4928,  1.9113,  2.7431,
          2.1249,  1.1111],
        [-3.9408, -3.7073, -1.6112, -1.2589, -4.2058, -3.5500, -3.6022, -3.3962,
         -1.4722, -3.9046],
        [-3.6469, -3.4210, -3.1921, -2.0088, -3.8789, -1.2488, -3.2668, -3.5914,
         -1.6202, -3.5827],
        [-1.0157, -1.7636,  1.7726,  1.0868,  1.0506,  0.4127, -0.8165,  0.7153,
         -0.1332, -2.1452],
        [-3.3456, -3.7580,  0.3191, -2.0218, -2.7652, -1.3316, -2.6487, -1.6122,
         -1.6638, -4.1452],
        [-1.3535, -3.1215,  0.2906, -0.6600, -1.1392, -1.4289,  0.8196,  0.3721,
          0.3900, -2.8580],
        [-2.5379, -2.7153, -0.5438, -0.8240, -0.7479,  0.3698, -1.1929, -0.1462,
         -0.4330, -3.2047],
        [-4.1425, -3.9639, -3.6489, -1.8765, -3.9314, -2.3988, -3.9785, -2.5669,
         -3.8745, -4.1962],
        [ 1.5512,  1.7172,  1.2933,  0.9240,  0.8419,  1.7704,  1.3543,  2.2832,
          2.2486,  3.2644]])]
20---train=0.11437322199344635,test=0.10002347826957703
权重更新前[Parameter containing:
tensor([[ 2.5124,  0.4022,  1.5670,  0.5603,  1.5548,  1.0340,  1.3050,  1.4019,
          1.2552, -0.4639],
        [ 1.1591,  3.1741,  2.6974,  3.3164,  2.2854,  2.4928,  1.9113,  2.7431,
          2.1249,  1.1111],
        [-3.9408, -3.7073, -1.6112, -1.2589, -4.2058, -3.5500, -3.6022, -3.3962,
         -1.4722, -3.9046],
        [-3.6469, -3.4210, -3.1921, -2.0088, -3.8789, -1.2488, -3.2668, -3.5914,
         -1.6202, -3.5827],
        [-1.0157, -1.7636,  1.7726,  1.0868,  1.0506,  0.4127, -0.8165,  0.7153,
         -0.1332, -2.1452],
        [-3.3456, -3.7580,  0.3191, -2.0218, -2.7652, -1.3316, -2.6487, -1.6122,
         -1.6638, -4.1452],
        [-1.3535, -3.1215,  0.2906, -0.6600, -1.1392, -1.4289,  0.8196,  0.3721,
          0.3900, -2.8580],
        [-2.5379, -2.7153, -0.5438, -0.8240, -0.7479,  0.3698, -1.1929, -0.1462,
         -0.4330, -3.2047],
        [-4.1425, -3.9639, -3.6489, -1.8765, -3.9314, -2.3988, -3.9785, -2.5669,
         -3.8745, -4.1962],
        [ 1.5512,  1.7172,  1.2933,  0.9240,  0.8419,  1.7704,  1.3543,  2.2832,
          2.2486,  3.2644]], requires_grad=True)]
Epoch 21: 内层更新后权重 = [tensor([[ 2.5505,  0.4557,  1.6023,  0.5336,  1.5764,  0.9955,  1.3255,  1.3999,
          1.2794, -0.5038],
        [ 1.1254,  3.1316,  2.6174,  3.3359,  2.2941,  2.4986,  1.8714,  2.8420,
          2.1116,  1.0998],
        [-4.0069, -3.8043, -1.6710, -1.3370, -4.2635, -3.6388, -3.6942, -3.4216,
         -1.4577, -4.0027],
        [-3.7172, -3.4868, -3.1384, -2.0014, -3.9201, -1.2303, -3.2707, -3.6171,
         -1.6961, -3.6626],
        [-1.0542, -1.6973,  1.8084,  1.0755,  0.9750,  0.4300, -0.8918,  0.7165,
         -0.2171, -2.1250],
        [-3.4172, -3.7950,  0.4398, -2.0533, -2.7582, -1.3018, -2.6223, -1.5119,
         -1.6806, -4.2132],
        [-1.3724, -3.1378,  0.2902, -0.6595, -1.0600, -1.4930,  0.8885,  0.3685,
          0.4353, -2.8692],
        [-2.5055, -2.6486, -0.5935, -0.8486, -0.7021,  0.3293, -1.1983, -0.1823,
         -0.4405, -3.1785],
        [-4.2045, -4.0218, -3.7158, -1.7871, -3.9967, -2.3346, -3.9906, -2.5956,
         -3.8306, -4.2533],
        [ 1.5879,  1.7366,  1.3612,  0.9408,  0.8371,  1.8165,  1.3721,  2.2140,
          2.2819,  3.2994]])]
Epoch 21: 外层更新后权重 = [tensor([[ 2.5505,  0.4557,  1.6023,  0.5336,  1.5764,  0.9955,  1.3255,  1.3999,
          1.2794, -0.5038],
        [ 1.1254,  3.1316,  2.6174,  3.3359,  2.2941,  2.4986,  1.8714,  2.8420,
          2.1116,  1.0998],
        [-4.0069, -3.8043, -1.6710, -1.3370, -4.2635, -3.6388, -3.6942, -3.4216,
         -1.4577, -4.0027],
        [-3.7172, -3.4868, -3.1384, -2.0014, -3.9201, -1.2303, -3.2707, -3.6171,
         -1.6961, -3.6626],
        [-1.0542, -1.6973,  1.8084,  1.0755,  0.9750,  0.4300, -0.8918,  0.7165,
         -0.2171, -2.1250],
        [-3.4172, -3.7950,  0.4398, -2.0533, -2.7582, -1.3018, -2.6223, -1.5119,
         -1.6806, -4.2132],
        [-1.3724, -3.1378,  0.2902, -0.6595, -1.0600, -1.4930,  0.8885,  0.3685,
          0.4353, -2.8692],
        [-2.5055, -2.6486, -0.5935, -0.8486, -0.7021,  0.3293, -1.1983, -0.1823,
         -0.4405, -3.1785],
        [-4.2045, -4.0218, -3.7158, -1.7871, -3.9967, -2.3346, -3.9906, -2.5956,
         -3.8306, -4.2533],
        [ 1.5879,  1.7366,  1.3612,  0.9408,  0.8371,  1.8165,  1.3721,  2.2140,
          2.2819,  3.2994]])]
counts:0.30257510729613735,comparison:tensor([False, False, False, False, False, False, False, False, False, False,
        False, False, False, False, False, False,  True, False,  True, False,
         True,  True,  True, False, False, False, False,  True, False, False,
        False,  True,  True, False, False, False,  True, False, False,  True,
        False,  True, False, False, False, False, False,  True, False, False,
         True, False, False, False,  True,  True, False,  True,  True,  True,
         True,  True, False,  True, False,  True,  True,  True,  True, False,
         True, False, False,  True,  True, False, False, False,  True,  True,
        False,  True,  True,  True, False, False,  True,  True, False, False,
         True,  True,  True, False, False, False,  True, False, False, False,
         True, False, False, False,  True,  True, False, False, False, False,
        False, False,  True,  True,  True, False,  True, False, False, False,
        False, False, False, False, False, False, False, False, False,  True,
        False,  True, False,  True,  True, False, False, False,  True, False,
        False, False,  True, False,  True,  True,  True, False, False, False,
        False, False,  True, False, False, False,  True, False,  True,  True,
        False, False, False,  True,  True, False, False, False, False,  True,
        False, False,  True,  True, False, False, False, False,  True, False,
        False,  True, False, False,  True,  True, False, False,  True, False,
        False,  True, False,  True, False, False, False, False, False,  True,
        False,  True, False, False, False, False, False, False, False, False,
        False, False,  True, False, False, False, False, False, False,  True,
        False, False, False, False,  True, False, False,  True, False,  True,
         True, False,  True, False,  True, False,  True, False, False, False,
        False,  True, False, False,  True,  True, False,  True, False, False,
        False,  True, False, False, False,  True,  True,  True, False, False,
        False, False, False, False,  True,  True, False, False, False, False,
        False, False,  True, False, False, False, False, False,  True, False,
        False, False,  True, False, False, False, False,  True, False, False,
        False,  True, False,  True, False, False, False, False, False, False,
        False, False, False, False, False, False,  True,  True, False, False,
        False, False,  True,  True, False,  True, False, False, False, False,
        False, False, False, False,  True, False, False, False,  True, False,
        False, False,  True, False, False, False, False, False, False,  True,
         True, False, False,  True, False,  True, False, False, False, False,
        False, False,  True, False, False, False, False, False, False, False,
        False, False, False,  True, False, False,  True, False, False, False,
        False, False,  True, False,  True, False, False, False, False, False,
        False, False, False, False, False, False, False,  True,  True, False,
         True, False, False,  True,  True,  True, False,  True, False,  True,
        False, False, False, False, False, False,  True,  True, False, False,
        False, False, False, False, False, False, False,  True, False,  True,
        False,  True, False, False, False,  True, False, False, False,  True,
         True, False,  True,  True, False,  True, False, False, False, False,
        False, False, False, False,  True, False, False,  True,  True, False,
        False, False,  True, False,  True,  True, False, False,  True, False,
        False, False, False, False, False, False])
21---train=0.11397570371627808,test=0.10055579245090485
权重更新前[Parameter containing:
tensor([[ 2.5505,  0.4557,  1.6023,  0.5336,  1.5764,  0.9955,  1.3255,  1.3999,
          1.2794, -0.5038],
        [ 1.1254,  3.1316,  2.6174,  3.3359,  2.2941,  2.4986,  1.8714,  2.8420,
          2.1116,  1.0998],
        [-4.0069, -3.8043, -1.6710, -1.3370, -4.2635, -3.6388, -3.6942, -3.4216,
         -1.4577, -4.0027],
        [-3.7172, -3.4868, -3.1384, -2.0014, -3.9201, -1.2303, -3.2707, -3.6171,
         -1.6961, -3.6626],
        [-1.0542, -1.6973,  1.8084,  1.0755,  0.9750,  0.4300, -0.8918,  0.7165,
         -0.2171, -2.1250],
        [-3.4172, -3.7950,  0.4398, -2.0533, -2.7582, -1.3018, -2.6223, -1.5119,
         -1.6806, -4.2132],
        [-1.3724, -3.1378,  0.2902, -0.6595, -1.0600, -1.4930,  0.8885,  0.3685,
          0.4353, -2.8692],
        [-2.5055, -2.6486, -0.5935, -0.8486, -0.7021,  0.3293, -1.1983, -0.1823,
         -0.4405, -3.1785],
        [-4.2045, -4.0218, -3.7158, -1.7871, -3.9967, -2.3346, -3.9906, -2.5956,
         -3.8306, -4.2533],
        [ 1.5879,  1.7366,  1.3612,  0.9408,  0.8371,  1.8165,  1.3721,  2.2140,
          2.2819,  3.2994]], requires_grad=True)]
Epoch 22: 内层更新后权重 = [tensor([[ 2.5679,  0.4729,  1.6210,  0.5519,  1.6051,  0.9571,  1.3190,  1.4080,
          1.2537, -0.4631],
        [ 1.1262,  3.1240,  2.6497,  3.3340,  2.2569,  2.5714,  1.8730,  2.8860,
          2.1799,  1.1087],
        [-4.0460, -3.8776, -1.5659, -1.2679, -4.3117, -3.5916, -3.7387, -3.4955,
         -1.4514, -4.0592],
        [-3.7744, -3.5641, -3.2633, -2.0582, -3.9517, -1.2286, -3.2628, -3.6874,
         -1.7859, -3.7361],
        [-0.9881, -1.6862,  1.8536,  1.0695,  1.0203,  0.4292, -0.8420,  0.7072,
         -0.2834, -2.1091],
        [-3.4762, -3.8234,  0.4141, -2.1219, -2.6694, -1.3052, -2.6697, -1.4680,
         -1.6305, -4.2635],
        [-1.3552, -3.1645,  0.3035, -0.6714, -1.1049, -1.5415,  0.8653,  0.3736,
          0.4678, -2.8609],
        [-2.5179, -2.6235, -0.5411, -0.8103, -0.6965,  0.3920, -1.1712, -0.1663,
         -0.3919, -3.1785],
        [-4.2707, -4.0901, -3.7907, -1.6943, -4.0639, -2.4039, -4.0128, -2.6409,
         -3.8380, -4.3139],
        [ 1.5514,  1.7438,  1.2995,  0.9392,  0.8332,  1.7857,  1.3559,  2.1938,
          2.2557,  3.2824]])]
Epoch 22: 外层更新后权重 = [tensor([[ 2.5679,  0.4729,  1.6210,  0.5519,  1.6051,  0.9571,  1.3190,  1.4080,
          1.2537, -0.4631],
        [ 1.1262,  3.1240,  2.6497,  3.3340,  2.2569,  2.5714,  1.8730,  2.8860,
          2.1799,  1.1087],
        [-4.0460, -3.8776, -1.5659, -1.2679, -4.3117, -3.5916, -3.7387, -3.4955,
         -1.4514, -4.0592],
        [-3.7744, -3.5641, -3.2633, -2.0582, -3.9517, -1.2286, -3.2628, -3.6874,
         -1.7859, -3.7361],
        [-0.9881, -1.6862,  1.8536,  1.0695,  1.0203,  0.4292, -0.8420,  0.7072,
         -0.2834, -2.1091],
        [-3.4762, -3.8234,  0.4141, -2.1219, -2.6694, -1.3052, -2.6697, -1.4680,
         -1.6305, -4.2635],
        [-1.3552, -3.1645,  0.3035, -0.6714, -1.1049, -1.5415,  0.8653,  0.3736,
          0.4678, -2.8609],
        [-2.5179, -2.6235, -0.5411, -0.8103, -0.6965,  0.3920, -1.1712, -0.1663,
         -0.3919, -3.1785],
        [-4.2707, -4.0901, -3.7907, -1.6943, -4.0639, -2.4039, -4.0128, -2.6409,
         -3.8380, -4.3139],
        [ 1.5514,  1.7438,  1.2995,  0.9392,  0.8332,  1.7857,  1.3559,  2.1938,
          2.2557,  3.2824]])]
