debugge1
debugge2
进入2
权重更新前[Parameter containing:
tensor([[-0.0394,  0.4903, -0.4903,  0.3971, -0.4837, -0.1695, -0.4308,  0.4171,
          0.2148, -0.1242],
        [-0.2378,  0.3881, -0.2827, -0.3104,  0.0377,  0.1763, -0.0199,  0.3793,
          0.5116, -0.2621],
        [-0.3899, -0.1086,  0.5210, -0.4186, -0.5317,  0.1635,  0.5476,  0.4239,
         -0.3922,  0.5278],
        [-0.3566,  0.4757,  0.1021,  0.0371,  0.4695,  0.3310, -0.0430,  0.0400,
          0.0222, -0.4462],
        [ 0.4377,  0.3719,  0.2988,  0.2518, -0.0790,  0.3557, -0.4878, -0.1829,
          0.2753,  0.3561],
        [ 0.2245,  0.4854, -0.3761,  0.4493, -0.5043,  0.1851,  0.0872, -0.2004,
         -0.2858,  0.0053],
        [ 0.2301, -0.2948, -0.2141,  0.2564,  0.2393,  0.3584, -0.4583, -0.1270,
         -0.2929,  0.4508],
        [ 0.4319, -0.5250,  0.2821,  0.5086, -0.2829,  0.0347, -0.1958, -0.1576,
          0.0877,  0.3670],
        [-0.5028, -0.2132, -0.1263, -0.1128,  0.1193,  0.1326,  0.0478, -0.5400,
          0.2515, -0.4929],
        [ 0.0835, -0.3500,  0.3773, -0.5386,  0.5289, -0.3917,  0.4277, -0.4940,
          0.0344,  0.4781]], requires_grad=True)]
Epoch 0: 内层更新后权重 = [tensor([[ 0.4622,  0.3011, -0.0200,  0.8012, -0.0773,  0.1693, -0.0769,  0.7681,
          0.6301, -0.2690],
        [ 0.3423,  1.1652,  0.3271,  0.2967,  0.6235,  0.7850,  0.5850,  0.9550,
          1.0776,  0.1820],
        [-1.1214, -0.7443, -0.1662, -0.8874, -1.1861, -0.4248,  0.0025, -0.0742,
         -1.0548, -0.1403],
        [-1.1321, -0.1295, -0.3621, -0.6252, -0.1864, -0.1238, -0.5066, -0.6040,
         -0.6128, -1.1879],
        [-0.2977, -0.2639,  0.1377,  0.2268, -0.1969,  0.2319, -0.5854, -0.1252,
          0.0866, -0.2610],
        [-0.4436, -0.1586, -0.8214, -0.0148, -1.0531, -0.4130, -0.4708, -0.7062,
         -0.6329, -0.6760],
        [-0.2253, -0.9739, -0.3144,  0.1662, -0.2725,  0.2379, -0.7357, -0.2373,
         -0.4809, -0.2981],
        [-0.2411, -1.0006,  0.0922,  0.2120, -0.6250, -0.2147, -0.4802, -0.5263,
         -0.2510, -0.2661],
        [-1.0835, -0.7108, -0.7848, -0.6123, -0.3327, -0.3087, -0.5155, -1.0826,
         -0.3183, -1.0671],
        [ 0.7577,  0.3628,  1.0634,  0.1773,  1.1298,  0.2999,  1.1375,  0.1198,
          0.5878,  1.3518]])]
Epoch 0: 外层更新后权重 = [tensor([[ 0.4622,  0.3011, -0.0200,  0.8012, -0.0773,  0.1693, -0.0769,  0.7681,
          0.6301, -0.2690],
        [ 0.3423,  1.1652,  0.3271,  0.2967,  0.6235,  0.7850,  0.5850,  0.9550,
          1.0776,  0.1820],
        [-1.1214, -0.7443, -0.1662, -0.8874, -1.1861, -0.4248,  0.0025, -0.0742,
         -1.0548, -0.1403],
        [-1.1321, -0.1295, -0.3621, -0.6252, -0.1864, -0.1238, -0.5066, -0.6040,
         -0.6128, -1.1879],
        [-0.2977, -0.2639,  0.1377,  0.2268, -0.1969,  0.2319, -0.5854, -0.1252,
          0.0866, -0.2610],
        [-0.4436, -0.1586, -0.8214, -0.0148, -1.0531, -0.4130, -0.4708, -0.7062,
         -0.6329, -0.6760],
        [-0.2253, -0.9739, -0.3144,  0.1662, -0.2725,  0.2379, -0.7357, -0.2373,
         -0.4809, -0.2981],
        [-0.2411, -1.0006,  0.0922,  0.2120, -0.6250, -0.2147, -0.4802, -0.5263,
         -0.2510, -0.2661],
        [-1.0835, -0.7108, -0.7848, -0.6123, -0.3327, -0.3087, -0.5155, -1.0826,
         -0.3183, -1.0671],
        [ 0.7577,  0.3628,  1.0634,  0.1773,  1.1298,  0.2999,  1.1375,  0.1198,
          0.5878,  1.3518]])]
权重更新前[Parameter containing:
tensor([[ 0.4622,  0.3011, -0.0200,  0.8012, -0.0773,  0.1693, -0.0769,  0.7681,
          0.6301, -0.2690],
        [ 0.3423,  1.1652,  0.3271,  0.2967,  0.6235,  0.7850,  0.5850,  0.9550,
          1.0776,  0.1820],
        [-1.1214, -0.7443, -0.1662, -0.8874, -1.1861, -0.4248,  0.0025, -0.0742,
         -1.0548, -0.1403],
        [-1.1321, -0.1295, -0.3621, -0.6252, -0.1864, -0.1238, -0.5066, -0.6040,
         -0.6128, -1.1879],
        [-0.2977, -0.2639,  0.1377,  0.2268, -0.1969,  0.2319, -0.5854, -0.1252,
          0.0866, -0.2610],
        [-0.4436, -0.1586, -0.8214, -0.0148, -1.0531, -0.4130, -0.4708, -0.7062,
         -0.6329, -0.6760],
        [-0.2253, -0.9739, -0.3144,  0.1662, -0.2725,  0.2379, -0.7357, -0.2373,
         -0.4809, -0.2981],
        [-0.2411, -1.0006,  0.0922,  0.2120, -0.6250, -0.2147, -0.4802, -0.5263,
         -0.2510, -0.2661],
        [-1.0835, -0.7108, -0.7848, -0.6123, -0.3327, -0.3087, -0.5155, -1.0826,
         -0.3183, -1.0671],
        [ 0.7577,  0.3628,  1.0634,  0.1773,  1.1298,  0.2999,  1.1375,  0.1198,
          0.5878,  1.3518]], requires_grad=True)]
Epoch 1: 内层更新后权重 = [tensor([[ 0.9615,  0.0288,  0.3143,  1.0536,  0.2629,  0.3771,  0.2002,  1.0011,
          0.9424, -0.5982],
        [ 0.8698,  1.9118,  0.7870,  0.7918,  1.1481,  1.2742,  1.0976,  1.4719,
          1.6011,  0.4094],
        [-1.6322, -1.3423, -0.6892, -1.2850, -1.7271, -0.8852, -0.4798, -0.5631,
         -1.5669, -0.7055],
        [-1.6846, -0.7024, -0.7350, -1.0911, -0.7162, -0.5814, -0.9171, -1.0509,
         -1.0410, -1.7782],
        [-0.9122, -0.9094,  0.0628,  0.2243, -0.2083,  0.2218, -0.6452, -0.1203,
          0.0391, -0.9075],
        [-1.0779, -0.8081, -1.1129, -0.4366, -1.4351, -0.8542, -0.8977, -1.1141,
         -0.9303, -1.2539],
        [-0.7627, -1.5651, -0.3167,  0.0239, -0.6389,  0.0859, -0.9045, -0.3061,
         -0.6855, -0.8943],
        [-0.8552, -1.6070, -0.0787,  0.0516, -0.9842, -0.3505, -0.7587, -0.7883,
         -0.4987, -0.9216],
        [-1.6058, -1.3069, -1.3169, -0.8992, -0.7992, -0.7593, -1.0344, -1.5939,
         -0.7684, -1.6345],
        [ 1.2634,  0.9084,  1.5562,  0.6588,  1.6217,  0.8346,  1.5991,  0.6389,
          1.0120,  2.1461]])]
Epoch 1: 外层更新后权重 = [tensor([[ 0.9615,  0.0288,  0.3143,  1.0536,  0.2629,  0.3771,  0.2002,  1.0011,
          0.9424, -0.5982],
        [ 0.8698,  1.9118,  0.7870,  0.7918,  1.1481,  1.2742,  1.0976,  1.4719,
          1.6011,  0.4094],
        [-1.6322, -1.3423, -0.6892, -1.2850, -1.7271, -0.8852, -0.4798, -0.5631,
         -1.5669, -0.7055],
        [-1.6846, -0.7024, -0.7350, -1.0911, -0.7162, -0.5814, -0.9171, -1.0509,
         -1.0410, -1.7782],
        [-0.9122, -0.9094,  0.0628,  0.2243, -0.2083,  0.2218, -0.6452, -0.1203,
          0.0391, -0.9075],
        [-1.0779, -0.8081, -1.1129, -0.4366, -1.4351, -0.8542, -0.8977, -1.1141,
         -0.9303, -1.2539],
        [-0.7627, -1.5651, -0.3167,  0.0239, -0.6389,  0.0859, -0.9045, -0.3061,
         -0.6855, -0.8943],
        [-0.8552, -1.6070, -0.0787,  0.0516, -0.9842, -0.3505, -0.7587, -0.7883,
         -0.4987, -0.9216],
        [-1.6058, -1.3069, -1.3169, -0.8992, -0.7992, -0.7593, -1.0344, -1.5939,
         -0.7684, -1.6345],
        [ 1.2634,  0.9084,  1.5562,  0.6588,  1.6217,  0.8346,  1.5991,  0.6389,
          1.0120,  2.1461]])]
1---train=0.25762349367141724,test=0.2714899182319641
权重更新前[Parameter containing:
tensor([[ 0.9615,  0.0288,  0.3143,  1.0536,  0.2629,  0.3771,  0.2002,  1.0011,
          0.9424, -0.5982],
        [ 0.8698,  1.9118,  0.7870,  0.7918,  1.1481,  1.2742,  1.0976,  1.4719,
          1.6011,  0.4094],
        [-1.6322, -1.3423, -0.6892, -1.2850, -1.7271, -0.8852, -0.4798, -0.5631,
         -1.5669, -0.7055],
        [-1.6846, -0.7024, -0.7350, -1.0911, -0.7162, -0.5814, -0.9171, -1.0509,
         -1.0410, -1.7782],
        [-0.9122, -0.9094,  0.0628,  0.2243, -0.2083,  0.2218, -0.6452, -0.1203,
          0.0391, -0.9075],
        [-1.0779, -0.8081, -1.1129, -0.4366, -1.4351, -0.8542, -0.8977, -1.1141,
         -0.9303, -1.2539],
        [-0.7627, -1.5651, -0.3167,  0.0239, -0.6389,  0.0859, -0.9045, -0.3061,
         -0.6855, -0.8943],
        [-0.8552, -1.6070, -0.0787,  0.0516, -0.9842, -0.3505, -0.7587, -0.7883,
         -0.4987, -0.9216],
        [-1.6058, -1.3069, -1.3169, -0.8992, -0.7992, -0.7593, -1.0344, -1.5939,
         -0.7684, -1.6345],
        [ 1.2634,  0.9084,  1.5562,  0.6588,  1.6217,  0.8346,  1.5991,  0.6389,
          1.0120,  2.1461]], requires_grad=True)]
Epoch 2: 内层更新后权重 = [tensor([[ 1.4338e+00, -1.3162e-01,  6.0046e-01,  1.2085e+00,  5.8541e-01,
          5.5828e-01,  4.9345e-01,  1.2355e+00,  1.2201e+00, -7.5070e-01],
        [ 1.2677e+00,  2.4748e+00,  1.0897e+00,  1.1413e+00,  1.5320e+00,
          1.5894e+00,  1.4096e+00,  1.7688e+00,  1.9403e+00,  6.1071e-01],
        [-2.0291e+00, -1.7584e+00, -1.0699e+00, -1.5908e+00, -2.1651e+00,
         -1.2093e+00, -8.7068e-01, -9.2838e-01, -1.9466e+00, -1.1481e+00],
        [-2.1392e+00, -1.1607e+00, -9.2370e-01, -1.3630e+00, -1.1576e+00,
         -8.2873e-01, -1.2274e+00, -1.4076e+00, -1.3785e+00, -2.1868e+00],
        [-1.4247e+00, -1.3896e+00,  8.0219e-02,  3.2492e-01,  2.0143e-03,
          2.4410e-01, -5.8249e-01,  4.3278e-02,  6.9712e-02, -1.3279e+00],
        [-1.5375e+00, -1.2769e+00, -1.2622e+00, -8.2468e-01, -1.7356e+00,
         -1.1630e+00, -1.2552e+00, -1.3956e+00, -1.1258e+00, -1.7132e+00],
        [-1.2324e+00, -2.0399e+00, -2.4075e-01,  1.2941e-02, -9.8134e-01,
          1.1404e-01, -9.0891e-01, -3.1814e-01, -7.1314e-01, -1.3674e+00],
        [-1.3317e+00, -2.0239e+00, -2.0788e-01, -1.0363e-02, -1.3471e+00,
         -3.7590e-01, -9.8391e-01, -9.1688e-01, -6.4049e-01, -1.3894e+00],
        [-2.0408e+00, -1.7363e+00, -1.7081e+00, -1.1143e+00, -1.1954e+00,
         -1.1043e+00, -1.4622e+00, -1.9922e+00, -1.0928e+00, -2.0308e+00],
        [ 1.5085e+00,  1.0364e+00,  1.7796e+00,  9.0905e-01,  1.8477e+00,
          1.1328e+00,  1.8568e+00,  9.0297e-01,  1.2463e+00,  2.6168e+00]])]
Epoch 2: 外层更新后权重 = [tensor([[ 1.4338e+00, -1.3162e-01,  6.0046e-01,  1.2085e+00,  5.8541e-01,
          5.5828e-01,  4.9345e-01,  1.2355e+00,  1.2201e+00, -7.5070e-01],
        [ 1.2677e+00,  2.4748e+00,  1.0897e+00,  1.1413e+00,  1.5320e+00,
          1.5894e+00,  1.4096e+00,  1.7688e+00,  1.9403e+00,  6.1071e-01],
        [-2.0291e+00, -1.7584e+00, -1.0699e+00, -1.5908e+00, -2.1651e+00,
         -1.2093e+00, -8.7068e-01, -9.2838e-01, -1.9466e+00, -1.1481e+00],
        [-2.1392e+00, -1.1607e+00, -9.2370e-01, -1.3630e+00, -1.1576e+00,
         -8.2873e-01, -1.2274e+00, -1.4076e+00, -1.3785e+00, -2.1868e+00],
        [-1.4247e+00, -1.3896e+00,  8.0219e-02,  3.2492e-01,  2.0143e-03,
          2.4410e-01, -5.8249e-01,  4.3278e-02,  6.9712e-02, -1.3279e+00],
        [-1.5375e+00, -1.2769e+00, -1.2622e+00, -8.2468e-01, -1.7356e+00,
         -1.1630e+00, -1.2552e+00, -1.3956e+00, -1.1258e+00, -1.7132e+00],
        [-1.2324e+00, -2.0399e+00, -2.4075e-01,  1.2941e-02, -9.8134e-01,
          1.1404e-01, -9.0891e-01, -3.1814e-01, -7.1314e-01, -1.3674e+00],
        [-1.3317e+00, -2.0239e+00, -2.0788e-01, -1.0363e-02, -1.3471e+00,
         -3.7590e-01, -9.8391e-01, -9.1688e-01, -6.4049e-01, -1.3894e+00],
        [-2.0408e+00, -1.7363e+00, -1.7081e+00, -1.1143e+00, -1.1954e+00,
         -1.1043e+00, -1.4622e+00, -1.9922e+00, -1.0928e+00, -2.0308e+00],
        [ 1.5085e+00,  1.0364e+00,  1.7796e+00,  9.0905e-01,  1.8477e+00,
          1.1328e+00,  1.8568e+00,  9.0297e-01,  1.2463e+00,  2.6168e+00]])]
2---train=0.18796400725841522,test=0.19727720320224762
权重更新前[Parameter containing:
tensor([[ 1.4338e+00, -1.3162e-01,  6.0046e-01,  1.2085e+00,  5.8541e-01,
          5.5828e-01,  4.9345e-01,  1.2355e+00,  1.2201e+00, -7.5070e-01],
        [ 1.2677e+00,  2.4748e+00,  1.0897e+00,  1.1413e+00,  1.5320e+00,
          1.5894e+00,  1.4096e+00,  1.7688e+00,  1.9403e+00,  6.1071e-01],
        [-2.0291e+00, -1.7584e+00, -1.0699e+00, -1.5908e+00, -2.1651e+00,
         -1.2093e+00, -8.7068e-01, -9.2838e-01, -1.9466e+00, -1.1481e+00],
        [-2.1392e+00, -1.1607e+00, -9.2370e-01, -1.3630e+00, -1.1576e+00,
         -8.2873e-01, -1.2274e+00, -1.4076e+00, -1.3785e+00, -2.1868e+00],
        [-1.4247e+00, -1.3896e+00,  8.0219e-02,  3.2492e-01,  2.0143e-03,
          2.4410e-01, -5.8249e-01,  4.3278e-02,  6.9712e-02, -1.3279e+00],
        [-1.5375e+00, -1.2769e+00, -1.2622e+00, -8.2468e-01, -1.7356e+00,
         -1.1630e+00, -1.2552e+00, -1.3956e+00, -1.1258e+00, -1.7132e+00],
        [-1.2324e+00, -2.0399e+00, -2.4075e-01,  1.2941e-02, -9.8134e-01,
          1.1404e-01, -9.0891e-01, -3.1814e-01, -7.1314e-01, -1.3674e+00],
        [-1.3317e+00, -2.0239e+00, -2.0788e-01, -1.0363e-02, -1.3471e+00,
         -3.7590e-01, -9.8391e-01, -9.1688e-01, -6.4049e-01, -1.3894e+00],
        [-2.0408e+00, -1.7363e+00, -1.7081e+00, -1.1143e+00, -1.1954e+00,
         -1.1043e+00, -1.4622e+00, -1.9922e+00, -1.0928e+00, -2.0308e+00],
        [ 1.5085e+00,  1.0364e+00,  1.7796e+00,  9.0905e-01,  1.8477e+00,
          1.1328e+00,  1.8568e+00,  9.0297e-01,  1.2463e+00,  2.6168e+00]],
       requires_grad=True)]
Epoch 3: 内层更新后权重 = [tensor([[ 1.8612,  0.0399,  0.7873,  1.3658,  0.8670,  0.6813,  0.7525,  1.4425,
          1.4359, -0.7511],
        [ 1.3138,  2.6765,  1.2336,  1.3476,  1.7131,  1.7421,  1.5134,  1.8371,
          2.0745,  0.6535],
        [-2.2760, -2.0603, -1.3778, -1.8135, -2.5359, -1.4780, -1.1844, -1.2645,
         -2.1816, -1.4237],
        [-2.4536, -1.4712, -1.0357, -1.5399, -1.5109, -0.9691, -1.4703, -1.6663,
         -1.6392, -2.4634],
        [-1.6997, -1.6435,  0.1739,  0.4465,  0.1885,  0.3520, -0.5957,  0.1079,
          0.1177, -1.5414],
        [-1.8845, -1.6037, -1.3441, -1.0881, -1.9896, -1.3457, -1.5012, -1.6034,
         -1.2126, -2.0166],
        [-1.5684, -2.3498, -0.1167,  0.0508, -1.0656,  0.1314, -0.8250, -0.3274,
         -0.6703, -1.6628],
        [-1.6517, -2.2978, -0.1640,  0.0058, -1.4775, -0.3393, -0.9726, -0.8245,
         -0.6379, -1.7180],
        [-2.3538, -2.0240, -1.9625, -1.2456, -1.5004, -1.3545, -1.7693, -2.3119,
         -1.3121, -2.2946],
        [ 1.6541,  1.1418,  1.8681,  0.9828,  1.9241,  1.3174,  1.9943,  1.0892,
          1.3559,  2.8778]])]
Epoch 3: 外层更新后权重 = [tensor([[ 1.8612,  0.0399,  0.7873,  1.3658,  0.8670,  0.6813,  0.7525,  1.4425,
          1.4359, -0.7511],
        [ 1.3138,  2.6765,  1.2336,  1.3476,  1.7131,  1.7421,  1.5134,  1.8371,
          2.0745,  0.6535],
        [-2.2760, -2.0603, -1.3778, -1.8135, -2.5359, -1.4780, -1.1844, -1.2645,
         -2.1816, -1.4237],
        [-2.4536, -1.4712, -1.0357, -1.5399, -1.5109, -0.9691, -1.4703, -1.6663,
         -1.6392, -2.4634],
        [-1.6997, -1.6435,  0.1739,  0.4465,  0.1885,  0.3520, -0.5957,  0.1079,
          0.1177, -1.5414],
        [-1.8845, -1.6037, -1.3441, -1.0881, -1.9896, -1.3457, -1.5012, -1.6034,
         -1.2126, -2.0166],
        [-1.5684, -2.3498, -0.1167,  0.0508, -1.0656,  0.1314, -0.8250, -0.3274,
         -0.6703, -1.6628],
        [-1.6517, -2.2978, -0.1640,  0.0058, -1.4775, -0.3393, -0.9726, -0.8245,
         -0.6379, -1.7180],
        [-2.3538, -2.0240, -1.9625, -1.2456, -1.5004, -1.3545, -1.7693, -2.3119,
         -1.3121, -2.2946],
        [ 1.6541,  1.1418,  1.8681,  0.9828,  1.9241,  1.3174,  1.9943,  1.0892,
          1.3559,  2.8778]])]
3---train=0.16085749864578247,test=0.16545020043849945
权重更新前[Parameter containing:
tensor([[ 1.8612,  0.0399,  0.7873,  1.3658,  0.8670,  0.6813,  0.7525,  1.4425,
          1.4359, -0.7511],
        [ 1.3138,  2.6765,  1.2336,  1.3476,  1.7131,  1.7421,  1.5134,  1.8371,
          2.0745,  0.6535],
        [-2.2760, -2.0603, -1.3778, -1.8135, -2.5359, -1.4780, -1.1844, -1.2645,
         -2.1816, -1.4237],
        [-2.4536, -1.4712, -1.0357, -1.5399, -1.5109, -0.9691, -1.4703, -1.6663,
         -1.6392, -2.4634],
        [-1.6997, -1.6435,  0.1739,  0.4465,  0.1885,  0.3520, -0.5957,  0.1079,
          0.1177, -1.5414],
        [-1.8845, -1.6037, -1.3441, -1.0881, -1.9896, -1.3457, -1.5012, -1.6034,
         -1.2126, -2.0166],
        [-1.5684, -2.3498, -0.1167,  0.0508, -1.0656,  0.1314, -0.8250, -0.3274,
         -0.6703, -1.6628],
        [-1.6517, -2.2978, -0.1640,  0.0058, -1.4775, -0.3393, -0.9726, -0.8245,
         -0.6379, -1.7180],
        [-2.3538, -2.0240, -1.9625, -1.2456, -1.5004, -1.3545, -1.7693, -2.3119,
         -1.3121, -2.2946],
        [ 1.6541,  1.1418,  1.8681,  0.9828,  1.9241,  1.3174,  1.9943,  1.0892,
          1.3559,  2.8778]], requires_grad=True)]
Epoch 4: 内层更新后权重 = [tensor([[ 2.1020,  0.0821,  0.8889,  1.3817,  0.9362,  0.7642,  0.8998,  1.5436,
          1.5421, -0.7631],
        [ 1.4340,  2.8568,  1.3353,  1.5374,  1.9069,  1.8689,  1.6444,  1.8858,
          2.2249,  0.7345],
        [-2.4527, -2.2700, -1.6157, -1.9880, -2.7760, -1.6816, -1.4570, -1.5127,
         -2.3779, -1.6422],
        [-2.6971, -1.7155, -1.0907, -1.6794, -1.8063, -1.0755, -1.6742, -1.9303,
         -1.8430, -2.6741],
        [-1.8407, -1.7679,  0.2713,  0.5781,  0.3651,  0.4452, -0.5435,  0.2122,
          0.1188, -1.7138],
        [-2.1737, -1.8604, -1.3660, -1.3002, -2.1901, -1.4931, -1.7854, -1.7849,
         -1.2626, -2.2604],
        [-1.7626, -2.5622,  0.0112,  0.0770, -1.1081,  0.1693, -0.6712, -0.3780,
         -0.5994, -1.8848],
        [-1.8687, -2.4740, -0.1126,  0.0511, -1.5541, -0.2676, -0.9548, -0.6837,
         -0.5962, -1.9989],
        [-2.5994, -2.2492, -2.1681, -1.3043, -1.7313, -1.5733, -2.0168, -2.5863,
         -1.4747, -2.5111],
        [ 1.7035,  1.1493,  1.9014,  1.0221,  1.9558,  1.4469,  2.0205,  1.2384,
          1.4148,  3.0341]])]
Epoch 4: 外层更新后权重 = [tensor([[ 2.1020,  0.0821,  0.8889,  1.3817,  0.9362,  0.7642,  0.8998,  1.5436,
          1.5421, -0.7631],
        [ 1.4340,  2.8568,  1.3353,  1.5374,  1.9069,  1.8689,  1.6444,  1.8858,
          2.2249,  0.7345],
        [-2.4527, -2.2700, -1.6157, -1.9880, -2.7760, -1.6816, -1.4570, -1.5127,
         -2.3779, -1.6422],
        [-2.6971, -1.7155, -1.0907, -1.6794, -1.8063, -1.0755, -1.6742, -1.9303,
         -1.8430, -2.6741],
        [-1.8407, -1.7679,  0.2713,  0.5781,  0.3651,  0.4452, -0.5435,  0.2122,
          0.1188, -1.7138],
        [-2.1737, -1.8604, -1.3660, -1.3002, -2.1901, -1.4931, -1.7854, -1.7849,
         -1.2626, -2.2604],
        [-1.7626, -2.5622,  0.0112,  0.0770, -1.1081,  0.1693, -0.6712, -0.3780,
         -0.5994, -1.8848],
        [-1.8687, -2.4740, -0.1126,  0.0511, -1.5541, -0.2676, -0.9548, -0.6837,
         -0.5962, -1.9989],
        [-2.5994, -2.2492, -2.1681, -1.3043, -1.7313, -1.5733, -2.0168, -2.5863,
         -1.4747, -2.5111],
        [ 1.7035,  1.1493,  1.9014,  1.0221,  1.9558,  1.4469,  2.0205,  1.2384,
          1.4148,  3.0341]])]
4---train=0.14689145982265472,test=0.14721374213695526
权重更新前[Parameter containing:
tensor([[ 2.1020,  0.0821,  0.8889,  1.3817,  0.9362,  0.7642,  0.8998,  1.5436,
          1.5421, -0.7631],
        [ 1.4340,  2.8568,  1.3353,  1.5374,  1.9069,  1.8689,  1.6444,  1.8858,
          2.2249,  0.7345],
        [-2.4527, -2.2700, -1.6157, -1.9880, -2.7760, -1.6816, -1.4570, -1.5127,
         -2.3779, -1.6422],
        [-2.6971, -1.7155, -1.0907, -1.6794, -1.8063, -1.0755, -1.6742, -1.9303,
         -1.8430, -2.6741],
        [-1.8407, -1.7679,  0.2713,  0.5781,  0.3651,  0.4452, -0.5435,  0.2122,
          0.1188, -1.7138],
        [-2.1737, -1.8604, -1.3660, -1.3002, -2.1901, -1.4931, -1.7854, -1.7849,
         -1.2626, -2.2604],
        [-1.7626, -2.5622,  0.0112,  0.0770, -1.1081,  0.1693, -0.6712, -0.3780,
         -0.5994, -1.8848],
        [-1.8687, -2.4740, -0.1126,  0.0511, -1.5541, -0.2676, -0.9548, -0.6837,
         -0.5962, -1.9989],
        [-2.5994, -2.2492, -2.1681, -1.3043, -1.7313, -1.5733, -2.0168, -2.5863,
         -1.4747, -2.5111],
        [ 1.7035,  1.1493,  1.9014,  1.0221,  1.9558,  1.4469,  2.0205,  1.2384,
          1.4148,  3.0341]], requires_grad=True)]
Epoch 5: 内层更新后权重 = [tensor([[ 2.2577,  0.1700,  0.9693,  1.3697,  0.9903,  0.7970,  0.9941,  1.6445,
          1.6002, -0.6850],
        [ 1.5051,  2.9998,  1.4275,  1.6758,  2.0276,  1.9891,  1.7620,  1.8866,
          2.3538,  0.8282],
        [-2.5678, -2.4381, -1.8210, -2.1506, -2.9899, -1.8612, -1.6961, -1.7346,
         -2.5269, -1.8235],
        [-2.8639, -1.9307, -1.1266, -1.7806, -2.0955, -1.1566, -1.8485, -2.1652,
         -2.0533, -2.8464],
        [-1.8599, -1.8275,  0.3848,  0.7381,  0.5418,  0.5038, -0.5167,  0.3454,
          0.1820, -1.7860],
        [-2.3706, -2.0971, -1.3571, -1.4956, -2.2382, -1.5789, -2.0210, -1.9310,
         -1.2815, -2.4542],
        [-1.8469, -2.7718,  0.1443,  0.1616, -1.0777,  0.2539, -0.4818, -0.3818,
         -0.4868, -2.0726],
        [-1.9767, -2.6552, -0.0478,  0.0830, -1.6343, -0.1818, -0.9623, -0.5421,
         -0.5361, -2.1759],
        [-2.7504, -2.4443, -2.3268, -1.3696, -1.9422, -1.7742, -2.2559, -2.8460,
         -1.5996, -2.6718],
        [ 1.6572,  1.1221,  1.8557,  1.0417,  1.9250,  1.5083,  2.0137,  1.3305,
          1.4138,  3.0795]])]
Epoch 5: 外层更新后权重 = [tensor([[ 2.2577,  0.1700,  0.9693,  1.3697,  0.9903,  0.7970,  0.9941,  1.6445,
          1.6002, -0.6850],
        [ 1.5051,  2.9998,  1.4275,  1.6758,  2.0276,  1.9891,  1.7620,  1.8866,
          2.3538,  0.8282],
        [-2.5678, -2.4381, -1.8210, -2.1506, -2.9899, -1.8612, -1.6961, -1.7346,
         -2.5269, -1.8235],
        [-2.8639, -1.9307, -1.1266, -1.7806, -2.0955, -1.1566, -1.8485, -2.1652,
         -2.0533, -2.8464],
        [-1.8599, -1.8275,  0.3848,  0.7381,  0.5418,  0.5038, -0.5167,  0.3454,
          0.1820, -1.7860],
        [-2.3706, -2.0971, -1.3571, -1.4956, -2.2382, -1.5789, -2.0210, -1.9310,
         -1.2815, -2.4542],
        [-1.8469, -2.7718,  0.1443,  0.1616, -1.0777,  0.2539, -0.4818, -0.3818,
         -0.4868, -2.0726],
        [-1.9767, -2.6552, -0.0478,  0.0830, -1.6343, -0.1818, -0.9623, -0.5421,
         -0.5361, -2.1759],
        [-2.7504, -2.4443, -2.3268, -1.3696, -1.9422, -1.7742, -2.2559, -2.8460,
         -1.5996, -2.6718],
        [ 1.6572,  1.1221,  1.8557,  1.0417,  1.9250,  1.5083,  2.0137,  1.3305,
          1.4138,  3.0795]])]
5---train=0.13908900320529938,test=0.13695155084133148
权重更新前[Parameter containing:
tensor([[ 2.2577,  0.1700,  0.9693,  1.3697,  0.9903,  0.7970,  0.9941,  1.6445,
          1.6002, -0.6850],
        [ 1.5051,  2.9998,  1.4275,  1.6758,  2.0276,  1.9891,  1.7620,  1.8866,
          2.3538,  0.8282],
        [-2.5678, -2.4381, -1.8210, -2.1506, -2.9899, -1.8612, -1.6961, -1.7346,
         -2.5269, -1.8235],
        [-2.8639, -1.9307, -1.1266, -1.7806, -2.0955, -1.1566, -1.8485, -2.1652,
         -2.0533, -2.8464],
        [-1.8599, -1.8275,  0.3848,  0.7381,  0.5418,  0.5038, -0.5167,  0.3454,
          0.1820, -1.7860],
        [-2.3706, -2.0971, -1.3571, -1.4956, -2.2382, -1.5789, -2.0210, -1.9310,
         -1.2815, -2.4542],
        [-1.8469, -2.7718,  0.1443,  0.1616, -1.0777,  0.2539, -0.4818, -0.3818,
         -0.4868, -2.0726],
        [-1.9767, -2.6552, -0.0478,  0.0830, -1.6343, -0.1818, -0.9623, -0.5421,
         -0.5361, -2.1759],
        [-2.7504, -2.4443, -2.3268, -1.3696, -1.9422, -1.7742, -2.2559, -2.8460,
         -1.5996, -2.6718],
        [ 1.6572,  1.1221,  1.8557,  1.0417,  1.9250,  1.5083,  2.0137,  1.3305,
          1.4138,  3.0795]], requires_grad=True)]
Epoch 6: 内层更新后权重 = [tensor([[ 2.3756,  0.2323,  1.0339,  1.3509,  0.9974,  0.8164,  1.0594,  1.7361,
          1.6458, -0.6222],
        [ 1.4947,  3.0193,  1.4497,  1.8221,  2.1051,  2.0516,  1.8028,  1.8992,
          2.4218,  0.8006],
        [-2.6839, -2.5928, -1.9990, -2.3007, -3.1624, -2.0176, -1.9433, -1.9074,
         -2.6733, -1.9868],
        [-3.0203, -2.0939, -1.1459, -1.8447, -2.3132, -1.1941, -1.9960, -2.3625,
         -2.1993, -2.9768],
        [-1.7871, -1.8560,  0.4643,  0.8634,  0.6908,  0.5821, -0.4888,  0.3932,
          0.2338, -1.8166],
        [-2.5457, -2.2679, -1.3289, -1.6610, -2.2870, -1.6268, -2.2612, -2.0082,
         -1.2790, -2.6063],
        [-1.8867, -2.8960,  0.2782,  0.2134, -1.0057,  0.3203, -0.2803, -0.3993,
         -0.3385, -2.2219],
        [-2.0937, -2.7536, -0.0290,  0.1149, -1.6330, -0.1316, -0.9130, -0.4071,
         -0.4553, -2.3047],
        [-2.8936, -2.6016, -2.4756, -1.3870, -2.1862, -1.9518, -2.5040, -3.0393,
         -1.7352, -2.8178],
        [ 1.6809,  1.1917,  1.8745,  1.0118,  1.9037,  1.5730,  2.0293,  1.3742,
          1.4227,  3.1754]])]
Epoch 6: 外层更新后权重 = [tensor([[ 2.3756,  0.2323,  1.0339,  1.3509,  0.9974,  0.8164,  1.0594,  1.7361,
          1.6458, -0.6222],
        [ 1.4947,  3.0193,  1.4497,  1.8221,  2.1051,  2.0516,  1.8028,  1.8992,
          2.4218,  0.8006],
        [-2.6839, -2.5928, -1.9990, -2.3007, -3.1624, -2.0176, -1.9433, -1.9074,
         -2.6733, -1.9868],
        [-3.0203, -2.0939, -1.1459, -1.8447, -2.3132, -1.1941, -1.9960, -2.3625,
         -2.1993, -2.9768],
        [-1.7871, -1.8560,  0.4643,  0.8634,  0.6908,  0.5821, -0.4888,  0.3932,
          0.2338, -1.8166],
        [-2.5457, -2.2679, -1.3289, -1.6610, -2.2870, -1.6268, -2.2612, -2.0082,
         -1.2790, -2.6063],
        [-1.8867, -2.8960,  0.2782,  0.2134, -1.0057,  0.3203, -0.2803, -0.3993,
         -0.3385, -2.2219],
        [-2.0937, -2.7536, -0.0290,  0.1149, -1.6330, -0.1316, -0.9130, -0.4071,
         -0.4553, -2.3047],
        [-2.8936, -2.6016, -2.4756, -1.3870, -2.1862, -1.9518, -2.5040, -3.0393,
         -1.7352, -2.8178],
        [ 1.6809,  1.1917,  1.8745,  1.0118,  1.9037,  1.5730,  2.0293,  1.3742,
          1.4227,  3.1754]])]
counts:0.30257510729613735,comparison:tensor([False, False, False, False,  True,  True, False, False, False,  True,
        False, False,  True, False, False, False, False, False,  True, False,
         True, False, False, False, False,  True,  True, False,  True, False,
         True,  True, False, False, False, False,  True, False,  True, False,
         True, False,  True, False, False,  True, False,  True, False,  True,
         True, False, False, False, False, False, False,  True, False, False,
         True, False, False, False, False, False, False, False, False,  True,
        False, False, False, False, False, False,  True,  True,  True, False,
         True, False, False, False, False, False, False, False, False,  True,
         True, False, False, False,  True, False, False, False, False, False,
         True, False,  True,  True, False, False,  True, False, False, False,
         True, False,  True, False,  True,  True,  True,  True, False, False,
         True, False,  True, False, False,  True, False, False, False, False,
        False, False, False, False, False, False, False,  True,  True, False,
        False, False, False,  True, False, False,  True, False, False, False,
        False,  True, False, False,  True, False, False, False, False, False,
        False, False, False, False, False, False,  True, False, False, False,
        False,  True, False,  True, False, False, False,  True, False, False,
        False,  True, False, False, False,  True, False, False, False,  True,
        False, False,  True, False, False,  True, False, False, False, False,
        False,  True,  True, False, False,  True, False, False, False, False,
        False,  True, False, False,  True,  True, False,  True, False, False,
        False, False, False, False, False, False, False, False, False,  True,
        False, False, False, False, False, False, False, False, False, False,
        False,  True, False, False, False, False, False, False, False,  True,
        False,  True,  True, False, False,  True, False,  True, False, False,
        False,  True, False,  True,  True, False,  True, False,  True, False,
         True, False,  True, False, False, False,  True, False, False, False,
        False, False, False, False, False,  True, False,  True, False,  True,
        False, False,  True,  True,  True, False, False, False, False, False,
         True, False, False, False,  True, False,  True, False, False, False,
         True, False, False, False, False,  True, False, False, False, False,
        False, False,  True, False, False,  True, False, False, False, False,
         True,  True,  True,  True,  True,  True,  True, False,  True, False,
         True, False, False, False,  True, False,  True, False, False, False,
         True, False, False, False,  True, False, False, False, False,  True,
        False,  True, False,  True,  True, False, False, False, False, False,
         True, False, False, False, False, False, False, False,  True, False,
         True, False, False,  True, False, False,  True,  True,  True,  True,
        False, False, False, False, False, False,  True, False,  True,  True,
        False, False, False, False, False, False,  True, False,  True, False,
        False, False, False, False,  True,  True, False,  True, False, False,
        False, False, False, False, False,  True, False, False,  True, False,
        False, False, False,  True, False,  True, False, False, False,  True,
        False,  True,  True, False,  True,  True,  True,  True, False,  True,
         True, False, False, False,  True,  True, False, False, False, False,
         True, False, False, False, False, False])
6---train=0.13373543322086334,test=0.13150463998317719
权重更新前[Parameter containing:
tensor([[ 2.3756,  0.2323,  1.0339,  1.3509,  0.9974,  0.8164,  1.0594,  1.7361,
          1.6458, -0.6222],
        [ 1.4947,  3.0193,  1.4497,  1.8221,  2.1051,  2.0516,  1.8028,  1.8992,
          2.4218,  0.8006],
        [-2.6839, -2.5928, -1.9990, -2.3007, -3.1624, -2.0176, -1.9433, -1.9074,
         -2.6733, -1.9868],
        [-3.0203, -2.0939, -1.1459, -1.8447, -2.3132, -1.1941, -1.9960, -2.3625,
         -2.1993, -2.9768],
        [-1.7871, -1.8560,  0.4643,  0.8634,  0.6908,  0.5821, -0.4888,  0.3932,
          0.2338, -1.8166],
        [-2.5457, -2.2679, -1.3289, -1.6610, -2.2870, -1.6268, -2.2612, -2.0082,
         -1.2790, -2.6063],
        [-1.8867, -2.8960,  0.2782,  0.2134, -1.0057,  0.3203, -0.2803, -0.3993,
         -0.3385, -2.2219],
        [-2.0937, -2.7536, -0.0290,  0.1149, -1.6330, -0.1316, -0.9130, -0.4071,
         -0.4553, -2.3047],
        [-2.8936, -2.6016, -2.4756, -1.3870, -2.1862, -1.9518, -2.5040, -3.0393,
         -1.7352, -2.8178],
        [ 1.6809,  1.1917,  1.8745,  1.0118,  1.9037,  1.5730,  2.0293,  1.3742,
          1.4227,  3.1754]], requires_grad=True)]
Epoch 7: 内层更新后权重 = [tensor([[ 2.4546,  0.2562,  1.0527,  1.3159,  0.9762,  0.7976,  1.1254,  1.7843,
          1.6731, -0.5717],
        [ 1.5335,  3.0869,  1.5202,  1.9122,  2.2478,  2.1212,  1.8922,  1.8848,
          2.5145,  0.8396],
        [-2.7686, -2.7338, -2.1347, -2.4261, -3.2985, -2.1550, -2.1237, -2.0508,
         -2.8050, -2.1301],
        [-3.1471, -2.2479, -1.1713, -1.8609, -2.5048, -1.1836, -2.0982, -2.5090,
         -2.3019, -3.0957],
        [-1.7604, -1.8665,  0.5447,  0.9695,  0.7664,  0.6147, -0.4754,  0.4303,
          0.2751, -1.8413],
        [-2.6969, -2.4304, -1.2715, -1.7854, -2.2792, -1.6216, -2.2864, -2.0631,
         -1.2560, -2.7550],
        [-1.9006, -3.0158,  0.3700,  0.2053, -0.9858,  0.2673, -0.2112, -0.4008,
         -0.3314, -2.3799],
        [-2.1942, -2.8345, -0.0106,  0.1508, -1.6362, -0.0764, -0.9027, -0.3120,
         -0.3602, -2.4301],
        [-3.0164, -2.7375, -2.6042, -1.4267, -2.3023, -2.0947, -2.6560, -3.2278,
         -1.8206, -2.9418],
        [ 1.6704,  1.1918,  1.8377,  1.0262,  1.8423,  1.6391,  1.9899,  1.4543,
          1.3972,  3.2078]])]
Epoch 7: 外层更新后权重 = [tensor([[ 2.4546,  0.2562,  1.0527,  1.3159,  0.9762,  0.7976,  1.1254,  1.7843,
          1.6731, -0.5717],
        [ 1.5335,  3.0869,  1.5202,  1.9122,  2.2478,  2.1212,  1.8922,  1.8848,
          2.5145,  0.8396],
        [-2.7686, -2.7338, -2.1347, -2.4261, -3.2985, -2.1550, -2.1237, -2.0508,
         -2.8050, -2.1301],
        [-3.1471, -2.2479, -1.1713, -1.8609, -2.5048, -1.1836, -2.0982, -2.5090,
         -2.3019, -3.0957],
        [-1.7604, -1.8665,  0.5447,  0.9695,  0.7664,  0.6147, -0.4754,  0.4303,
          0.2751, -1.8413],
        [-2.6969, -2.4304, -1.2715, -1.7854, -2.2792, -1.6216, -2.2864, -2.0631,
         -1.2560, -2.7550],
        [-1.9006, -3.0158,  0.3700,  0.2053, -0.9858,  0.2673, -0.2112, -0.4008,
         -0.3314, -2.3799],
        [-2.1942, -2.8345, -0.0106,  0.1508, -1.6362, -0.0764, -0.9027, -0.3120,
         -0.3602, -2.4301],
        [-3.0164, -2.7375, -2.6042, -1.4267, -2.3023, -2.0947, -2.6560, -3.2278,
         -1.8206, -2.9418],
        [ 1.6704,  1.1918,  1.8377,  1.0262,  1.8423,  1.6391,  1.9899,  1.4543,
          1.3972,  3.2078]])]
counts:0.3218884120171674,comparison:tensor([False, False, False,  True,  True,  True, False, False, False,  True,
         True, False,  True, False, False, False, False, False,  True, False,
         True,  True, False, False, False,  True,  True, False,  True, False,
         True,  True, False, False, False, False,  True, False,  True, False,
         True, False,  True, False, False,  True, False,  True, False,  True,
         True, False, False, False, False, False, False,  True, False,  True,
         True, False, False, False, False, False, False, False, False,  True,
        False, False, False, False, False, False,  True,  True,  True, False,
         True, False, False, False, False, False, False, False, False,  True,
         True, False, False, False,  True, False, False, False, False, False,
         True, False,  True,  True, False, False,  True, False, False, False,
         True, False,  True, False,  True,  True,  True,  True, False, False,
         True, False,  True, False, False,  True, False, False, False, False,
        False, False, False, False, False, False, False,  True,  True, False,
        False, False, False,  True, False, False,  True, False, False, False,
        False,  True, False, False,  True, False, False, False, False, False,
        False, False, False, False, False, False,  True, False, False, False,
        False,  True, False, False, False, False, False,  True, False, False,
        False,  True, False, False, False,  True, False, False, False,  True,
        False, False,  True, False, False,  True, False, False, False, False,
        False,  True,  True, False, False,  True, False, False, False, False,
        False,  True, False, False,  True,  True, False,  True, False, False,
        False, False, False, False, False, False, False, False, False,  True,
        False, False, False, False, False, False, False, False, False, False,
        False,  True, False,  True, False, False, False, False, False,  True,
        False,  True,  True, False, False,  True, False,  True, False, False,
        False,  True, False,  True,  True, False,  True, False,  True, False,
         True, False,  True, False, False, False,  True, False, False, False,
        False, False, False, False, False,  True, False,  True, False,  True,
        False, False,  True,  True,  True, False, False, False, False,  True,
         True, False, False, False,  True,  True,  True, False, False, False,
         True, False, False, False, False,  True, False, False, False, False,
        False, False,  True, False, False,  True, False, False, False, False,
         True,  True,  True,  True,  True,  True,  True, False,  True, False,
         True, False, False, False,  True, False,  True, False, False, False,
         True, False, False, False,  True, False, False, False, False,  True,
        False,  True, False,  True,  True, False, False, False, False, False,
         True, False, False, False, False, False, False, False,  True, False,
         True, False, False,  True, False, False,  True,  True,  True,  True,
        False, False, False, False, False, False,  True, False,  True,  True,
        False, False, False, False, False, False,  True, False,  True, False,
        False, False, False, False,  True,  True, False,  True, False, False,
         True, False, False, False, False,  True, False, False,  True, False,
        False, False, False,  True, False,  True, False, False, False,  True,
        False,  True,  True, False,  True,  True,  True,  True, False,  True,
         True,  True, False,  True,  True,  True, False, False, False, False,
         True, False, False, False, False, False])
7---train=0.13086628913879395,test=0.1279449164867401
权重更新前[Parameter containing:
tensor([[ 2.4546,  0.2562,  1.0527,  1.3159,  0.9762,  0.7976,  1.1254,  1.7843,
          1.6731, -0.5717],
        [ 1.5335,  3.0869,  1.5202,  1.9122,  2.2478,  2.1212,  1.8922,  1.8848,
          2.5145,  0.8396],
        [-2.7686, -2.7338, -2.1347, -2.4261, -3.2985, -2.1550, -2.1237, -2.0508,
         -2.8050, -2.1301],
        [-3.1471, -2.2479, -1.1713, -1.8609, -2.5048, -1.1836, -2.0982, -2.5090,
         -2.3019, -3.0957],
        [-1.7604, -1.8665,  0.5447,  0.9695,  0.7664,  0.6147, -0.4754,  0.4303,
          0.2751, -1.8413],
        [-2.6969, -2.4304, -1.2715, -1.7854, -2.2792, -1.6216, -2.2864, -2.0631,
         -1.2560, -2.7550],
        [-1.9006, -3.0158,  0.3700,  0.2053, -0.9858,  0.2673, -0.2112, -0.4008,
         -0.3314, -2.3799],
        [-2.1942, -2.8345, -0.0106,  0.1508, -1.6362, -0.0764, -0.9027, -0.3120,
         -0.3602, -2.4301],
        [-3.0164, -2.7375, -2.6042, -1.4267, -2.3023, -2.0947, -2.6560, -3.2278,
         -1.8206, -2.9418],
        [ 1.6704,  1.1918,  1.8377,  1.0262,  1.8423,  1.6391,  1.9899,  1.4543,
          1.3972,  3.2078]], requires_grad=True)]
Epoch 8: 内层更新后权重 = [tensor([[ 2.4922,  0.2698,  1.0918,  1.2455,  0.9289,  0.7418,  1.1638,  1.8260,
          1.6627, -0.5124],
        [ 1.5543,  3.0860,  1.5307,  2.0329,  2.3423,  2.1702,  1.8961,  1.8671,
          2.5516,  0.7953],
        [-2.8395, -2.8484, -2.2802, -2.5687, -3.4060, -2.2660, -2.3428, -2.2053,
         -2.9057, -2.2619],
        [-3.2665, -2.3817, -1.1552, -1.8907, -2.6661, -1.1713, -2.1953, -2.6392,
         -2.4668, -3.2036],
        [-1.6646, -1.8592,  0.6157,  1.0483,  0.8045,  0.6289, -0.4282,  0.4381,
          0.2607, -1.8351],
        [-2.8215, -2.5668, -1.2238, -1.9001, -2.2418, -1.5929, -2.3480, -2.0882,
         -1.2067, -2.8948],
        [-1.8826, -3.1178,  0.4787,  0.2092, -0.9303,  0.2300, -0.0815, -0.3839,
         -0.2657, -2.4470],
        [-2.2469, -2.8748,  0.0182,  0.1964, -1.5974, -0.0179, -0.9276, -0.2113,
         -0.2446, -2.5194],
        [-3.1317, -2.8600, -2.7046, -1.3732, -2.4136, -2.2629, -2.8206, -3.3706,
         -1.8631, -3.0602],
        [ 1.6631,  1.2579,  1.8213,  1.0095,  1.7951,  1.7217,  2.0035,  1.5007,
          1.4225,  3.2785]])]
Epoch 8: 外层更新后权重 = [tensor([[ 2.4922,  0.2698,  1.0918,  1.2455,  0.9289,  0.7418,  1.1638,  1.8260,
          1.6627, -0.5124],
        [ 1.5543,  3.0860,  1.5307,  2.0329,  2.3423,  2.1702,  1.8961,  1.8671,
          2.5516,  0.7953],
        [-2.8395, -2.8484, -2.2802, -2.5687, -3.4060, -2.2660, -2.3428, -2.2053,
         -2.9057, -2.2619],
        [-3.2665, -2.3817, -1.1552, -1.8907, -2.6661, -1.1713, -2.1953, -2.6392,
         -2.4668, -3.2036],
        [-1.6646, -1.8592,  0.6157,  1.0483,  0.8045,  0.6289, -0.4282,  0.4381,
          0.2607, -1.8351],
        [-2.8215, -2.5668, -1.2238, -1.9001, -2.2418, -1.5929, -2.3480, -2.0882,
         -1.2067, -2.8948],
        [-1.8826, -3.1178,  0.4787,  0.2092, -0.9303,  0.2300, -0.0815, -0.3839,
         -0.2657, -2.4470],
        [-2.2469, -2.8748,  0.0182,  0.1964, -1.5974, -0.0179, -0.9276, -0.2113,
         -0.2446, -2.5194],
        [-3.1317, -2.8600, -2.7046, -1.3732, -2.4136, -2.2629, -2.8206, -3.3706,
         -1.8631, -3.0602],
        [ 1.6631,  1.2579,  1.8213,  1.0095,  1.7951,  1.7217,  2.0035,  1.5007,
          1.4225,  3.2785]])]
counts:0.3240343347639485,comparison:tensor([False, False, False, False,  True,  True, False, False, False,  True,
         True, False,  True, False, False, False, False,  True,  True, False,
         True,  True, False, False, False,  True,  True, False,  True, False,
         True,  True, False, False, False, False,  True, False,  True, False,
         True, False,  True, False, False,  True, False,  True, False,  True,
         True, False, False, False, False, False, False,  True, False, False,
         True, False, False, False, False, False, False, False, False,  True,
        False, False, False, False, False, False,  True,  True,  True, False,
         True, False, False, False, False, False, False, False, False,  True,
         True, False, False, False,  True, False, False, False, False, False,
         True, False,  True,  True, False, False,  True, False, False, False,
         True, False,  True, False,  True,  True,  True,  True, False, False,
         True, False,  True, False, False,  True, False, False, False, False,
        False, False, False, False, False, False, False,  True,  True, False,
         True, False, False,  True, False, False,  True, False, False, False,
        False,  True, False, False,  True, False, False, False, False, False,
        False, False, False, False, False, False,  True, False, False, False,
        False,  True, False, False, False, False, False,  True,  True,  True,
        False,  True, False, False, False,  True, False, False, False,  True,
        False, False,  True, False, False,  True, False, False, False, False,
        False,  True, False, False, False,  True, False, False, False, False,
        False,  True, False, False,  True,  True, False,  True, False, False,
        False, False, False, False, False, False, False, False, False,  True,
        False, False, False, False,  True, False, False, False, False, False,
        False,  True, False,  True, False, False, False, False, False,  True,
        False,  True,  True, False, False,  True, False,  True, False, False,
        False,  True, False,  True,  True, False,  True, False,  True, False,
         True, False,  True, False, False, False,  True, False, False, False,
        False, False, False, False, False,  True, False,  True, False,  True,
        False, False,  True,  True,  True, False, False, False, False,  True,
         True, False, False, False,  True,  True,  True, False, False, False,
         True, False, False, False, False,  True, False, False, False, False,
        False, False,  True, False, False,  True, False, False, False,  True,
         True,  True,  True, False,  True,  True,  True, False,  True,  True,
         True, False, False, False,  True, False,  True, False, False, False,
         True, False, False, False,  True, False, False, False, False,  True,
        False,  True, False,  True,  True, False, False, False, False, False,
         True, False, False, False, False, False, False, False,  True, False,
         True, False, False,  True, False, False,  True,  True,  True,  True,
        False, False, False, False, False, False,  True, False,  True,  True,
        False, False, False, False, False, False,  True, False,  True, False,
        False, False, False, False,  True,  True, False,  True, False, False,
         True, False, False, False, False, False, False, False,  True, False,
        False, False, False,  True, False,  True, False, False, False,  True,
        False,  True,  True, False,  True,  True,  True,  True, False,  True,
         True, False, False,  True,  True,  True, False, False, False, False,
         True, False, False, False, False, False])
8---train=0.1283877193927765,test=0.12617327272891998
权重更新前[Parameter containing:
tensor([[ 2.4922,  0.2698,  1.0918,  1.2455,  0.9289,  0.7418,  1.1638,  1.8260,
          1.6627, -0.5124],
        [ 1.5543,  3.0860,  1.5307,  2.0329,  2.3423,  2.1702,  1.8961,  1.8671,
          2.5516,  0.7953],
        [-2.8395, -2.8484, -2.2802, -2.5687, -3.4060, -2.2660, -2.3428, -2.2053,
         -2.9057, -2.2619],
        [-3.2665, -2.3817, -1.1552, -1.8907, -2.6661, -1.1713, -2.1953, -2.6392,
         -2.4668, -3.2036],
        [-1.6646, -1.8592,  0.6157,  1.0483,  0.8045,  0.6289, -0.4282,  0.4381,
          0.2607, -1.8351],
        [-2.8215, -2.5668, -1.2238, -1.9001, -2.2418, -1.5929, -2.3480, -2.0882,
         -1.2067, -2.8948],
        [-1.8826, -3.1178,  0.4787,  0.2092, -0.9303,  0.2300, -0.0815, -0.3839,
         -0.2657, -2.4470],
        [-2.2469, -2.8748,  0.0182,  0.1964, -1.5974, -0.0179, -0.9276, -0.2113,
         -0.2446, -2.5194],
        [-3.1317, -2.8600, -2.7046, -1.3732, -2.4136, -2.2629, -2.8206, -3.3706,
         -1.8631, -3.0602],
        [ 1.6631,  1.2579,  1.8213,  1.0095,  1.7951,  1.7217,  2.0035,  1.5007,
          1.4225,  3.2785]], requires_grad=True)]
Epoch 9: 内层更新后权重 = [tensor([[ 2.5634e+00,  3.4469e-01,  1.1056e+00,  1.2321e+00,  9.2763e-01,
          7.4078e-01,  1.2359e+00,  1.8716e+00,  1.6864e+00, -4.6014e-01],
        [ 1.5501e+00,  3.1381e+00,  1.6146e+00,  2.1413e+00,  2.4017e+00,
          2.2331e+00,  1.9147e+00,  1.8120e+00,  2.6592e+00,  8.6454e-01],
        [-2.9060e+00, -2.9670e+00, -2.4115e+00, -2.6868e+00, -3.4943e+00,
         -2.4110e+00, -2.5059e+00, -2.3335e+00, -3.0018e+00, -2.3770e+00],
        [-3.3588e+00, -2.5216e+00, -1.1532e+00, -1.8886e+00, -2.8191e+00,
         -1.1339e+00, -2.2837e+00, -2.7439e+00, -2.5960e+00, -3.2972e+00],
        [-1.5917e+00, -1.8741e+00,  6.5479e-01,  1.1182e+00,  8.1379e-01,
          6.4757e-01, -3.9759e-01,  4.2397e-01,  2.4533e-01, -1.8177e+00],
        [-2.9369e+00, -2.6932e+00, -1.1498e+00, -2.0121e+00, -2.2367e+00,
         -1.5539e+00, -2.3590e+00, -2.0965e+00, -1.1619e+00, -3.0186e+00],
        [-1.8297e+00, -3.1825e+00,  5.5187e-01,  2.1558e-01, -8.8533e-01,
          1.9805e-01, -2.7293e-02, -4.4486e-01, -2.1619e-01, -2.5277e+00],
        [-2.2956e+00, -2.9157e+00,  8.2215e-02,  1.9263e-01, -1.5043e+00,
          3.1065e-03, -8.7031e-01, -9.2812e-02, -1.5182e-01, -2.6130e+00],
        [-3.2250e+00, -2.9544e+00, -2.7947e+00, -1.3292e+00, -2.5158e+00,
         -2.3899e+00, -2.9547e+00, -3.4678e+00, -1.8909e+00, -3.1492e+00],
        [ 1.6216e+00,  1.2152e+00,  1.7439e+00,  9.6236e-01,  1.7498e+00,
          1.7403e+00,  1.9512e+00,  1.5794e+00,  1.3419e+00,  3.2496e+00]])]
Epoch 9: 外层更新后权重 = [tensor([[ 2.5634e+00,  3.4469e-01,  1.1056e+00,  1.2321e+00,  9.2763e-01,
          7.4078e-01,  1.2359e+00,  1.8716e+00,  1.6864e+00, -4.6014e-01],
        [ 1.5501e+00,  3.1381e+00,  1.6146e+00,  2.1413e+00,  2.4017e+00,
          2.2331e+00,  1.9147e+00,  1.8120e+00,  2.6592e+00,  8.6454e-01],
        [-2.9060e+00, -2.9670e+00, -2.4115e+00, -2.6868e+00, -3.4943e+00,
         -2.4110e+00, -2.5059e+00, -2.3335e+00, -3.0018e+00, -2.3770e+00],
        [-3.3588e+00, -2.5216e+00, -1.1532e+00, -1.8886e+00, -2.8191e+00,
         -1.1339e+00, -2.2837e+00, -2.7439e+00, -2.5960e+00, -3.2972e+00],
        [-1.5917e+00, -1.8741e+00,  6.5479e-01,  1.1182e+00,  8.1379e-01,
          6.4757e-01, -3.9759e-01,  4.2397e-01,  2.4533e-01, -1.8177e+00],
        [-2.9369e+00, -2.6932e+00, -1.1498e+00, -2.0121e+00, -2.2367e+00,
         -1.5539e+00, -2.3590e+00, -2.0965e+00, -1.1619e+00, -3.0186e+00],
        [-1.8297e+00, -3.1825e+00,  5.5187e-01,  2.1558e-01, -8.8533e-01,
          1.9805e-01, -2.7293e-02, -4.4486e-01, -2.1619e-01, -2.5277e+00],
        [-2.2956e+00, -2.9157e+00,  8.2215e-02,  1.9263e-01, -1.5043e+00,
          3.1065e-03, -8.7031e-01, -9.2812e-02, -1.5182e-01, -2.6130e+00],
        [-3.2250e+00, -2.9544e+00, -2.7947e+00, -1.3292e+00, -2.5158e+00,
         -2.3899e+00, -2.9547e+00, -3.4678e+00, -1.8909e+00, -3.1492e+00],
        [ 1.6216e+00,  1.2152e+00,  1.7439e+00,  9.6236e-01,  1.7498e+00,
          1.7403e+00,  1.9512e+00,  1.5794e+00,  1.3419e+00,  3.2496e+00]])]
counts:0.33261802575107297,comparison:tensor([False, False, False,  True,  True,  True, False, False, False,  True,
         True, False,  True, False, False, False, False,  True,  True, False,
         True,  True, False, False, False,  True,  True, False,  True, False,
         True,  True, False, False, False, False,  True, False,  True, False,
         True, False,  True, False, False,  True, False,  True,  True,  True,
         True, False, False, False, False, False, False,  True, False,  True,
         True, False, False, False, False, False, False, False, False,  True,
        False, False, False, False, False, False,  True,  True,  True, False,
         True, False, False, False, False, False, False, False, False,  True,
         True, False, False, False,  True, False, False, False, False, False,
         True, False,  True,  True, False, False,  True, False, False, False,
         True, False,  True, False,  True,  True,  True,  True, False, False,
         True, False,  True, False, False,  True, False, False, False, False,
        False, False, False, False, False, False, False,  True, False, False,
         True, False, False,  True, False, False,  True, False, False, False,
        False,  True, False, False,  True, False, False, False, False, False,
        False, False, False, False, False, False,  True, False, False, False,
        False,  True, False, False, False, False, False,  True, False,  True,
         True,  True, False, False, False,  True, False, False, False,  True,
        False, False,  True, False, False,  True, False, False, False, False,
        False,  True,  True, False, False,  True, False, False, False, False,
        False, False, False, False,  True,  True, False,  True, False, False,
        False, False, False, False, False, False, False, False, False,  True,
        False, False, False, False, False, False, False, False, False, False,
        False,  True, False,  True, False, False, False, False, False,  True,
        False,  True,  True, False, False,  True, False,  True, False, False,
        False,  True, False,  True,  True, False,  True, False,  True, False,
         True, False,  True, False, False, False,  True, False,  True, False,
        False, False, False, False, False,  True, False,  True, False,  True,
        False, False,  True,  True,  True, False, False, False, False,  True,
         True, False, False, False,  True,  True,  True, False, False, False,
         True, False, False, False, False,  True, False, False, False, False,
        False, False,  True, False, False,  True, False, False, False,  True,
         True,  True,  True, False,  True,  True,  True,  True,  True, False,
         True, False, False, False,  True, False,  True, False, False, False,
         True, False, False, False,  True, False, False, False, False,  True,
        False,  True, False,  True,  True, False, False, False, False, False,
         True, False, False, False,  True, False, False, False,  True, False,
         True, False, False,  True, False, False,  True,  True,  True,  True,
        False, False, False, False, False, False,  True, False,  True,  True,
        False, False, False, False, False, False,  True, False,  True, False,
        False, False, False, False,  True,  True, False,  True, False, False,
         True, False, False, False, False, False, False, False,  True, False,
        False, False, False,  True, False,  True, False, False, False,  True,
        False,  True,  True, False,  True,  True,  True,  True, False,  True,
         True,  True, False,  True,  True,  True, False, False, False, False,
         True, False, False, False, False, False])
9---train=0.12691201269626617,test=0.12483803182840347
