0.1 0.5 0 0 0.0
··
··
··
··
··
··
··
··
··
··
··0.08326318879602924
0.15 0.5 0 0 0.0
··
··
··
··
··
··
··
··
··
··
··0.05649303019612961
0.2 0.5 0 0 0.0
··
··
··
··
··
··
··
··
··
··
··0.10946813186158993
0.1 0.5 0 0 0.0
··
··
··
··
··
··
··
··
··
··
··0.08761420577214026
0.15 0.5 0 0 0.0
··
··
··
··
··
··
··
··
··
··
··0.07059189447459842
0.2 0.5 0 0 0.0
··
··
··
··
··
··
··
··
··
··
··0.05493079617315558
0.1 0.5 0 0 0.0
··
··
··
··
··
··
··
··
··
··
··0.08126868465879486
0.15 0.5 0 0 0.0
··
··
··
··
··
··
··
··
··
··
··0.05569829056195471
0.2 0.5 0 0 0.0
··
··
··
··
··
··
··
··
··
··
··0.08908052803414375
0.1 0.5 0 0 0.0
··
··
··
··
··
··
··
··
··
··
··0.0774665042024791
0.15 0.5 0 0 0.0
··
··
··
··
··
··
··
··
··
··
··0.07040045877561181
0.2 0.5 0 0 0.0
··
··
··
··
··
··
··
··
··
··
··0.06327948387652094
0.1 0.5 0 0 0.0
··
··
··
··
··
··
··
··
··
··
··0.05062699122876294
0.15 0.5 0 0 0.0
··
··
··
··
··
··
··
··
··
··
··0.07371800425784689
0.2 0.5 0 0 0.0
··
··
··
··
··
··
··
··
··
··
··0.09398242570233191
0.1 0.5 0 0 0.0
··
··
··
··
··
··
··
··
··
··
··0.06251546617990475
0.15 0.5 0 0 0.0
··
··
··
··
··
··
··
··
··
··
··0.07738090233916138
0.2 0.5 0 0 0.0
··
··
··
··
··
··
··
··
··
··
··0.027795747749541026
0.1 0.5 0 0 0.0
··
··
··
··
··
··
··
··
··
··
··0.07662791078320713
0.15 0.5 0 0 0.0
··
··
··
··
··
··
··
··
··
··
··0.06852574902432845
0.2 0.5 0 0 0.0
··
··
··
··
··
··
··
··
··
··
··0.06935587720665473
0.1 0.5 0 0 0.0
··
··
··
··
··
··
··
··
··
··
··0.06946524044763923
0.15 0.5 0 0 0.0
··
··
··
··
··
··
··
··
··
··
··0.08301548873719237
0.2 0.5 0 0 0.0
··
··
··
··
··
··
··
··
··
··
··0.026979179008161897
0.1 0.5 0 0 0.0
··
··
··
··
··
··
··
··
··
··
··0.046767052359612565
0.15 0.5 0 0 0.0
··
··
··
··
··
··
··
··
··
··
··0.0995851703577479
0.2 0.5 0 0 0.0
··
··
··
··
··
··
··
··
··
··
··0.08607497646703638
0.1 0.5 0 0 0.0
··
··
··
··
··
··
··
··
··
··
··0.07429294078052012
0.15 0.5 0 0 0.0
··
··
··
··
··
··
··
··
··
··
··0.049763333424166424
0.2 0.5 0 0 0.0
··
··
··
··
··
··
··
··
··
··
··0.08937518863681393
0.1 0.5 0 0 0.0
··
··
··
··
··
··
··
··
··
··
··0.07963350588934688
0.1 0.75 0 0 0.0
··
··
··
··
··
··
··
··
··
··
··0.061785712296784784
0.1 1 0 0 0.0
··
··
··
··
··
··
··
··
··
··
··0.05122329138857807
0.1 0.5 0 0 0.0
··
··
··
··
··
··
··
··
··
··
··0.06830575453131973
0.1 0.75 0 0 0.0
··
··
··
··
··
··
··
··
··
··
··0.0824180735194319
0.1 1 0 0 0.0
··
··
··
··
··
··
··
··
··
··
··0.08454635812102955
0.1 0.5 0 0 0.0
··
··
··
··
··
··
··
··
··
··
··0.05755016768906076
0.1 0.75 0 0 0.0
··
··
··
··
··
··
··
··
··
··
··0.07836574372429363
0.1 1 0 0 0.0
··
··
··
··
··
··
··
··
··
··
··0.07681121820996731
0.1 0.5 0 0 0.0
··
··
··
··
··
··
··
··
··
··
··0.07290866264939287
0.1 0.75 0 0 0.0
··
··
··
··
··
··
··
··
··
··
··0.08126787596803901
0.1 1 0 0 0.0
··
··
··
··
··
··
··
··
··
··
··0.06570071821372911
0.1 0.5 0 0 0.0
··
··
··
··
··
··
··
··
··
··
··0.07572203067856403
0.1 0.75 0 0 0.0
··
··
··
··
··
··
··
··
··
··
··0.09027212134753969
0.1 1 0 0 0.0
··
··
··
··
··
··
··
··
··
··
··0.05817370800542601
0.1 0.5 0 0 0.0
··
··
··
··
··
··
··
··
··
··
··0.04018493169143526
0.1 0.75 0 0 0.0
··
··
··
··
··
··
··
··
··
··
··0.08010615315300665
0.1 1 0 0 0.0
··
··
··
··
··
··
··
··
··
··
··0.08207063821535919
0.1 0.5 0 0 0.0
··
··
··
··
··
··
··
··
··
··
··0.05473895931978187
0.1 0.75 0 0 0.0
··
··
··
··
··
··
··
··
··
··
··0.09345876344462534
0.1 1 0 0 0.0
··
··
··
··
··
··
··
··
··
··
··0.09030714857094661
0.1 0.5 0 0 0.0
··
··
··
··
··
··
··
··
··
··
··0.06426900753533951
0.1 0.75 0 0 0.0
··
··
··
··
··
··
··
··
··
··
··0.05474011107937993
0.1 1 0 0 0.0
··
··
··
··
··
··
··
··
··
··
··0.06390587281735677
0.1 0.5 0 0 0.0
··
··
··
··
··
··
··
··
··
··
··0.06666122210375154
0.1 0.75 0 0 0.0
··
··
··
··
··
··
··
··
··
··
··0.08017585570366634
0.1 1 0 0 0.0
··
··
··
··
··
··
··
··
··
··
··0.08492314281231667
0.1 0.5 0 0 0.0
··
··
··
··
··
··
··
··
··
··
··0.08709263963644306
0.1 0.75 0 0 0.0
··
··
··
··
··
··
··
··
··
··
··0.05449115164390698
0.1 1 0 0 0.0
··
··
··
··
··
··
··
··
··
··
··0.049743783470146206
0.1 0.5 0.1 0 0.0
··
··
··
··
··
··
··
··
··
··
··0.07317797992522564
0.1 0.5 1 0 0.0
··
··
··
··
··
··
··
··
··
··
··0.09162420438015159
0.1 0.5 2 0 0.0
··
··
··
··
··
··
··
··
··
··
··0.08754911933713802
0.1 0.5 0.1 0 0.0
··
··
··
··
··
··
··
··
··
··
··0.05994842190717402
0.1 0.5 1 0 0.0
··
··
··
··
··
··
··
··
··
··
··0.049259919579036186
0.1 0.5 2 0 0.0
··
··
··
··
··
··
··
··
··
··
··0.04247430493106925
0.1 0.5 0.1 0 0.0
··
··
··
··
··
··
··
··
··
··
··0.08715555538451313
0.1 0.5 1 0 0.0
··
··
··
··
··
··
··
··
··
··
··0.07893952053184598
0.1 0.5 2 0 0.0
··
··
··
··
··
··
··
··
··
··
··0.07298730505457245
0.1 0.5 0.1 0 0.0
··
··
··
··
··
··
··
··
··
··
··0.0958880664423947
0.1 0.5 1 0 0.0
··
··
··
··
··
··
··
··
··
··
··0.07979280441005797
0.1 0.5 2 0 0.0
··
··
··
··
··
··
··
··
··
··
··0.07726689544464424
0.1 0.5 0.1 0 0.0
··
··
··
··
··
··
··
··
··
··
··0.06237472120779916
0.1 0.5 1 0 0.0
··
··
··
··
··
··
··
··
··
··
··0.07779938707925534
0.1 0.5 2 0 0.0
··
··
··
··
··
··
··
··
··
··
··0.07707774787485547
0.1 0.5 0.1 0 0.0
··
··
··
··
··
··
··
··
··
··
··0.0852808113373403
0.1 0.5 1 0 0.0
··
··
··
··
··
··
··
··
··
··
··0.053394222963428724
0.1 0.5 2 0 0.0
··
··
··
··
··
··
··
··
··
··
··0.07253594236925595
0.1 0.5 0.1 0 0.0
··
··
··
··
··
··
··
··
··
··
··0.07059946235046871
0.1 0.5 1 0 0.0
··
··
··
··
··
··
··
··
··
··
··0.0763705193686808
0.1 0.5 2 0 0.0
··
··
··
··
··
··
··
··
··
··
··0.06708662601796515
0.1 0.5 0.1 0 0.0
··
··
··
··
··
··
··
··
··
··
··0.05541855850813359
0.1 0.5 1 0 0.0
··
··
··
··
··
··
··
··
··
··
··0.08478372541183414
0.1 0.5 2 0 0.0
··
··
··
··
··
··
··
··
··
··
··0.08290088907608559
0.1 0.5 0.1 0 0.0
··
··
··
··
··
··
··
··
··
··
··0.08302622401082158
0.1 0.5 1 0 0.0
··
··
··
··
··
··
··
··
··
··
··0.07767265207303041
0.1 0.5 2 0 0.0
··
··
··
··
··
··
··
··
··
··
··0.0771434831096039
0.1 0.5 0.1 0 0.0
··
··
··
··
··
··
··
··
··
··
··0.03830018058680973
0.1 0.5 1 0 0.0
··
··
··
··
··
··
··
··
··
··
··0.07173970627970751
0.1 0.5 2 0 0.0
··
··
··
··
··
··
··
··
··
··
··0.032308383940569806
结束1
